#
# There is insufficient memory for the Java Runtime Environment to continue.
# Native memory allocation (malloc) failed to allocate 1128352 bytes. Error detail: Chunk::new
# Possible reasons:
#   The system is out of physical RAM or swap space
#   This process is running with CompressedOops enabled, and the Java Heap may be blocking the growth of the native heap
# Possible solutions:
#   Reduce memory load on the system
#   Increase physical memory or swap space
#   Check if swap backing store is full
#   Decrease Java heap size (-Xmx/-Xms)
#   Decrease number of Java threads
#   Decrease Java thread stack sizes (-Xss)
#   Set larger code cache with -XX:ReservedCodeCacheSize=
#   JVM is running with Zero Based Compressed Oops mode in which the Java heap is
#     placed in the first 32GB address space. The Java Heap base address is the
#     maximum limit for the native heap growth. Please use -XX:HeapBaseMinAddress
#     to set the Java Heap base and to place the Java Heap above 32GB virtual address.
# This output file may be truncated or incomplete.
#
#  Out of Memory Error (arena.cpp:168), pid=18652, tid=32572
#
# JRE version: OpenJDK Runtime Environment Temurin-21.0.10+7 (21.0.10+7) (build 21.0.10+7-LTS)
# Java VM: OpenJDK 64-Bit Server VM Temurin-21.0.10+7 (21.0.10+7-LTS, mixed mode, sharing, tiered, compressed oops, compressed class ptrs, g1 gc, windows-amd64)
# No core dump will be written. Minidumps are not enabled by default on client versions of Windows
#

---------------  S U M M A R Y ------------

Command Line: --add-opens=java.base/java.lang=ALL-UNNAMED --add-opens=java.base/java.lang.invoke=ALL-UNNAMED --add-opens=java.base/java.util=ALL-UNNAMED --add-opens=java.prefs/java.util.prefs=ALL-UNNAMED --add-exports=jdk.compiler/com.sun.tools.javac.api=ALL-UNNAMED --add-exports=jdk.compiler/com.sun.tools.javac.util=ALL-UNNAMED --add-opens=java.base/java.util=ALL-UNNAMED --add-opens=java.prefs/java.util.prefs=ALL-UNNAMED --add-opens=java.base/java.nio.charset=ALL-UNNAMED --add-opens=java.base/java.net=ALL-UNNAMED --add-opens=java.base/java.util.concurrent.atomic=ALL-UNNAMED --add-opens=java.xml/javax.xml.namespace=ALL-UNNAMED -XX:MaxMetaspaceSize=4G -XX:ReservedCodeCacheSize=512m -XX:+HeapDumpOnOutOfMemoryError -Xmx8G -Dfile.encoding=UTF-8 -Duser.country=US -Duser.language=en -Duser.variant -javaagent:C:\Users\sohai\.gradle\wrapper\dists\gradle-8.14-all\c2qonpi39x1mddn7hk5gh9iqj\gradle-8.14\lib\agents\gradle-instrumentation-agent-8.14.jar org.gradle.launcher.daemon.bootstrap.GradleDaemon 8.14

Host: AMD Ryzen 5 7535HS with Radeon Graphics        , 12 cores, 7G,  Windows 11 , 64 bit Build 26100 (10.0.26100.7920)
Time: Wed Apr 29 14:47:31 2026 Egypt Daylight Time elapsed time: 23.839642 seconds (0d 0h 0m 23s)

---------------  T H R E A D  ---------------

Current thread (0x00000224270040f0):  JavaThread "C2 CompilerThread0" daemon [_thread_in_native, id=32572, stack(0x0000009314800000,0x0000009314900000) (1024K)]


Current CompileTask:
C2:23840 6617   !   4       com.google.common.reflect.TypeVisitor::visit (225 bytes)

Stack: [0x0000009314800000,0x0000009314900000]
Native frames: (J=compiled Java code, j=interpreted, Vv=VM code, C=native code)
V  [jvm.dll+0x6d7a39]
V  [jvm.dll+0x8b4b26]
V  [jvm.dll+0x8b70de]
V  [jvm.dll+0x8b77c3]
V  [jvm.dll+0x284346]
V  [jvm.dll+0xc66ed]
V  [jvm.dll+0xc6c31]
V  [jvm.dll+0x3bec3b]
V  [jvm.dll+0x38b162]
V  [jvm.dll+0x38a5aa]
V  [jvm.dll+0x24c560]
V  [jvm.dll+0x24bb40]
V  [jvm.dll+0x1cb34e]
V  [jvm.dll+0x25b85d]
V  [jvm.dll+0x259dea]
V  [jvm.dll+0x3f857e]
V  [jvm.dll+0x85f59d]
V  [jvm.dll+0x6d626d]
C  [ucrtbase.dll+0x37b0]
C  [KERNEL32.DLL+0x2e8d7]
C  [ntdll.dll+0x8c48c]


---------------  P R O C E S S  ---------------

Threads class SMR info:
_java_thread_list=0x00000224294d6d10, length=69, elements={
0x00000223b1691490, 0x00000223df1c4350, 0x00000223df1c5ad0, 0x00000223df1d0860,
0x00000223df1ca570, 0x00000223df1d4120, 0x00000223df1d9d80, 0x00000224270040f0,
0x0000022427007710, 0x00000224271b9820, 0x0000022427315790, 0x0000022428b31d40,
0x0000022428b7e470, 0x0000022427e147f0, 0x000002242753a570, 0x00000224276c5840,
0x0000022427df1190, 0x0000022427708150, 0x00000224277087e0, 0x0000022427707430,
0x0000022427707ac0, 0x0000022427708e70, 0x0000022427706710, 0x0000022427709500,
0x0000022427706da0, 0x000002242b5dd300, 0x000002242b5da510, 0x000002242b5d9e80,
0x000002242b5dcc70, 0x000002242b5db8c0, 0x000002242b5dc5e0, 0x000002242b5daba0,
0x000002242b5df3d0, 0x000002242b5dbf50, 0x000002242b5e00f0, 0x000002242c70c110,
0x000002242c70db50, 0x000002242c70e1e0, 0x000002242c70fc20, 0x000002242c70ce30,
0x000002242c70c7a0, 0x000002242c7102b0, 0x000002242c70e870, 0x000002242c70d4c0,
0x000002242c710fd0, 0x000002242c70f590, 0x000002242c710940, 0x000002242c711660,
0x000002242c70ef00, 0x000002242c711cf0, 0x000002242c713730, 0x000002242c712380,
0x000002242c712a10, 0x000002242c7130a0, 0x00000224281754d0, 0x0000022428173a90,
0x00000224281747b0, 0x0000022428173400, 0x0000022428174e40, 0x0000022428172050,
0x0000022428175b60, 0x0000022428174120, 0x00000224281726e0, 0x00000224281761f0,
0x0000022428172d70, 0x0000022428178fe0, 0x0000022428176880, 0x0000022428178950,
0x0000022428176f10
}

Java Threads: ( => current thread )
  0x00000223b1691490 JavaThread "main"                              [_thread_blocked, id=28208, stack(0x0000009313a00000,0x0000009313b00000) (1024K)]
  0x00000223df1c4350 JavaThread "Reference Handler"          daemon [_thread_blocked, id=26092, stack(0x0000009314200000,0x0000009314300000) (1024K)]
  0x00000223df1c5ad0 JavaThread "Finalizer"                  daemon [_thread_blocked, id=31364, stack(0x0000009314300000,0x0000009314400000) (1024K)]
  0x00000223df1d0860 JavaThread "Signal Dispatcher"          daemon [_thread_blocked, id=33684, stack(0x0000009314400000,0x0000009314500000) (1024K)]
  0x00000223df1ca570 JavaThread "Attach Listener"            daemon [_thread_blocked, id=33708, stack(0x0000009314500000,0x0000009314600000) (1024K)]
  0x00000223df1d4120 JavaThread "Service Thread"             daemon [_thread_blocked, id=16908, stack(0x0000009314600000,0x0000009314700000) (1024K)]
  0x00000223df1d9d80 JavaThread "Monitor Deflation Thread"   daemon [_thread_blocked, id=372, stack(0x0000009314700000,0x0000009314800000) (1024K)]
=>0x00000224270040f0 JavaThread "C2 CompilerThread0"         daemon [_thread_in_native, id=32572, stack(0x0000009314800000,0x0000009314900000) (1024K)]
  0x0000022427007710 JavaThread "C1 CompilerThread0"         daemon [_thread_blocked, id=30964, stack(0x0000009314900000,0x0000009314a00000) (1024K)]
  0x00000224271b9820 JavaThread "Common-Cleaner"             daemon [_thread_blocked, id=33132, stack(0x0000009314a00000,0x0000009314b00000) (1024K)]
  0x0000022427315790 JavaThread "Notification Thread"        daemon [_thread_blocked, id=26712, stack(0x0000009314b00000,0x0000009314c00000) (1024K)]
  0x0000022428b31d40 JavaThread "Daemon health stats"               [_thread_blocked, id=26348, stack(0x0000009315400000,0x0000009315500000) (1024K)]
  0x0000022428b7e470 JavaThread "Incoming local TCP Connector on port 62075"        [_thread_in_native, id=29692, stack(0x0000009315500000,0x0000009315600000) (1024K)]
  0x0000022427e147f0 JavaThread "Daemon periodic checks"            [_thread_blocked, id=16184, stack(0x0000009315600000,0x0000009315700000) (1024K)]
  0x000002242753a570 JavaThread "Daemon"                            [_thread_blocked, id=11484, stack(0x0000009315700000,0x0000009315800000) (1024K)]
  0x00000224276c5840 JavaThread "Handler for socket connection from /127.0.0.1:62075 to /127.0.0.1:62076"        [_thread_in_native, id=23988, stack(0x0000009315800000,0x0000009315900000) (1024K)]
  0x0000022427df1190 JavaThread "Cancel handler"                    [_thread_blocked, id=11136, stack(0x0000009315900000,0x0000009315a00000) (1024K)]
  0x0000022427708150 JavaThread "Daemon worker"                     [_thread_blocked, id=1196, stack(0x0000009315a00000,0x0000009315b00000) (1024K)]
  0x00000224277087e0 JavaThread "Asynchronous log dispatcher for DefaultDaemonConnection: socket connection from /127.0.0.1:62075 to /127.0.0.1:62076"        [_thread_blocked, id=23960, stack(0x0000009315b00000,0x0000009315c00000) (1024K)]
  0x0000022427707430 JavaThread "Stdin handler"                     [_thread_blocked, id=11148, stack(0x0000009315c00000,0x0000009315d00000) (1024K)]
  0x0000022427707ac0 JavaThread "Daemon client event forwarder"        [_thread_blocked, id=27140, stack(0x0000009315d00000,0x0000009315e00000) (1024K)]
  0x0000022427708e70 JavaThread "Cache worker for journal cache (C:\Users\sohai\.gradle\caches\journal-1)"        [_thread_blocked, id=33024, stack(0x0000009315e00000,0x0000009315f00000) (1024K)]
  0x0000022427706710 JavaThread "File lock request listener"        [_thread_in_native, id=22612, stack(0x0000009315f00000,0x0000009316000000) (1024K)]
  0x0000022427709500 JavaThread "Cache worker for file hash cache (C:\Users\sohai\.gradle\caches\8.14\fileHashes)"        [_thread_blocked, id=22752, stack(0x0000009316000000,0x0000009316100000) (1024K)]
  0x0000022427706da0 JavaThread "Cache worker for file hash cache (C:\src\3elty\flutter_application_1\android\.gradle\8.14\fileHashes)"        [_thread_blocked, id=28748, stack(0x0000009316500000,0x0000009316600000) (1024K)]
  0x000002242b5dd300 JavaThread "Cache worker for Build Output Cleanup Cache (C:\src\3elty\flutter_application_1\android\.gradle\buildOutputCleanup)"        [_thread_blocked, id=11788, stack(0x0000009316600000,0x0000009316700000) (1024K)]
  0x000002242b5da510 JavaThread "File watcher server"        daemon [_thread_in_native, id=30244, stack(0x0000009316700000,0x0000009316800000) (1024K)]
  0x000002242b5d9e80 JavaThread "File watcher consumer"      daemon [_thread_blocked, id=22092, stack(0x0000009316800000,0x0000009316900000) (1024K)]
  0x000002242b5dcc70 JavaThread "jar transforms"                    [_thread_blocked, id=6576, stack(0x0000009316900000,0x0000009316a00000) (1024K)]
  0x000002242b5db8c0 JavaThread "jar transforms Thread 2"           [_thread_blocked, id=28984, stack(0x0000009316a00000,0x0000009316b00000) (1024K)]
  0x000002242b5dc5e0 JavaThread "Cache worker for checksums cache (C:\src\3elty\flutter_application_1\android\.gradle\8.14\checksums)"        [_thread_blocked, id=23288, stack(0x0000009316c00000,0x0000009316d00000) (1024K)]
  0x000002242b5daba0 JavaThread "Cache worker for file content cache (C:\Users\sohai\.gradle\caches\8.14\fileContent)"        [_thread_blocked, id=27504, stack(0x0000009316d00000,0x0000009316e00000) (1024K)]
  0x000002242b5df3d0 JavaThread "Cache worker for cache directory md-supplier (C:\Users\sohai\.gradle\caches\8.14\md-supplier)"        [_thread_blocked, id=29944, stack(0x0000009316e00000,0x0000009316f00000) (1024K)]
  0x000002242b5dbf50 JavaThread "Cache worker for cache directory md-rule (C:\Users\sohai\.gradle\caches\8.14\md-rule)"        [_thread_blocked, id=11168, stack(0x0000009316b00000,0x0000009316c00000) (1024K)]
  0x000002242b5e00f0 JavaThread "Cache worker for Build Output Cleanup Cache (C:\flutter\packages\flutter_tools\gradle\.gradle\buildOutputCleanup)"        [_thread_blocked, id=25560, stack(0x0000009316f00000,0x0000009317000000) (1024K)]
  0x000002242c70c110 JavaThread "Unconstrained build operations"        [_thread_blocked, id=17244, stack(0x0000009317100000,0x0000009317200000) (1024K)]
  0x000002242c70db50 JavaThread "Unconstrained build operations Thread 2"        [_thread_blocked, id=13584, stack(0x0000009317200000,0x0000009317300000) (1024K)]
  0x000002242c70e1e0 JavaThread "Unconstrained build operations Thread 3"        [_thread_blocked, id=27316, stack(0x0000009317300000,0x0000009317400000) (1024K)]
  0x000002242c70fc20 JavaThread "Unconstrained build operations Thread 4"        [_thread_blocked, id=18660, stack(0x0000009317400000,0x0000009317500000) (1024K)]
  0x000002242c70ce30 JavaThread "Unconstrained build operations Thread 5"        [_thread_blocked, id=32296, stack(0x0000009317500000,0x0000009317600000) (1024K)]
  0x000002242c70c7a0 JavaThread "Unconstrained build operations Thread 6"        [_thread_blocked, id=22136, stack(0x0000009317000000,0x0000009317100000) (1024K)]
  0x000002242c7102b0 JavaThread "Unconstrained build operations Thread 7"        [_thread_blocked, id=28856, stack(0x0000009316400000,0x0000009316500000) (1024K)]
  0x000002242c70e870 JavaThread "Unconstrained build operations Thread 8"        [_thread_blocked, id=33208, stack(0x0000009317600000,0x0000009317700000) (1024K)]
  0x000002242c70d4c0 JavaThread "Unconstrained build operations Thread 9"        [_thread_blocked, id=32464, stack(0x0000009317700000,0x0000009317800000) (1024K)]
  0x000002242c710fd0 JavaThread "Unconstrained build operations Thread 10"        [_thread_blocked, id=12224, stack(0x0000009317800000,0x0000009317900000) (1024K)]
  0x000002242c70f590 JavaThread "Unconstrained build operations Thread 11"        [_thread_blocked, id=33160, stack(0x0000009317900000,0x0000009317a00000) (1024K)]
  0x000002242c710940 JavaThread "Unconstrained build operations Thread 12"        [_thread_blocked, id=29328, stack(0x0000009317a00000,0x0000009317b00000) (1024K)]
  0x000002242c711660 JavaThread "Unconstrained build operations Thread 13"        [_thread_blocked, id=31784, stack(0x0000009317b00000,0x0000009317c00000) (1024K)]
  0x000002242c70ef00 JavaThread "Unconstrained build operations Thread 14"        [_thread_blocked, id=14576, stack(0x0000009317c00000,0x0000009317d00000) (1024K)]
  0x000002242c711cf0 JavaThread "Unconstrained build operations Thread 15"        [_thread_blocked, id=29836, stack(0x0000009317d00000,0x0000009317e00000) (1024K)]
  0x000002242c713730 JavaThread "Unconstrained build operations Thread 16"        [_thread_blocked, id=27144, stack(0x0000009317e00000,0x0000009317f00000) (1024K)]
  0x000002242c712380 JavaThread "Unconstrained build operations Thread 17"        [_thread_blocked, id=28928, stack(0x0000009317f00000,0x0000009318000000) (1024K)]
  0x000002242c712a10 JavaThread "Unconstrained build operations Thread 18"        [_thread_blocked, id=33028, stack(0x0000009318000000,0x0000009318100000) (1024K)]
  0x000002242c7130a0 JavaThread "Unconstrained build operations Thread 19"        [_thread_blocked, id=29412, stack(0x0000009318100000,0x0000009318200000) (1024K)]
  0x00000224281754d0 JavaThread "Unconstrained build operations Thread 20"        [_thread_blocked, id=16792, stack(0x0000009318200000,0x0000009318300000) (1024K)]
  0x0000022428173a90 JavaThread "Unconstrained build operations Thread 21"        [_thread_blocked, id=26612, stack(0x0000009318300000,0x0000009318400000) (1024K)]
  0x00000224281747b0 JavaThread "Unconstrained build operations Thread 22"        [_thread_blocked, id=22656, stack(0x0000009318400000,0x0000009318500000) (1024K)]
  0x0000022428173400 JavaThread "Unconstrained build operations Thread 23"        [_thread_blocked, id=30296, stack(0x0000009318600000,0x0000009318700000) (1024K)]
  0x0000022428174e40 JavaThread "Unconstrained build operations Thread 24"        [_thread_blocked, id=27948, stack(0x0000009318700000,0x0000009318800000) (1024K)]
  0x0000022428172050 JavaThread "Unconstrained build operations Thread 25"        [_thread_blocked, id=19792, stack(0x0000009318800000,0x0000009318900000) (1024K)]
  0x0000022428175b60 JavaThread "Unconstrained build operations Thread 26"        [_thread_blocked, id=23732, stack(0x0000009318900000,0x0000009318a00000) (1024K)]
  0x0000022428174120 JavaThread "Unconstrained build operations Thread 27"        [_thread_blocked, id=29540, stack(0x0000009318a00000,0x0000009318b00000) (1024K)]
  0x00000224281726e0 JavaThread "Unconstrained build operations Thread 28"        [_thread_blocked, id=25472, stack(0x0000009318b00000,0x0000009318c00000) (1024K)]
  0x00000224281761f0 JavaThread "Unconstrained build operations Thread 29"        [_thread_blocked, id=5192, stack(0x0000009318c00000,0x0000009318d00000) (1024K)]
  0x0000022428172d70 JavaThread "Unconstrained build operations Thread 30"        [_thread_blocked, id=32784, stack(0x0000009318d00000,0x0000009318e00000) (1024K)]
  0x0000022428178fe0 JavaThread "Unconstrained build operations Thread 31"        [_thread_blocked, id=2976, stack(0x0000009318e00000,0x0000009318f00000) (1024K)]
  0x0000022428176880 JavaThread "Unconstrained build operations Thread 32"        [_thread_blocked, id=12240, stack(0x0000009318f00000,0x0000009319000000) (1024K)]
  0x0000022428178950 JavaThread "Unconstrained build operations Thread 33"        [_thread_blocked, id=27332, stack(0x0000009319000000,0x0000009319100000) (1024K)]
  0x0000022428176f10 JavaThread "Memory manager"                    [_thread_blocked, id=29932, stack(0x0000009319200000,0x0000009319300000) (1024K)]
Total: 69

Other Threads:
  0x00000223df1b2720 VMThread "VM Thread"                           [id=26164, stack(0x0000009314100000,0x0000009314200000) (1024K)]
  0x00000223df19e370 WatcherThread "VM Periodic Task Thread"        [id=27584, stack(0x0000009314000000,0x0000009314100000) (1024K)]
  0x00000223df021120 WorkerThread "GC Thread#0"                     [id=30084, stack(0x0000009313b00000,0x0000009313c00000) (1024K)]
  0x00000224273b9440 WorkerThread "GC Thread#1"                     [id=30476, stack(0x0000009314d00000,0x0000009314e00000) (1024K)]
  0x00000224273529f0 WorkerThread "GC Thread#2"                     [id=28528, stack(0x0000009314e00000,0x0000009314f00000) (1024K)]
  0x0000022427e376b0 WorkerThread "GC Thread#3"                     [id=31312, stack(0x0000009314c00000,0x0000009314d00000) (1024K)]
  0x0000022427e37e70 WorkerThread "GC Thread#4"                     [id=4904, stack(0x0000009314f00000,0x0000009315000000) (1024K)]
  0x0000022428b23e70 WorkerThread "GC Thread#5"                     [id=28164, stack(0x0000009315000000,0x0000009315100000) (1024K)]
  0x0000022428b22230 WorkerThread "GC Thread#6"                     [id=25244, stack(0x0000009315100000,0x0000009315200000) (1024K)]
  0x0000022428892880 WorkerThread "GC Thread#7"                     [id=30188, stack(0x0000009315200000,0x0000009315300000) (1024K)]
  0x000002242892aa60 WorkerThread "GC Thread#8"                     [id=30888, stack(0x0000009315300000,0x0000009315400000) (1024K)]
  0x00000224270389f0 WorkerThread "GC Thread#9"                     [id=20036, stack(0x0000009316100000,0x0000009316200000) (1024K)]
  0x00000223b1708d50 ConcurrentGCThread "G1 Main Marker"            [id=29588, stack(0x0000009313c00000,0x0000009313d00000) (1024K)]
  0x00000223b170b5a0 WorkerThread "G1 Conc#0"                       [id=32096, stack(0x0000009313d00000,0x0000009313e00000) (1024K)]
  0x000002242997ad50 WorkerThread "G1 Conc#1"                       [id=20576, stack(0x0000009316200000,0x0000009316300000) (1024K)]
  0x000002242997c370 WorkerThread "G1 Conc#2"                       [id=768, stack(0x0000009316300000,0x0000009316400000) (1024K)]
  0x00000223df06e170 ConcurrentGCThread "G1 Refine#0"               [id=32308, stack(0x0000009313e00000,0x0000009313f00000) (1024K)]
  0x00000223df06eb90 ConcurrentGCThread "G1 Service"                [id=16704, stack(0x0000009313f00000,0x0000009314000000) (1024K)]
Total: 18

Threads with active compile tasks:
C2 CompilerThread0  23957 6617   !   4       com.google.common.reflect.TypeVisitor::visit (225 bytes)
Total: 1

VM state: not at safepoint (normal execution)

VM Mutex/Monitor currently owned by a thread: None

Heap address: 0x0000000600000000, size: 8192 MB, Compressed Oops mode: Zero based, Oop shift amount: 3

CDS archive(s) mapped at: [0x00000223e2000000-0x00000223e2ba0000-0x00000223e2ba0000), size 12189696, SharedBaseAddress: 0x00000223e2000000, ArchiveRelocationMode: 1.
Compressed class space mapped at: 0x00000223e3000000-0x0000022423000000, reserved size: 1073741824
Narrow klass base: 0x00000223e2000000, Narrow klass shift: 0, Narrow klass range: 0x100000000

GC Precious Log:
 CardTable entry size: 512
 Card Set container configuration: InlinePtr #cards 4 size 8 Array Of Cards #cards 32 size 80 Howl #buckets 8 coarsen threshold 7372 Howl Bitmap #cards 1024 size 144 coarsen threshold 921 Card regions per heap region 1 cards per card region 8192
 CPUs: 12 total, 12 available
 Memory: 7419M
 Large Page Support: Disabled
 NUMA Support: Disabled
 Compressed Oops: Enabled (Zero based)
 Heap Region Size: 4M
 Heap Min Capacity: 8M
 Heap Initial Capacity: 116M
 Heap Max Capacity: 8G
 Pre-touch: Disabled
 Parallel Workers: 10
 Concurrent Workers: 3
 Concurrent Refinement Workers: 10
 Periodic GC: Disabled

Heap:
 garbage-first heap   total 131072K, used 48340K [0x0000000600000000, 0x0000000800000000)
  region size 4096K, 4 young (16384K), 3 survivors (12288K)
 Metaspace       used 54061K, committed 55936K, reserved 1114112K
  class space    used 8000K, committed 8896K, reserved 1048576K

Heap Regions: E=young(eden), S=young(survivor), O=old, HS=humongous(starts), HC=humongous(continues), CS=collection set, F=free, TAMS=top-at-mark-start, PB=parsable bottom
|   0|0x0000000600000000, 0x0000000600400000, 0x0000000600400000|100%|HS|  |TAMS 0x0000000600000000| PB 0x0000000600000000| Complete 
|   1|0x0000000600400000, 0x0000000600800000, 0x0000000600800000|100%| O|  |TAMS 0x0000000600400000| PB 0x0000000600400000| Untracked 
|   2|0x0000000600800000, 0x0000000600c00000, 0x0000000600c00000|100%| O|  |TAMS 0x0000000600800000| PB 0x0000000600800000| Untracked 
|   3|0x0000000600c00000, 0x0000000601000000, 0x0000000601000000|100%| O|  |TAMS 0x0000000600c00000| PB 0x0000000600c00000| Untracked 
|   4|0x0000000601000000, 0x0000000601400000, 0x0000000601400000|100%| O|  |TAMS 0x0000000601000000| PB 0x0000000601000000| Untracked 
|   5|0x0000000601400000, 0x0000000601557740, 0x0000000601800000| 33%| O|  |TAMS 0x0000000601400000| PB 0x0000000601400000| Untracked 
|   6|0x0000000601800000, 0x0000000601800000, 0x0000000601c00000|  0%| F|  |TAMS 0x0000000601800000| PB 0x0000000601800000| Untracked 
|   7|0x0000000601c00000, 0x0000000602000000, 0x0000000602000000|100%| O|  |TAMS 0x0000000601c00000| PB 0x0000000601c00000| Untracked 
|   8|0x0000000602000000, 0x0000000602400000, 0x0000000602400000|100%| O|  |TAMS 0x0000000602000000| PB 0x0000000602000000| Untracked 
|   9|0x0000000602400000, 0x0000000602800000, 0x0000000602800000|100%| O|  |TAMS 0x0000000602400000| PB 0x0000000602400000| Untracked 
|  10|0x0000000602800000, 0x0000000602800000, 0x0000000602c00000|  0%| F|  |TAMS 0x0000000602800000| PB 0x0000000602800000| Untracked 
|  11|0x0000000602c00000, 0x0000000602dddb48, 0x0000000603000000| 46%| S|CS|TAMS 0x0000000602c00000| PB 0x0000000602c00000| Complete 
|  12|0x0000000603000000, 0x0000000603400000, 0x0000000603400000|100%| S|CS|TAMS 0x0000000603000000| PB 0x0000000603000000| Complete 
|  13|0x0000000603400000, 0x0000000603800000, 0x0000000603800000|100%| S|CS|TAMS 0x0000000603400000| PB 0x0000000603400000| Complete 
|  14|0x0000000603800000, 0x0000000603800000, 0x0000000603c00000|  0%| F|  |TAMS 0x0000000603800000| PB 0x0000000603800000| Untracked 
|  15|0x0000000603c00000, 0x0000000603c00000, 0x0000000604000000|  0%| F|  |TAMS 0x0000000603c00000| PB 0x0000000603c00000| Untracked 
|  16|0x0000000604000000, 0x0000000604000000, 0x0000000604400000|  0%| F|  |TAMS 0x0000000604000000| PB 0x0000000604000000| Untracked 
|  17|0x0000000604400000, 0x0000000604400000, 0x0000000604800000|  0%| F|  |TAMS 0x0000000604400000| PB 0x0000000604400000| Untracked 
|  18|0x0000000604800000, 0x0000000604800000, 0x0000000604c00000|  0%| F|  |TAMS 0x0000000604800000| PB 0x0000000604800000| Untracked 
|  19|0x0000000604c00000, 0x0000000604c00000, 0x0000000605000000|  0%| F|  |TAMS 0x0000000604c00000| PB 0x0000000604c00000| Untracked 
|  20|0x0000000605000000, 0x0000000605000000, 0x0000000605400000|  0%| F|  |TAMS 0x0000000605000000| PB 0x0000000605000000| Untracked 
|  21|0x0000000605400000, 0x0000000605400000, 0x0000000605800000|  0%| F|  |TAMS 0x0000000605400000| PB 0x0000000605400000| Untracked 
|  22|0x0000000605800000, 0x0000000605800000, 0x0000000605c00000|  0%| F|  |TAMS 0x0000000605800000| PB 0x0000000605800000| Untracked 
|  23|0x0000000605c00000, 0x0000000605c00000, 0x0000000606000000|  0%| F|  |TAMS 0x0000000605c00000| PB 0x0000000605c00000| Untracked 
|  24|0x0000000606000000, 0x0000000606000000, 0x0000000606400000|  0%| F|  |TAMS 0x0000000606000000| PB 0x0000000606000000| Untracked 
|  25|0x0000000606400000, 0x0000000606400000, 0x0000000606800000|  0%| F|  |TAMS 0x0000000606400000| PB 0x0000000606400000| Untracked 
|  26|0x0000000606800000, 0x0000000606800000, 0x0000000606c00000|  0%| F|  |TAMS 0x0000000606800000| PB 0x0000000606800000| Untracked 
|  27|0x0000000606c00000, 0x0000000606c00000, 0x0000000607000000|  0%| F|  |TAMS 0x0000000606c00000| PB 0x0000000606c00000| Untracked 
|  28|0x0000000607000000, 0x0000000607000000, 0x0000000607400000|  0%| F|  |TAMS 0x0000000607000000| PB 0x0000000607000000| Untracked 
|  29|0x0000000607400000, 0x0000000607400000, 0x0000000607800000|  0%| F|  |TAMS 0x0000000607400000| PB 0x0000000607400000| Untracked 
|  30|0x0000000607800000, 0x000000060792ea28, 0x0000000607c00000| 29%| E|  |TAMS 0x0000000607800000| PB 0x0000000607800000| Complete 
|2047|0x00000007ffc00000, 0x0000000800000000, 0x0000000800000000|100%| O|  |TAMS 0x00000007ffc00000| PB 0x00000007ffc00000| Untracked 

Card table byte_map: [0x00000223d5fe0000,0x00000223d6fe0000] _byte_map_base: 0x00000223d2fe0000

Marking Bits: (CMBitMap*) 0x00000223df0216d0
 Bits: [0x00000223d6fe0000, 0x00000223defe0000)

Polling page: 0x00000223af4a0000

Metaspace:

Usage:
  Non-class:     44.99 MB used.
      Class:      7.82 MB used.
       Both:     52.81 MB used.

Virtual space:
  Non-class space:       64.00 MB reserved,      45.94 MB ( 72%) committed,  1 nodes.
      Class space:        1.00 GB reserved,       8.75 MB ( <1%) committed,  1 nodes.
             Both:        1.06 GB reserved,      54.69 MB (  5%) committed. 

Chunk freelists:
   Non-Class:  1.84 MB
       Class:  7.12 MB
        Both:  8.96 MB

MaxMetaspaceSize: 4.00 GB
CompressedClassSpaceSize: 1.00 GB
Initial GC threshold: 21.00 MB
Current GC threshold: 58.75 MB
CDS: on
 - commit_granule_bytes: 65536.
 - commit_granule_words: 8192.
 - virtual_space_node_default_size: 8388608.
 - enlarge_chunks_in_place: 1.
 - use_allocation_guard: 0.


Internal statistics:

num_allocs_failed_limit: 6.
num_arena_births: 3488.
num_arena_deaths: 0.
num_vsnodes_births: 2.
num_vsnodes_deaths: 0.
num_space_committed: 875.
num_space_uncommitted: 0.
num_chunks_returned_to_freelist: 6.
num_chunks_taken_from_freelist: 6219.
num_chunk_merges: 6.
num_chunk_splits: 3953.
num_chunks_enlarged: 2357.
num_inconsistent_stats: 0.

CodeHeap 'non-profiled nmethods': size=259264Kb used=3738Kb max_used=3738Kb free=255526Kb
 bounds [0x00000223c4b30000, 0x00000223c4ee0000, 0x00000223d4860000]
CodeHeap 'profiled nmethods': size=259264Kb used=11872Kb max_used=11872Kb free=247391Kb
 bounds [0x00000223b4860000, 0x00000223b5400000, 0x00000223c4590000]
CodeHeap 'non-nmethods': size=5760Kb used=2617Kb max_used=2653Kb free=3142Kb
 bounds [0x00000223c4590000, 0x00000223c4830000, 0x00000223c4b30000]
CodeCache: size=524288Kb, used=18227Kb, max_used=18263Kb, free=506059Kb
 total_blobs=7057, nmethods=6174, adapters=787, full_count=0
Compilation: enabled, stopped_count=0, restarted_count=0

Compilation events (20 events):
Event: 20.895 Thread 0x0000022427007710 nmethod 6628 0x00000223b53dd490 code [0x00000223b53dd640, 0x00000223b53dd7c0]
Event: 21.762 Thread 0x000002242d36e840 nmethod 6607 0x00000223c4ed0590 code [0x00000223c4ed09c0, 0x00000223c4ed2488]
Event: 21.763 Thread 0x000002242d36e840 6618       4       java.util.Collections$UnmodifiableCollection::iterator (9 bytes)
Event: 21.765 Thread 0x0000022427007710 6630       1       org.gradle.api.internal.tasks.properties.annotations.OutputPropertyRoleAnnotationHandler::getAnnotationTypes (5 bytes)
Event: 21.765 Thread 0x0000022427007710 nmethod 6630 0x00000223c4ed3890 code [0x00000223c4ed3a20, 0x00000223c4ed3af0]
Event: 21.766 Thread 0x000002242d36e840 nmethod 6618 0x00000223c4ed3b90 code [0x00000223c4ed3d20, 0x00000223c4ed3f20]
Event: 21.766 Thread 0x000002242d36e840 6629       4       org.gradle.internal.instantiation.generator.AbstractClassGenerator$PropertyMetadata::getType (34 bytes)
Event: 21.769 Thread 0x000002242d36e840 nmethod 6629 0x00000223c4ed4010 code [0x00000223c4ed41e0, 0x00000223c4ed4398]
Event: 21.769 Thread 0x000002242d36e840 6612       4       org.objectweb.asm.Attribute::computeAttributesSize (62 bytes)
Event: 21.771 Thread 0x000002242d36e840 nmethod 6612 0x00000223c4ed4590 code [0x00000223c4ed4740, 0x00000223c4ed48a8]
Event: 21.773 Thread 0x0000022427007710 6631       3       java.util.TreeMap::addEntryToEmptyMap (37 bytes)
Event: 21.773 Thread 0x0000022427007710 nmethod 6631 0x00000223b53dd890 code [0x00000223b53dda80, 0x00000223b53de178]
Event: 21.775 Thread 0x0000022427007710 6632       3       org.gradle.internal.instantiation.generator.DefaultInstantiatorFactory::decorateLenient (8 bytes)
Event: 21.775 Thread 0x0000022427007710 nmethod 6632 0x00000223b53de390 code [0x00000223b53de540, 0x00000223b53de688]
Event: 21.902 Thread 0x0000022427007710 6633       3       java.util.Collections$EmptyList::spliterator (4 bytes)
Event: 21.902 Thread 0x0000022427007710 nmethod 6633 0x00000223b53de790 code [0x00000223b53de940, 0x00000223b53deab0]
Event: 22.833 Thread 0x0000022427007710 6634       1       org.apache.commons.lang.text.StrBuilder::length (5 bytes)
Event: 22.833 Thread 0x0000022427007710 nmethod 6634 0x00000223c4ed4a10 code [0x00000223c4ed4ba0, 0x00000223c4ed4c68]
Event: 22.898 Thread 0x0000022427007710 6636       3       java.util.ComparableTimSort::countRunAndMakeAscending (123 bytes)
Event: 22.899 Thread 0x0000022427007710 nmethod 6636 0x00000223b53deb90 code [0x00000223b53dede0, 0x00000223b53df820]

GC Heap History (20 events):
Event: 2.806 GC heap before
{Heap before GC invocations=1 (full 0):
 garbage-first heap   total 118784K, used 42400K [0x0000000600000000, 0x0000000800000000)
  region size 4096K, 10 young (40960K), 1 survivors (4096K)
 Metaspace       used 4368K, committed 4544K, reserved 1114112K
  class space    used 557K, committed 640K, reserved 1048576K
}
Event: 2.818 GC heap after
{Heap after GC invocations=2 (full 0):
 garbage-first heap   total 118784K, used 11941K [0x0000000600000000, 0x0000000800000000)
  region size 4096K, 2 young (8192K), 2 survivors (8192K)
 Metaspace       used 4368K, committed 4544K, reserved 1114112K
  class space    used 557K, committed 640K, reserved 1048576K
}
Event: 4.858 GC heap before
{Heap before GC invocations=2 (full 0):
 garbage-first heap   total 118784K, used 69285K [0x0000000600000000, 0x0000000800000000)
  region size 4096K, 16 young (65536K), 2 survivors (8192K)
 Metaspace       used 6548K, committed 6848K, reserved 1114112K
  class space    used 889K, committed 1024K, reserved 1048576K
}
Event: 4.879 GC heap after
{Heap after GC invocations=3 (full 0):
 garbage-first heap   total 118784K, used 18484K [0x0000000600000000, 0x0000000800000000)
  region size 4096K, 2 young (8192K), 2 survivors (8192K)
 Metaspace       used 6548K, committed 6848K, reserved 1114112K
  class space    used 889K, committed 1024K, reserved 1048576K
}
Event: 7.621 GC heap before
{Heap before GC invocations=3 (full 0):
 garbage-first heap   total 118784K, used 79924K [0x0000000600000000, 0x0000000800000000)
  region size 4096K, 17 young (69632K), 2 survivors (8192K)
 Metaspace       used 17451K, committed 18048K, reserved 1114112K
  class space    used 2493K, committed 2752K, reserved 1048576K
}
Event: 7.632 GC heap after
{Heap after GC invocations=4 (full 0):
 garbage-first heap   total 118784K, used 23248K [0x0000000600000000, 0x0000000800000000)
  region size 4096K, 2 young (8192K), 2 survivors (8192K)
 Metaspace       used 17451K, committed 18048K, reserved 1114112K
  class space    used 2493K, committed 2752K, reserved 1048576K
}
Event: 8.646 GC heap before
{Heap before GC invocations=4 (full 0):
 garbage-first heap   total 118784K, used 47824K [0x0000000600000000, 0x0000000800000000)
  region size 4096K, 9 young (36864K), 2 survivors (8192K)
 Metaspace       used 20815K, committed 21504K, reserved 1114112K
  class space    used 3074K, committed 3392K, reserved 1048576K
}
Event: 8.654 GC heap after
{Heap after GC invocations=5 (full 0):
 garbage-first heap   total 118784K, used 24933K [0x0000000600000000, 0x0000000800000000)
  region size 4096K, 2 young (8192K), 2 survivors (8192K)
 Metaspace       used 20815K, committed 21504K, reserved 1114112K
  class space    used 3074K, committed 3392K, reserved 1048576K
}
Event: 11.328 GC heap before
{Heap before GC invocations=6 (full 0):
 garbage-first heap   total 98304K, used 86373K [0x0000000600000000, 0x0000000800000000)
  region size 4096K, 17 young (69632K), 2 survivors (8192K)
 Metaspace       used 30388K, committed 31424K, reserved 1114112K
  class space    used 4466K, committed 4992K, reserved 1048576K
}
Event: 11.341 GC heap after
{Heap after GC invocations=7 (full 0):
 garbage-first heap   total 102400K, used 30405K [0x0000000600000000, 0x0000000800000000)
  region size 4096K, 3 young (12288K), 3 survivors (12288K)
 Metaspace       used 30388K, committed 31424K, reserved 1114112K
  class space    used 4466K, committed 4992K, reserved 1048576K
}
Event: 12.598 GC heap before
{Heap before GC invocations=7 (full 0):
 garbage-first heap   total 102400K, used 75461K [0x0000000600000000, 0x0000000800000000)
  region size 4096K, 15 young (61440K), 3 survivors (12288K)
 Metaspace       used 34709K, committed 35776K, reserved 1114112K
  class space    used 4933K, committed 5440K, reserved 1048576K
}
Event: 12.614 GC heap after
{Heap after GC invocations=8 (full 0):
 garbage-first heap   total 106496K, used 34583K [0x0000000600000000, 0x0000000800000000)
  region size 4096K, 2 young (8192K), 2 survivors (8192K)
 Metaspace       used 34709K, committed 35776K, reserved 1114112K
  class space    used 4933K, committed 5440K, reserved 1048576K
}
Event: 12.690 GC heap before
{Heap before GC invocations=8 (full 0):
 garbage-first heap   total 106496K, used 34583K [0x0000000600000000, 0x0000000800000000)
  region size 4096K, 3 young (12288K), 2 survivors (8192K)
 Metaspace       used 34924K, committed 35968K, reserved 1114112K
  class space    used 4964K, committed 5504K, reserved 1048576K
}
Event: 12.694 GC heap after
{Heap after GC invocations=9 (full 0):
 garbage-first heap   total 106496K, used 33840K [0x0000000600000000, 0x0000000800000000)
  region size 4096K, 2 young (8192K), 2 survivors (8192K)
 Metaspace       used 34924K, committed 35968K, reserved 1114112K
  class space    used 4964K, committed 5504K, reserved 1048576K
}
Event: 13.726 GC heap before
{Heap before GC invocations=10 (full 0):
 garbage-first heap   total 106496K, used 78896K [0x0000000600000000, 0x0000000800000000)
  region size 4096K, 14 young (57344K), 2 survivors (8192K)
 Metaspace       used 38172K, committed 39424K, reserved 1114112K
  class space    used 5377K, committed 5952K, reserved 1048576K
}
Event: 13.732 GC heap after
{Heap after GC invocations=11 (full 0):
 garbage-first heap   total 131072K, used 35940K [0x0000000600000000, 0x0000000800000000)
  region size 4096K, 2 young (8192K), 2 survivors (8192K)
 Metaspace       used 38172K, committed 39424K, reserved 1114112K
  class space    used 5377K, committed 5952K, reserved 1048576K
}
Event: 15.310 GC heap before
{Heap before GC invocations=11 (full 0):
 garbage-first heap   total 131072K, used 105572K [0x0000000600000000, 0x0000000800000000)
  region size 4096K, 19 young (77824K), 2 survivors (8192K)
 Metaspace       used 43832K, committed 45440K, reserved 1114112K
  class space    used 6315K, committed 7104K, reserved 1048576K
}
Event: 15.317 GC heap after
{Heap after GC invocations=12 (full 0):
 garbage-first heap   total 131072K, used 39098K [0x0000000600000000, 0x0000000800000000)
  region size 4096K, 3 young (12288K), 3 survivors (12288K)
 Metaspace       used 43832K, committed 45440K, reserved 1114112K
  class space    used 6315K, committed 7104K, reserved 1048576K
}
Event: 18.420 GC heap before
{Heap before GC invocations=12 (full 0):
 garbage-first heap   total 131072K, used 104634K [0x0000000600000000, 0x0000000800000000)
  region size 4096K, 19 young (77824K), 3 survivors (12288K)
 Metaspace       used 50024K, committed 51840K, reserved 1114112K
  class space    used 7322K, committed 8192K, reserved 1048576K
}
Event: 18.431 GC heap after
{Heap after GC invocations=13 (full 0):
 garbage-first heap   total 131072K, used 43582K [0x0000000600000000, 0x0000000800000000)
  region size 4096K, 3 young (12288K), 3 survivors (12288K)
 Metaspace       used 50024K, committed 51840K, reserved 1114112K
  class space    used 7322K, committed 8192K, reserved 1048576K
}

Dll operation events (14 events):
Event: 0.030 Loaded shared library C:\Users\sohai\.vscode\extensions\redhat.java-1.55.2026042408-win32-x64\jre\21.0.10-win32-x86_64\bin\java.dll
Event: 0.128 Loaded shared library C:\Users\sohai\.vscode\extensions\redhat.java-1.55.2026042408-win32-x64\jre\21.0.10-win32-x86_64\bin\zip.dll
Event: 0.169 Loaded shared library C:\Users\sohai\.vscode\extensions\redhat.java-1.55.2026042408-win32-x64\jre\21.0.10-win32-x86_64\bin\instrument.dll
Event: 0.176 Loaded shared library C:\Users\sohai\.vscode\extensions\redhat.java-1.55.2026042408-win32-x64\jre\21.0.10-win32-x86_64\bin\net.dll
Event: 0.183 Loaded shared library C:\Users\sohai\.vscode\extensions\redhat.java-1.55.2026042408-win32-x64\jre\21.0.10-win32-x86_64\bin\nio.dll
Event: 0.188 Loaded shared library C:\Users\sohai\.vscode\extensions\redhat.java-1.55.2026042408-win32-x64\jre\21.0.10-win32-x86_64\bin\zip.dll
Event: 0.811 Loaded shared library C:\Users\sohai\.vscode\extensions\redhat.java-1.55.2026042408-win32-x64\jre\21.0.10-win32-x86_64\bin\jimage.dll
Event: 1.420 Loaded shared library C:\Users\sohai\.vscode\extensions\redhat.java-1.55.2026042408-win32-x64\jre\21.0.10-win32-x86_64\bin\verify.dll
Event: 1.903 Loaded shared library C:\Users\sohai\.gradle\native\1def1411415f61bf3af743bc5b6707747c0891f09f0c88961ee8f79bc544acac\windows-amd64\native-platform.dll
Event: 1.945 Loaded shared library C:\Users\sohai\.gradle\native\0.2.7\x86_64-windows-gnu\gradle-fileevents.dll
Event: 4.787 Loaded shared library C:\Users\sohai\.vscode\extensions\redhat.java-1.55.2026042408-win32-x64\jre\21.0.10-win32-x86_64\bin\management.dll
Event: 4.799 Loaded shared library C:\Users\sohai\.vscode\extensions\redhat.java-1.55.2026042408-win32-x64\jre\21.0.10-win32-x86_64\bin\management_ext.dll
Event: 5.111 Loaded shared library C:\Users\sohai\.vscode\extensions\redhat.java-1.55.2026042408-win32-x64\jre\21.0.10-win32-x86_64\bin\extnet.dll
Event: 5.933 Loaded shared library C:\Users\sohai\.vscode\extensions\redhat.java-1.55.2026042408-win32-x64\jre\21.0.10-win32-x86_64\bin\sunmscapi.dll

Deoptimization events (20 events):
Event: 19.371 Thread 0x0000022427708150 Uncommon trap: trap_request=0xffffff45 fr.pc=0x00000223c4dee4b4 relative=0x00000000000002d4
Event: 19.371 Thread 0x0000022427708150 Uncommon trap: reason=unstable_if action=reinterpret pc=0x00000223c4dee4b4 method=java.io.WinNTFileSystem.prefixLength(Ljava/lang/String;)I @ 42 c2
Event: 19.372 Thread 0x0000022427708150 DEOPT PACKING pc=0x00000223c4dee4b4 sp=0x0000009315af28e0
Event: 19.372 Thread 0x0000022427708150 DEOPT UNPACKING pc=0x00000223c45e4422 sp=0x0000009315af2868 mode 2
Event: 22.795 Thread 0x0000022427708150 Uncommon trap: trap_request=0xffffffde fr.pc=0x00000223c4bba6d8 relative=0x0000000000000298
Event: 22.795 Thread 0x0000022427708150 Uncommon trap: reason=class_check action=maybe_recompile pc=0x00000223c4bba6d8 method=java.util.regex.Matcher.search(I)Z @ 121 c2
Event: 22.795 Thread 0x0000022427708150 DEOPT PACKING pc=0x00000223c4bba6d8 sp=0x0000009315af4390
Event: 22.795 Thread 0x0000022427708150 DEOPT UNPACKING pc=0x00000223c45e4422 sp=0x0000009315af4320 mode 2
Event: 22.795 Thread 0x0000022427708150 Uncommon trap: trap_request=0xffffffde fr.pc=0x00000223c4bba6d8 relative=0x0000000000000298
Event: 22.795 Thread 0x0000022427708150 Uncommon trap: reason=class_check action=maybe_recompile pc=0x00000223c4bba6d8 method=java.util.regex.Matcher.search(I)Z @ 121 c2
Event: 22.795 Thread 0x0000022427708150 DEOPT PACKING pc=0x00000223c4bba6d8 sp=0x0000009315af4390
Event: 22.795 Thread 0x0000022427708150 DEOPT UNPACKING pc=0x00000223c45e4422 sp=0x0000009315af4320 mode 2
Event: 22.812 Thread 0x0000022427708150 Uncommon trap: trap_request=0xffffffde fr.pc=0x00000223c4bba6d8 relative=0x0000000000000298
Event: 22.812 Thread 0x0000022427708150 Uncommon trap: reason=class_check action=maybe_recompile pc=0x00000223c4bba6d8 method=java.util.regex.Matcher.search(I)Z @ 121 c2
Event: 22.812 Thread 0x0000022427708150 DEOPT PACKING pc=0x00000223c4bba6d8 sp=0x0000009315af4330
Event: 22.812 Thread 0x0000022427708150 DEOPT UNPACKING pc=0x00000223c45e4422 sp=0x0000009315af42c0 mode 2
Event: 22.812 Thread 0x0000022427708150 Uncommon trap: trap_request=0xffffffde fr.pc=0x00000223c4bba6d8 relative=0x0000000000000298
Event: 22.812 Thread 0x0000022427708150 Uncommon trap: reason=class_check action=maybe_recompile pc=0x00000223c4bba6d8 method=java.util.regex.Matcher.search(I)Z @ 121 c2
Event: 22.812 Thread 0x0000022427708150 DEOPT PACKING pc=0x00000223c4bba6d8 sp=0x0000009315af4330
Event: 22.812 Thread 0x0000022427708150 DEOPT UNPACKING pc=0x00000223c45e4422 sp=0x0000009315af42c0 mode 2

Classes loaded (20 events):
Event: 19.360 Loading class jdk/xml/internal/XMLSecurityManager$NameMap
Event: 19.360 Loading class jdk/xml/internal/XMLSecurityManager$NameMap done
Event: 19.360 Loading class com/sun/org/apache/xerces/internal/utils/XMLSecurityPropertyManager
Event: 19.361 Loading class com/sun/org/apache/xerces/internal/utils/XMLSecurityPropertyManager done
Event: 19.362 Loading class com/sun/org/apache/xerces/internal/utils/XMLSecurityPropertyManager$State
Event: 19.362 Loading class com/sun/org/apache/xerces/internal/utils/XMLSecurityPropertyManager$State done
Event: 19.362 Loading class com/sun/org/apache/xerces/internal/utils/XMLSecurityPropertyManager$Property
Event: 19.363 Loading class com/sun/org/apache/xerces/internal/utils/XMLSecurityPropertyManager$Property done
Event: 19.364 Loading class javax/xml/parsers/DocumentBuilderFactory
Event: 19.365 Loading class javax/xml/parsers/DocumentBuilderFactory done
Event: 19.365 Loading class javax/xml/parsers/FactoryFinder
Event: 19.366 Loading class javax/xml/parsers/FactoryFinder done
Event: 19.367 Loading class javax/xml/parsers/FactoryFinder$1
Event: 19.367 Loading class javax/xml/parsers/FactoryFinder$1 done
Event: 19.369 Loading class com/sun/org/apache/xerces/internal/jaxp/DocumentBuilderFactoryImpl
Event: 19.370 Loading class com/sun/org/apache/xerces/internal/jaxp/DocumentBuilderFactoryImpl done
Event: 20.466 Loading class java/util/ArrayList$SubList$1
Event: 20.467 Loading class java/util/ArrayList$SubList$1 done
Event: 20.526 Loading class java/util/regex/Pattern$SliceI
Event: 20.528 Loading class java/util/regex/Pattern$SliceI done

Classes unloaded (0 events):
No events

Classes redefined (0 events):
No events

Internal exceptions (20 events):
Event: 16.498 Thread 0x0000022427708150 Exception <a 'java/lang/NoSuchMethodError'{0x0000000605990ec8}: 'java.lang.Object java.lang.invoke.Invokers$Holder.linkToTargetMethod(java.lang.Object, java.lang.Object, int, java.lang.Object, java.lang.Object)'> (0x0000000605990ec8) 
thrown [s\src\hotspot\share\interpreter\linkResolver.cpp, line 773]
Event: 16.599 Thread 0x0000022427708150 Exception <a 'java/lang/NoSuchMethodError'{0x00000006054b8818}: 'java.lang.Object java.lang.invoke.DirectMethodHandle$Holder.newInvokeSpecial(java.lang.Object, int, java.lang.Object)'> (0x00000006054b8818) 
thrown [s\src\hotspot\share\interpreter\linkResolver.cpp, line 773]
Event: 16.817 Thread 0x0000022427708150 Exception <a 'java/lang/NoSuchMethodError'{0x00000006053abcb0}: 'java.lang.Object java.lang.invoke.DirectMethodHandle$Holder.newInvokeSpecial(java.lang.Object, java.lang.Object, java.lang.Object, int)'> (0x00000006053abcb0) 
thrown [s\src\hotspot\share\interpreter\linkResolver.cpp, line 773]
Event: 16.818 Thread 0x0000022427708150 Exception <a 'java/lang/NoSuchMethodError'{0x00000006053b0fa0}: 'java.lang.Object java.lang.invoke.DirectMethodHandle$Holder.invokeSpecial(java.lang.Object, java.lang.Object, java.lang.Object, java.lang.Object, int)'> (0x00000006053b0fa0) 
thrown [s\src\hotspot\share\interpreter\linkResolver.cpp, line 773]
Event: 16.818 Thread 0x0000022427708150 Exception <a 'java/lang/NoSuchMethodError'{0x00000006053b5c18}: 'java.lang.Object java.lang.invoke.Invokers$Holder.linkToTargetMethod(java.lang.Object, java.lang.Object, int, java.lang.Object)'> (0x00000006053b5c18) 
thrown [s\src\hotspot\share\interpreter\linkResolver.cpp, line 773]
Event: 16.915 Thread 0x0000022427708150 Exception <a 'java/lang/NoSuchMethodError'{0x0000000604e435b0}: 'int java.lang.invoke.DirectMethodHandle$Holder.invokeSpecialIFC(java.lang.Object, java.lang.Object, java.lang.Object)'> (0x0000000604e435b0) 
thrown [s\src\hotspot\share\interpreter\linkResolver.cpp, line 773]
Event: 17.038 Thread 0x0000022427708150 Exception <a 'java/lang/NoSuchMethodError'{0x0000000604acddb0}: 'java.lang.Object java.lang.invoke.DirectMethodHandle$Holder.newInvokeSpecial(java.lang.Object, java.lang.Object, long, java.lang.Object)'> (0x0000000604acddb0) 
thrown [s\src\hotspot\share\interpreter\linkResolver.cpp, line 773]
Event: 17.039 Thread 0x0000022427708150 Exception <a 'java/lang/NoSuchMethodError'{0x0000000604ad30b0}: 'java.lang.Object java.lang.invoke.DirectMethodHandle$Holder.invokeSpecial(java.lang.Object, java.lang.Object, java.lang.Object, long, java.lang.Object)'> (0x0000000604ad30b0) 
thrown [s\src\hotspot\share\interpreter\linkResolver.cpp, line 773]
Event: 17.039 Thread 0x0000022427708150 Exception <a 'java/lang/NoSuchMethodError'{0x0000000604ad7d30}: 'java.lang.Object java.lang.invoke.Invokers$Holder.linkToTargetMethod(java.lang.Object, long, java.lang.Object, java.lang.Object)'> (0x0000000604ad7d30) 
thrown [s\src\hotspot\share\interpreter\linkResolver.cpp, line 773]
Event: 17.044 Thread 0x0000022427708150 Exception <a 'java/lang/NoSuchMethodError'{0x0000000604b01b80}: 'void java.lang.invoke.DirectMethodHandle$Holder.invokeStatic(java.lang.Object, java.lang.Object, java.lang.Object, int, java.lang.Object)'> (0x0000000604b01b80) 
thrown [s\src\hotspot\share\interpreter\linkResolver.cpp, line 773]
Event: 17.089 Thread 0x0000022427708150 Exception <a 'java/lang/NoSuchMethodError'{0x00000006044d7940}: 'int java.lang.invoke.DirectMethodHandle$Holder.invokeInterface(java.lang.Object, java.lang.Object, java.lang.Object, java.lang.Object, java.lang.Object)'> (0x00000006044d7940) 
thrown [s\src\hotspot\share\interpreter\linkResolver.cpp, line 773]
Event: 17.176 Thread 0x0000022427708150 Exception <a 'java/lang/NoSuchMethodError'{0x0000000604774108}: 'java.lang.Object java.lang.invoke.DirectMethodHandle$Holder.invokeSpecial(java.lang.Object, java.lang.Object, long, java.lang.Object, java.lang.Object)'> (0x0000000604774108) 
thrown [s\src\hotspot\share\interpreter\linkResolver.cpp, line 773]
Event: 17.449 Thread 0x0000022427708150 Exception <a 'java/lang/IncompatibleClassChangeError'{0x0000000603dc7af0}: Found class java.lang.Object, but interface was expected> (0x0000000603dc7af0) 
thrown [s\src\hotspot\share\interpreter\linkResolver.cpp, line 840]
Event: 18.435 Thread 0x000002242c7102b0 Exception <a 'java/lang/NoSuchMethodError'{0x0000000607992280}: 'void java.lang.invoke.DirectMethodHandle$Holder.invokeVirtual(java.lang.Object, java.lang.Object)'> (0x0000000607992280) 
thrown [s\src\hotspot\share\interpreter\linkResolver.cpp, line 773]
Event: 18.517 Thread 0x0000022427708150 Exception <a 'java/lang/NoSuchMethodError'{0x0000000607b9c980}: 'java.lang.Object java.lang.invoke.DirectMethodHandle$Holder.newInvokeSpecial(java.lang.Object, java.lang.Object, java.lang.Object, java.lang.Object, int, java.lang.Object)'> (0x0000000607b9c980) 
thrown [s\src\hotspot\share\interpreter\linkResolver.cpp, line 773]
Event: 18.518 Thread 0x0000022427708150 Exception <a 'java/lang/NoSuchMethodError'{0x0000000607ba57e0}: 'java.lang.Object java.lang.invoke.Invokers$Holder.linkToTargetMethod(java.lang.Object, java.lang.Object, java.lang.Object, int, java.lang.Object, java.lang.Object)'> (0x0000000607ba57e0) 
thrown [s\src\hotspot\share\interpreter\linkResolver.cpp, line 773]
Event: 18.768 Thread 0x0000022427708150 Exception <a 'java/lang/NoSuchMethodError'{0x0000000606e71e00}: 'java.lang.Object java.lang.invoke.DirectMethodHandle$Holder.invokeSpecialIFC(java.lang.Object, java.lang.Object, java.lang.Object)'> (0x0000000606e71e00) 
thrown [s\src\hotspot\share\interpreter\linkResolver.cpp, line 773]
Event: 19.417 Thread 0x0000022427708150 Exception <a 'java/lang/NoSuchMethodError'{0x0000000604ea2aa8}: 'java.lang.Object java.lang.invoke.DirectMethodHandle$Holder.newInvokeSpecial(java.lang.Object, java.lang.Object, java.lang.Object, java.lang.Object, java.lang.Object, java.lang.Object, java.lang.Object, java.lang.Object, java.lang.Object, java.lang.Object, java.lang.Object, java.lang.Object, java.lang.Object, java.lang.Object, java.lang.Object, java.lang.Object)'> (0x0000000604ea2aa8) 
thrown [s\src\hotspot\share\interpreter\linkResolver.cpp,
Event: 20.445 Thread 0x0000022427708150 Exception <a 'java/lang/NoSuchMethodError'{0x0000000604ea9f30}: 'java.lang.Object java.lang.invoke.DirectMethodHandle$Holder.invokeSpecial(java.lang.Object, java.lang.Object, java.lang.Object, java.lang.Object, java.lang.Object, java.lang.Object, java.lang.Object, java.lang.Object, java.lang.Object, java.lang.Object, java.lang.Object, java.lang.Object, java.lang.Object, java.lang.Object, java.lang.Object, java.lang.Object, java.lang.Object)'> (0x0000000604ea9f30) 
thrown [s\src\hotspot\share\interpreter\li
Event: 20.447 Thread 0x0000022427708150 Exception <a 'java/lang/NoSuchMethodError'{0x0000000604eb0320}: 'java.lang.Object java.lang.invoke.DelegatingMethodHandle$Holder.reinvoke_L(java.lang.Object, java.lang.Object, java.lang.Object, java.lang.Object, java.lang.Object, java.lang.Object, java.lang.Object, java.lang.Object, java.lang.Object, java.lang.Object, java.lang.Object, java.lang.Object, java.lang.Object, java.lang.Object, java.lang.Object, java.lang.Object)'> (0x0000000604eb0320) 
thrown [s\src\hotspot\share\interpreter\linkResolver.cpp, l

ZGC Phase Switch (0 events):
No events

VM Operations (20 events):
Event: 18.510 Executing non-safepoint VM operation: HandshakeAllThreads (Deoptimize)
Event: 18.510 Executing non-safepoint VM operation: HandshakeAllThreads (Deoptimize) done
Event: 18.796 Executing safepoint VM operation: ICBufferFull
Event: 18.796 Executing safepoint VM operation: ICBufferFull done
Event: 18.796 Executing safepoint VM operation: ICBufferFull
Event: 18.796 Executing safepoint VM operation: ICBufferFull done
Event: 18.796 Executing safepoint VM operation: ICBufferFull
Event: 18.796 Executing safepoint VM operation: ICBufferFull done
Event: 19.171 Executing safepoint VM operation: ICBufferFull
Event: 19.171 Executing safepoint VM operation: ICBufferFull done
Event: 20.178 Executing safepoint VM operation: Cleanup
Event: 20.444 Executing safepoint VM operation: Cleanup done
Event: 20.461 Executing non-safepoint VM operation: HandshakeAllThreads (Deoptimize)
Event: 20.462 Executing non-safepoint VM operation: HandshakeAllThreads (Deoptimize) done
Event: 21.467 Executing safepoint VM operation: Cleanup
Event: 21.467 Executing safepoint VM operation: Cleanup done
Event: 22.476 Executing safepoint VM operation: Cleanup
Event: 22.476 Executing safepoint VM operation: Cleanup done
Event: 23.489 Executing safepoint VM operation: Cleanup
Event: 23.489 Executing safepoint VM operation: Cleanup done

Memory protections (0 events):
No events

Nmethod flushes (20 events):
Event: 12.728 Thread 0x00000223df1b2720 flushing  nmethod 0x00000223b49f9710
Event: 12.728 Thread 0x00000223df1b2720 flushing  nmethod 0x00000223b49fa090
Event: 12.728 Thread 0x00000223df1b2720 flushing  nmethod 0x00000223b49fc790
Event: 12.728 Thread 0x00000223df1b2720 flushing  nmethod 0x00000223b4a1c190
Event: 12.728 Thread 0x00000223df1b2720 flushing  nmethod 0x00000223b4a1c590
Event: 12.728 Thread 0x00000223df1b2720 flushing  nmethod 0x00000223b4a23d90
Event: 12.728 Thread 0x00000223df1b2720 flushing  nmethod 0x00000223b4a4e990
Event: 12.728 Thread 0x00000223df1b2720 flushing  nmethod 0x00000223b4a4f810
Event: 12.728 Thread 0x00000223df1b2720 flushing  nmethod 0x00000223b4a6df10
Event: 12.728 Thread 0x00000223df1b2720 flushing  nmethod 0x00000223b4a6fa10
Event: 12.728 Thread 0x00000223df1b2720 flushing  nmethod 0x00000223b4a70110
Event: 12.728 Thread 0x00000223df1b2720 flushing  nmethod 0x00000223b4a70c10
Event: 12.728 Thread 0x00000223df1b2720 flushing  nmethod 0x00000223b4c76e10
Event: 12.728 Thread 0x00000223df1b2720 flushing  nmethod 0x00000223b4c9c310
Event: 12.728 Thread 0x00000223df1b2720 flushing  nmethod 0x00000223b4ccb410
Event: 12.728 Thread 0x00000223df1b2720 flushing  nmethod 0x00000223b4ccbe10
Event: 12.728 Thread 0x00000223df1b2720 flushing  nmethod 0x00000223b4ccc690
Event: 12.728 Thread 0x00000223df1b2720 flushing  nmethod 0x00000223b4ccf490
Event: 12.728 Thread 0x00000223df1b2720 flushing  nmethod 0x00000223b4cd3210
Event: 12.728 Thread 0x00000223df1b2720 flushing  nmethod 0x00000223b4d57610

Events (20 events):
Event: 18.614 Thread 0x0000022427708150 Thread added: 0x000002242c7130a0
Event: 18.615 Thread 0x0000022427708150 Thread added: 0x00000224281754d0
Event: 18.618 Thread 0x0000022427708150 Thread added: 0x0000022428173a90
Event: 18.622 Thread 0x0000022427708150 Thread added: 0x00000224281747b0
Event: 18.651 Thread 0x0000022427007710 Thread added: 0x000002242d36e840
Event: 18.769 Thread 0x0000022427708150 Thread added: 0x0000022428173400
Event: 18.770 Thread 0x0000022427708150 Thread added: 0x0000022428174e40
Event: 18.771 Thread 0x0000022427708150 Thread added: 0x0000022428172050
Event: 18.771 Thread 0x0000022427708150 Thread added: 0x0000022428175b60
Event: 18.772 Thread 0x0000022427708150 Thread added: 0x0000022428174120
Event: 18.773 Thread 0x0000022427708150 Thread added: 0x00000224281726e0
Event: 18.774 Thread 0x0000022427708150 Thread added: 0x00000224281761f0
Event: 18.774 Thread 0x0000022427708150 Thread added: 0x0000022428172d70
Event: 18.776 Thread 0x0000022427708150 Thread added: 0x0000022428178fe0
Event: 18.776 Thread 0x0000022427708150 Thread added: 0x0000022428176880
Event: 18.777 Thread 0x0000022427708150 Thread added: 0x0000022428178950
Event: 18.960 Thread 0x00000224270040f0 Thread added: 0x000002242811eb10
Event: 20.575 Thread 0x0000022427708150 Thread added: 0x0000022428176f10
Event: 20.651 Thread 0x000002242811eb10 Thread exited: 0x000002242811eb10
Event: 21.902 Thread 0x000002242d36e840 Thread exited: 0x000002242d36e840


Dynamic libraries:
0x00007ff6b0c70000 - 0x00007ff6b0c7e000 	C:\Users\sohai\.vscode\extensions\redhat.java-1.55.2026042408-win32-x64\jre\21.0.10-win32-x86_64\bin\java.exe
0x00007ffa5d380000 - 0x00007ffa5d5e7000 	C:\WINDOWS\SYSTEM32\ntdll.dll
0x00007ffa5c2a0000 - 0x00007ffa5c369000 	C:\WINDOWS\System32\KERNEL32.DLL
0x00007ffa59c60000 - 0x00007ffa5a051000 	C:\WINDOWS\System32\KERNELBASE.dll
0x00007ffa5afd0000 - 0x00007ffa5b11b000 	C:\WINDOWS\System32\ucrtbase.dll
0x00007ffa28bc0000 - 0x00007ffa28bd8000 	C:\Users\sohai\.vscode\extensions\redhat.java-1.55.2026042408-win32-x64\jre\21.0.10-win32-x86_64\bin\jli.dll
0x00007ffa5bd10000 - 0x00007ffa5bed5000 	C:\WINDOWS\System32\USER32.dll
0x00007ffa28da0000 - 0x00007ffa28dbe000 	C:\Users\sohai\.vscode\extensions\redhat.java-1.55.2026042408-win32-x64\jre\21.0.10-win32-x86_64\bin\VCRUNTIME140.dll
0x00007ffa5a570000 - 0x00007ffa5a597000 	C:\WINDOWS\System32\win32u.dll
0x00007ffa5cca0000 - 0x00007ffa5cccb000 	C:\WINDOWS\System32\GDI32.dll
0x00007ffa5a5a0000 - 0x00007ffa5a6ca000 	C:\WINDOWS\System32\gdi32full.dll
0x00007ffa5a280000 - 0x00007ffa5a323000 	C:\WINDOWS\System32\msvcp_win.dll
0x00007ffa58ff0000 - 0x00007ffa59283000 	C:\WINDOWS\WinSxS\amd64_microsoft.windows.common-controls_6595b64144ccf1df_6.0.26100.7922_none_3e089e1ee3342171\COMCTL32.dll
0x00007ffa5b690000 - 0x00007ffa5b739000 	C:\WINDOWS\System32\msvcrt.dll
0x00007ffa5c080000 - 0x00007ffa5c0b1000 	C:\WINDOWS\System32\IMM32.DLL
0x00000000561f0000 - 0x00000000561fc000 	C:\Program Files (x86)\360\Total Security\safemon\SafeWrapper.dll
0x00007ffa5cd80000 - 0x00007ffa5ce3b000 	C:\WINDOWS\System32\ADVAPI32.dll
0x00007ffa5ccd0000 - 0x00007ffa5cd77000 	C:\WINDOWS\System32\sechost.dll
0x00007ffa5bf60000 - 0x00007ffa5c078000 	C:\WINDOWS\System32\RPCRT4.dll
0x00007ffa23230000 - 0x00007ffa232dc000 	C:\Program Files (x86)\360\Total Security\safemon\libzdtp64.dll
0x00007ffa5c370000 - 0x00007ffa5cacf000 	C:\WINDOWS\System32\SHELL32.dll
0x00007ffa5a110000 - 0x00007ffa5a27a000 	C:\WINDOWS\System32\wintypes.dll
0x00007ffa5b1a0000 - 0x00007ffa5b522000 	C:\WINDOWS\System32\combase.dll
0x00007ffa5c0c0000 - 0x00007ffa5c127000 	C:\WINDOWS\System32\SHLWAPI.dll
0x00007ffa5a760000 - 0x00007ffa5afc4000 	C:\WINDOWS\System32\Windows.Storage.dll
0x00007ffa59620000 - 0x00007ffa5962b000 	C:\WINDOWS\SYSTEM32\VERSION.dll
0x00007ffa50a30000 - 0x00007ffa50a3c000 	C:\Users\sohai\.vscode\extensions\redhat.java-1.55.2026042408-win32-x64\jre\21.0.10-win32-x86_64\bin\vcruntime140_1.dll
0x00007ff99eed0000 - 0x00007ff99ef5d000 	C:\Users\sohai\.vscode\extensions\redhat.java-1.55.2026042408-win32-x64\jre\21.0.10-win32-x86_64\bin\msvcp140.dll
0x00007ff993410000 - 0x00007ff9941b1000 	C:\Users\sohai\.vscode\extensions\redhat.java-1.55.2026042408-win32-x64\jre\21.0.10-win32-x86_64\bin\server\jvm.dll
0x00007ffa5bee0000 - 0x00007ffa5bf54000 	C:\WINDOWS\System32\WS2_32.dll
0x00007ffa59ac0000 - 0x00007ffa59b1e000 	C:\WINDOWS\SYSTEM32\POWRPROF.dll
0x00007ffa4bb70000 - 0x00007ffa4bba5000 	C:\WINDOWS\SYSTEM32\WINMM.dll
0x00007ffa59aa0000 - 0x00007ffa59ab4000 	C:\WINDOWS\SYSTEM32\UMPDC.dll
0x00007ffa58050000 - 0x00007ffa5806b000 	C:\WINDOWS\SYSTEM32\kernel.appcore.dll
0x00007ffa505e0000 - 0x00007ffa505ea000 	C:\Users\sohai\.vscode\extensions\redhat.java-1.55.2026042408-win32-x64\jre\21.0.10-win32-x86_64\bin\jimage.dll
0x00007ffa593b0000 - 0x00007ffa595f2000 	C:\WINDOWS\SYSTEM32\DBGHELP.DLL
0x00007ffa5cbc0000 - 0x00007ffa5cc97000 	C:\WINDOWS\System32\OLEAUT32.dll
0x00007ffa59290000 - 0x00007ffa592cb000 	C:\WINDOWS\SYSTEM32\dbgcore.DLL
0x00007ffa5a060000 - 0x00007ffa5a105000 	C:\WINDOWS\System32\bcryptPrimitives.dll
0x00007ffa296d0000 - 0x00007ffa296df000 	C:\Users\sohai\.vscode\extensions\redhat.java-1.55.2026042408-win32-x64\jre\21.0.10-win32-x86_64\bin\instrument.dll
0x00007ffa23100000 - 0x00007ffa23120000 	C:\Users\sohai\.vscode\extensions\redhat.java-1.55.2026042408-win32-x64\jre\21.0.10-win32-x86_64\bin\java.dll
0x00007ffa5c180000 - 0x00007ffa5c277000 	C:\WINDOWS\System32\SHCORE.dll
0x00007ffa59b80000 - 0x00007ffa59ba9000 	C:\WINDOWS\SYSTEM32\profapi.dll
0x00007ffa168e0000 - 0x00007ffa168f8000 	C:\Users\sohai\.vscode\extensions\redhat.java-1.55.2026042408-win32-x64\jre\21.0.10-win32-x86_64\bin\zip.dll
0x00007ffa42d50000 - 0x00007ffa42d60000 	C:\Users\sohai\.vscode\extensions\redhat.java-1.55.2026042408-win32-x64\jre\21.0.10-win32-x86_64\bin\net.dll
0x00007ffa52930000 - 0x00007ffa52a57000 	C:\WINDOWS\SYSTEM32\WINHTTP.dll
0x00007ffa58580000 - 0x00007ffa585eb000 	C:\WINDOWS\system32\mswsock.dll
0x00007ffa129a0000 - 0x00007ffa129b6000 	C:\Users\sohai\.vscode\extensions\redhat.java-1.55.2026042408-win32-x64\jre\21.0.10-win32-x86_64\bin\nio.dll
0x00007ffa29030000 - 0x00007ffa29040000 	C:\Users\sohai\.vscode\extensions\redhat.java-1.55.2026042408-win32-x64\jre\21.0.10-win32-x86_64\bin\verify.dll
0x00007ff99e730000 - 0x00007ff99e757000 	C:\Users\sohai\.gradle\native\1def1411415f61bf3af743bc5b6707747c0891f09f0c88961ee8f79bc544acac\windows-amd64\native-platform.dll
0x00007ffa27800000 - 0x00007ffa27878000 	C:\Users\sohai\.gradle\native\0.2.7\x86_64-windows-gnu\gradle-fileevents.dll
0x00007ffa28b80000 - 0x00007ffa28b8a000 	C:\Users\sohai\.vscode\extensions\redhat.java-1.55.2026042408-win32-x64\jre\21.0.10-win32-x86_64\bin\management.dll
0x00007ffa28b10000 - 0x00007ffa28b1c000 	C:\Users\sohai\.vscode\extensions\redhat.java-1.55.2026042408-win32-x64\jre\21.0.10-win32-x86_64\bin\management_ext.dll
0x00007ffa5c290000 - 0x00007ffa5c298000 	C:\WINDOWS\System32\PSAPI.DLL
0x00007ffa57ba0000 - 0x00007ffa57bd3000 	C:\WINDOWS\SYSTEM32\IPHLPAPI.DLL
0x00007ffa5b7f0000 - 0x00007ffa5b7fa000 	C:\WINDOWS\System32\NSI.dll
0x00007ffa29860000 - 0x00007ffa29869000 	C:\Users\sohai\.vscode\extensions\redhat.java-1.55.2026042408-win32-x64\jre\21.0.10-win32-x86_64\bin\extnet.dll
0x00007ffa59730000 - 0x00007ffa5974b000 	C:\WINDOWS\SYSTEM32\CRYPTSP.dll
0x00007ffa58900000 - 0x00007ffa58939000 	C:\WINDOWS\system32\rsaenh.dll
0x00007ffa58630000 - 0x00007ffa58662000 	C:\WINDOWS\SYSTEM32\USERENV.dll
0x00007ffa59b50000 - 0x00007ffa59b7a000 	C:\WINDOWS\SYSTEM32\bcrypt.dll
0x00007ffa588f0000 - 0x00007ffa588fc000 	C:\WINDOWS\SYSTEM32\CRYPTBASE.dll
0x00007ffa38ff0000 - 0x00007ffa38ffe000 	C:\Users\sohai\.vscode\extensions\redhat.java-1.55.2026042408-win32-x64\jre\21.0.10-win32-x86_64\bin\sunmscapi.dll
0x00007ffa5a3f0000 - 0x00007ffa5a567000 	C:\WINDOWS\System32\CRYPT32.dll
0x00007ffa58cb0000 - 0x00007ffa58ce0000 	C:\WINDOWS\SYSTEM32\ncrypt.dll
0x00007ffa58c20000 - 0x00007ffa58c5f000 	C:\WINDOWS\SYSTEM32\NTASN1.dll
0x00007ffa29ef0000 - 0x00007ffa29ef8000 	C:\WINDOWS\system32\wshunix.dll

JVMTI agents:
C:\Users\sohai\.gradle\wrapper\dists\gradle-8.14-all\c2qonpi39x1mddn7hk5gh9iqj\gradle-8.14\lib\agents\gradle-instrumentation-agent-8.14.jar path:C:\Users\sohai\.vscode\extensions\redhat.java-1.55.2026042408-win32-x64\jre\21.0.10-win32-x86_64\bin\instrument.dll, loaded, initialized, instrumentlib options:none

dbghelp: loaded successfully - version: 4.0.5 - missing functions: none
symbol engine: initialized successfully - sym options: 0x614 - pdb path: .;C:\Users\sohai\.vscode\extensions\redhat.java-1.55.2026042408-win32-x64\jre\21.0.10-win32-x86_64\bin;C:\WINDOWS\SYSTEM32;C:\WINDOWS\WinSxS\amd64_microsoft.windows.common-controls_6595b64144ccf1df_6.0.26100.7922_none_3e089e1ee3342171;C:\Program Files (x86)\360\Total Security\safemon;C:\Users\sohai\.vscode\extensions\redhat.java-1.55.2026042408-win32-x64\jre\21.0.10-win32-x86_64\bin\server;C:\Users\sohai\.gradle\native\1def1411415f61bf3af743bc5b6707747c0891f09f0c88961ee8f79bc544acac\windows-amd64;C:\Users\sohai\.gradle\native\0.2.7\x86_64-windows-gnu

VM Arguments:
jvm_args: --add-opens=java.base/java.lang=ALL-UNNAMED --add-opens=java.base/java.lang.invoke=ALL-UNNAMED --add-opens=java.base/java.util=ALL-UNNAMED --add-opens=java.prefs/java.util.prefs=ALL-UNNAMED --add-exports=jdk.compiler/com.sun.tools.javac.api=ALL-UNNAMED --add-exports=jdk.compiler/com.sun.tools.javac.util=ALL-UNNAMED --add-opens=java.base/java.util=ALL-UNNAMED --add-opens=java.prefs/java.util.prefs=ALL-UNNAMED --add-opens=java.base/java.nio.charset=ALL-UNNAMED --add-opens=java.base/java.net=ALL-UNNAMED --add-opens=java.base/java.util.concurrent.atomic=ALL-UNNAMED --add-opens=java.xml/javax.xml.namespace=ALL-UNNAMED -XX:MaxMetaspaceSize=4G -XX:ReservedCodeCacheSize=512m -XX:+HeapDumpOnOutOfMemoryError -Xmx8G -Dfile.encoding=UTF-8 -Duser.country=US -Duser.language=en -Duser.variant -javaagent:C:\Users\sohai\.gradle\wrapper\dists\gradle-8.14-all\c2qonpi39x1mddn7hk5gh9iqj\gradle-8.14\lib\agents\gradle-instrumentation-agent-8.14.jar 
java_command: org.gradle.launcher.daemon.bootstrap.GradleDaemon 8.14
java_class_path (initial): C:\Users\sohai\.gradle\wrapper\dists\gradle-8.14-all\c2qonpi39x1mddn7hk5gh9iqj\gradle-8.14\lib\gradle-daemon-main-8.14.jar
Launcher Type: SUN_STANDARD

[Global flags]
     intx CICompilerCount                          = 4                                         {product} {ergonomic}
     uint ConcGCThreads                            = 3                                         {product} {ergonomic}
     uint G1ConcRefinementThreads                  = 10                                        {product} {ergonomic}
   size_t G1HeapRegionSize                         = 4194304                                   {product} {ergonomic}
    uintx GCDrainStackTargetSize                   = 64                                        {product} {ergonomic}
     bool HeapDumpOnOutOfMemoryError               = true                                   {manageable} {command line}
   size_t InitialHeapSize                          = 121634816                                 {product} {ergonomic}
   size_t MarkStackSize                            = 4194304                                   {product} {ergonomic}
   size_t MaxHeapSize                              = 8589934592                                {product} {command line}
   size_t MaxMetaspaceSize                         = 4294967296                                {product} {command line}
   size_t MaxNewSize                               = 5150605312                                {product} {ergonomic}
   size_t MinHeapDeltaBytes                        = 4194304                                   {product} {ergonomic}
   size_t MinHeapSize                              = 8388608                                   {product} {ergonomic}
    uintx NonNMethodCodeHeapSize                   = 5839372                                {pd product} {ergonomic}
    uintx NonProfiledCodeHeapSize                  = 265515770                              {pd product} {ergonomic}
    uintx ProfiledCodeHeapSize                     = 265515770                              {pd product} {ergonomic}
    uintx ReservedCodeCacheSize                    = 536870912                              {pd product} {command line}
     bool SegmentedCodeCache                       = true                                      {product} {ergonomic}
   size_t SoftMaxHeapSize                          = 8589934592                             {manageable} {ergonomic}
     bool UseCompressedOops                        = true                           {product lp64_product} {ergonomic}
     bool UseG1GC                                  = true                                      {product} {ergonomic}
     bool UseLargePagesIndividualAllocation        = false                                  {pd product} {ergonomic}

Logging:
Log output configuration:
 #0: stdout all=warning uptime,level,tags foldmultilines=false
 #1: stderr all=off uptime,level,tags foldmultilines=false

Release file:
JAVA_VERSION="21.0.10" 
MODULES="java.base java.compiler java.datatransfer java.xml java.prefs java.desktop java.instrument java.logging java.management java.security.sasl java.naming java.rmi java.management.rmi java.net.http java.scripting java.security.jgss java.transaction.xa java.sql java.sql.rowset java.xml.crypto java.se java.smartcardio jdk.accessibility jdk.internal.jvmstat jdk.attach jdk.charsets jdk.internal.opt jdk.zipfs jdk.compiler jdk.crypto.ec jdk.crypto.cryptoki jdk.crypto.mscapi jdk.dynalink jdk.internal.ed jdk.editpad jdk.hotspot.agent jdk.httpserver jdk.internal.le jdk.internal.vm.ci jdk.internal.vm.compiler jdk.internal.vm.compiler.management jdk.jartool jdk.javadoc jdk.jcmd jdk.management jdk.management.agent jdk.jconsole jdk.jdeps jdk.jdwp.agent jdk.jdi jdk.jfr jdk.jshell jdk.jsobject jdk.jstatd jdk.localedata jdk.management.jfr jdk.naming.dns jdk.naming.rmi jdk.net jdk.nio.mapmode jdk.random jdk.sctp jdk.security.auth jdk.security.jgss jdk.unsupported jdk.unsupported.desktop jdk.xml.dom" 

Environment Variables:
JAVA_HOME=C:\Program Files\Java\jdk-23
PATH=C:\Users\sohai\AppData\Local\Programs\Microsoft VS Code;C:\Program Files\Common Files\Oracle\Java\javapath;C:\Windows\system32;C:\Windows;C:\Windows\System32\Wbem;C:\Windows\System32\WindowsPowerShell\v1.0\;C:\Windows\System32\OpenSSH\;C:\Program Files (x86)\NVIDIA Corporation\PhysX\Common;C:\Program Files\NVIDIA Corporation\NVIDIA NvDLISR;C:\Program Files\dotnet\;C:\Program Files (x86)\Windows Kits\10\Windows Performance Toolkit\;C:\WINDOWS\system32;C:\WINDOWS;C:\WINDOWS\System32\Wbem;C:\WINDOWS\System32\WindowsPowerShell\v1.0\;C:\WINDOWS\System32\OpenSSH\;C:\Program Files\Git\cmd;C:\Program Files\nodejs\;C:\flutter\bin;C:\Users\sohai\AppData\Local\Programs\Python\Python313\Scripts\;C:\Users\sohai\AppData\Local\Programs\Python\Python313\;C:\Users\sohai\AppData\Local\Programs\Python\Launcher\;C:\Users\sohai\AppData\Local\Microsoft\WindowsApps;C:\Users\sohai\AppData\Local\Programs\Microsoft VS Code\bin;C:\Users\sohai\.dotnet\tools;C:\Program Files\JetBrains\PyCharm 2024.3.1.1\bin;;C:\Users\sohai\AppData\Local\GitHubDesktop\bin;C:\Program Files\JetBrains\PyCharm Community Edition 2024.3.1.1\bin;;C:\Users\sohai\AppData\Roaming\npm;
USERNAME=sohai
OS=Windows_NT
PROCESSOR_IDENTIFIER=AMD64 Family 25 Model 68 Stepping 1, AuthenticAMD
TMP=C:\Users\sohai\AppData\Local\Temp
TEMP=C:\Users\sohai\AppData\Local\Temp




Periodic native trim disabled

---------------  S Y S T E M  ---------------

OS:
 Windows 11 , 64 bit Build 26100 (10.0.26100.7920)
OS uptime: 0 days 11:36 hours
Hyper-V role detected

CPU: total 12 (initial active 12) (12 cores per cpu, 2 threads per core) family 25 model 68 stepping 1 microcode 0xa404102, cx8, cmov, fxsr, ht, mmx, 3dnowpref, sse, sse2, sse3, ssse3, sse4a, sse4.1, sse4.2, popcnt, lzcnt, tsc, tscinvbit, avx, avx2, aes, erms, clmul, bmi1, bmi2, adx, sha, fma, vzeroupper, clflush, clflushopt, hv, rdtscp, rdpid, fsrm, f16c, cet_ss
Processor Information for processor 0
  Max Mhz: 3301, Current Mhz: 2024, Mhz Limit: 3301
Processor Information for processor 1
  Max Mhz: 3301, Current Mhz: 2024, Mhz Limit: 3301
Processor Information for processor 2
  Max Mhz: 3301, Current Mhz: 2024, Mhz Limit: 3301
Processor Information for processor 3
  Max Mhz: 3301, Current Mhz: 2496, Mhz Limit: 3301
Processor Information for processor 4
  Max Mhz: 3301, Current Mhz: 2496, Mhz Limit: 3301
Processor Information for processor 5
  Max Mhz: 3301, Current Mhz: 2024, Mhz Limit: 3301
Processor Information for processor 6
  Max Mhz: 3301, Current Mhz: 2024, Mhz Limit: 3301
Processor Information for processor 7
  Max Mhz: 3301, Current Mhz: 2024, Mhz Limit: 3301
Processor Information for processor 8
  Max Mhz: 3301, Current Mhz: 2024, Mhz Limit: 3301
Processor Information for processor 9
  Max Mhz: 3301, Current Mhz: 2496, Mhz Limit: 3301
Processor Information for processor 10
  Max Mhz: 3301, Current Mhz: 2024, Mhz Limit: 3301
Processor Information for processor 11
  Max Mhz: 3301, Current Mhz: 2024, Mhz Limit: 3301

Memory: 4k page, system-wide physical 7419M (1402M free)
TotalPageFile size 29947M (AvailPageFile size 5M)
current process WorkingSet (physical memory assigned to process): 295M, peak: 297M
current process commit charge ("private bytes"): 359M, peak: 364M

vm_info: OpenJDK 64-Bit Server VM (21.0.10+7-LTS) for windows-amd64 JRE (21.0.10+7-LTS), built on 2026-01-20T00:00:00Z by "admin" with MS VC++ 17.12 (VS2022)

END.
