#
# There is insufficient memory for the Java Runtime Environment to continue.
# Native memory allocation (mmap) failed to map 12582912 bytes. Error detail: G1 virtual space
# Possible reasons:
#   The system is out of physical RAM or swap space
#   This process is running with CompressedOops enabled, and the Java Heap may be blocking the growth of the native heap
# Possible solutions:
#   Reduce memory load on the system
#   Increase physical memory or swap space
#   Check if swap backing store is full
#   Decrease Java heap size (-Xmx/-Xms)
#   Decrease number of Java threads
#   Decrease Java thread stack sizes (-Xss)
#   Set larger code cache with -XX:ReservedCodeCacheSize=
#   JVM is running with Zero Based Compressed Oops mode in which the Java heap is
#     placed in the first 32GB address space. The Java Heap base address is the
#     maximum limit for the native heap growth. Please use -XX:HeapBaseMinAddress
#     to set the Java Heap base and to place the Java Heap above 32GB virtual address.
# This output file may be truncated or incomplete.
#
#  Out of Memory Error (os_windows.cpp:3714), pid=25032, tid=33600
#
# JRE version: OpenJDK Runtime Environment Temurin-21.0.10+7 (21.0.10+7) (build 21.0.10+7-LTS)
# Java VM: OpenJDK 64-Bit Server VM Temurin-21.0.10+7 (21.0.10+7-LTS, mixed mode, sharing, tiered, compressed oops, compressed class ptrs, g1 gc, windows-amd64)
# No core dump will be written. Minidumps are not enabled by default on client versions of Windows
#

---------------  S U M M A R Y ------------

Command Line: --add-opens=java.base/java.lang=ALL-UNNAMED --add-opens=java.base/java.lang.invoke=ALL-UNNAMED --add-opens=java.base/java.util=ALL-UNNAMED --add-opens=java.prefs/java.util.prefs=ALL-UNNAMED --add-exports=jdk.compiler/com.sun.tools.javac.api=ALL-UNNAMED --add-exports=jdk.compiler/com.sun.tools.javac.util=ALL-UNNAMED --add-opens=java.base/java.util=ALL-UNNAMED --add-opens=java.prefs/java.util.prefs=ALL-UNNAMED --add-opens=java.base/java.nio.charset=ALL-UNNAMED --add-opens=java.base/java.net=ALL-UNNAMED --add-opens=java.base/java.util.concurrent.atomic=ALL-UNNAMED --add-opens=java.xml/javax.xml.namespace=ALL-UNNAMED -XX:MaxMetaspaceSize=4G -XX:ReservedCodeCacheSize=512m -XX:+HeapDumpOnOutOfMemoryError -Xmx8G -Dfile.encoding=UTF-8 -Duser.country=US -Duser.language=en -Duser.variant -javaagent:C:\Users\sohai\.gradle\wrapper\dists\gradle-8.14-all\c2qonpi39x1mddn7hk5gh9iqj\gradle-8.14\lib\agents\gradle-instrumentation-agent-8.14.jar org.gradle.launcher.daemon.bootstrap.GradleDaemon 8.14

Host: AMD Ryzen 5 7535HS with Radeon Graphics        , 12 cores, 7G,  Windows 11 , 64 bit Build 26100 (10.0.26100.7920)
Time: Wed Apr 29 14:40:17 2026 Egypt Daylight Time elapsed time: 104.824531 seconds (0d 0h 1m 44s)

---------------  T H R E A D  ---------------

Current thread (0x0000024ccf616800):  VMThread "VM Thread"          [id=33600, stack(0x000000c6a3000000,0x000000c6a3100000) (1024K)]

Stack: [0x000000c6a3000000,0x000000c6a3100000]
Native frames: (J=compiled Java code, j=interpreted, Vv=VM code, C=native code)
V  [jvm.dll+0x6d7a39]
V  [jvm.dll+0x8b4b26]
V  [jvm.dll+0x8b70de]
V  [jvm.dll+0x8b77c3]
V  [jvm.dll+0x284346]
V  [jvm.dll+0x6d4355]
V  [jvm.dll+0x6c808a]
V  [jvm.dll+0x35edb8]
V  [jvm.dll+0x3669f6]
V  [jvm.dll+0x3b7afe]
V  [jvm.dll+0x3b7da8]
V  [jvm.dll+0x332fbc]
V  [jvm.dll+0x3357d6]
V  [jvm.dll+0x33f7cd]
V  [jvm.dll+0x374e8f]
V  [jvm.dll+0x8bd4b0]
V  [jvm.dll+0x8be824]
V  [jvm.dll+0x8bed50]
V  [jvm.dll+0x8beff3]
V  [jvm.dll+0x85f59d]
V  [jvm.dll+0x6d626d]
C  [ucrtbase.dll+0x37b0]
C  [KERNEL32.DLL+0x2e8d7]
C  [ntdll.dll+0x8c48c]

VM_Operation (0x000000c6a2bff6b0): G1PauseRemark, mode: safepoint, requested by thread 0x0000024ca1b790f0


---------------  P R O C E S S  ---------------

Threads class SMR info:
_java_thread_list=0x0000024d1c752000, length=158, elements={
0x0000024c9f5d4610, 0x0000024ccf628720, 0x0000024ccf629ea0, 0x0000024ccf631b00,
0x0000024cd2110090, 0x0000024ccf632b20, 0x0000024cd211a5e0, 0x0000024cd2124760,
0x0000024cd2129250, 0x0000024cd211d3d0, 0x0000024cd2119f50, 0x0000024cd211ac70,
0x0000024cd211b990, 0x0000024cd211c020, 0x0000024cd211cd40, 0x0000024cd218da00,
0x0000024cd218e090, 0x0000024cd218d370, 0x0000024cd218edb0, 0x0000024cd218c650,
0x0000024cd218e720, 0x0000024cd218b930, 0x0000024cd218cce0, 0x0000024cd218f440,
0x0000024cd218bfc0, 0x0000024cd21928c0, 0x0000024cd21907f0, 0x0000024cd2190e80,
0x0000024cd2191510, 0x0000024cd2192f50, 0x0000024cd2192230, 0x0000024cd2190160,
0x0000024d19f98240, 0x0000024d19f96e90, 0x0000024d19f96800, 0x0000024d19f94dc0,
0x0000024d19f995f0, 0x0000024d19f97520, 0x0000024d19f96170, 0x0000024d19f9c3e0,
0x0000024d19f99c80, 0x0000024d19f9a9a0, 0x0000024d19f9a310, 0x0000024d19f9b6c0,
0x0000024d19f9b030, 0x0000024d19f9bd50, 0x0000024d18f1fa10, 0x0000024d18f1f380,
0x0000024d18f1c590, 0x0000024d18f200a0, 0x0000024d18f1cc20, 0x0000024d18f1ecf0,
0x0000024d18f1e660, 0x0000024d18f20730, 0x0000024d18f1d2b0, 0x0000024d18f20dc0,
0x0000024d18f1d940, 0x0000024d18f21450, 0x0000024d18f1dfd0, 0x0000024d18f22170,
0x0000024d18f23520, 0x0000024d18f21ae0, 0x0000024d18f22800, 0x0000024d18f23bb0,
0x0000024d18f22e90, 0x0000024d1bd0f1b0, 0x0000024d1bd0f840, 0x0000024d1bd11910,
0x0000024d1bd0fed0, 0x0000024d1bd11fa0, 0x0000024d1bd15ab0, 0x0000024d1bd14700,
0x0000024d1bd15420, 0x0000024cd211b300, 0x0000024d196d3bc0, 0x0000024d196d5c90,
0x0000024d196d76d0, 0x0000024d196d5600, 0x0000024d196d4250, 0x0000024d196d6320,
0x0000024d196d7d60, 0x0000024d196d69b0, 0x0000024d196d7040, 0x0000024d196d48e0,
0x0000024d196d4f70, 0x0000024d196da4c0, 0x0000024d196d9e30, 0x0000024d196d8a80,
0x0000024d196d9110, 0x0000024d196dab50, 0x0000024d196db1e0, 0x0000024d196d97a0,
0x0000024d1c4d49b0, 0x0000024d1c4d3600, 0x0000024d1c4d3c90, 0x0000024d1c4d2250,
0x0000024d1c4d4320, 0x0000024d1c4d5d60, 0x0000024d1c4d5040, 0x0000024d1c4d56d0,
0x0000024d1c4d28e0, 0x0000024d1c4d63f0, 0x0000024d1c4d2f70, 0x0000024d1c4d91e0,
0x0000024d1c4d8b50, 0x0000024d1c4d7e30, 0x0000024d1c4d6a80, 0x0000024d1c4d84c0,
0x0000024d1c4d9870, 0x0000024d1c4d7110, 0x0000024d1c4d77a0, 0x0000024d1b7f5280,
0x0000024d1b7f3ed0, 0x0000024d1b7f6cc0, 0x0000024d1b7f7350, 0x0000024d1b7f6630,
0x0000024d1b7f4560, 0x0000024d1b7f4bf0, 0x0000024d1b7f79e0, 0x0000024d1b7f8070,
0x0000024d1b7f8700, 0x0000024d1b7f9420, 0x0000024d1b7f5fa0, 0x0000024d1b7f9ab0,
0x0000024d1b7fa140, 0x0000024d1b7fae60, 0x0000024d1b7fb4f0, 0x0000024d19546ed0,
0x0000024d19547560, 0x0000024d19547bf0, 0x0000024d19548280, 0x0000024d195461b0,
0x0000024d19548910, 0x0000024d19545490, 0x0000024d19548fa0, 0x0000024d19545b20,
0x0000024d19549630, 0x0000024d19549cc0, 0x0000024d19546840, 0x0000024d1954bd90,
0x0000024d1954a350, 0x0000024d1954b070, 0x0000024d1954c420, 0x0000024d1954cab0,
0x0000024d1954a9e0, 0x0000024d1954b700, 0x0000024d199c5370, 0x0000024d199c5a00,
0x0000024d199c4650, 0x0000024d199c2c10, 0x0000024d199c2580, 0x0000024d199c32a0,
0x0000024d199c6090, 0x0000024d199c3930, 0x0000024d199c6720, 0x0000024d199c3fc0,
0x0000024d199c8160, 0x0000024d199c7440
}

Java Threads: ( => current thread )
  0x0000024c9f5d4610 JavaThread "main"                              [_thread_blocked, id=31272, stack(0x000000c6a2900000,0x000000c6a2a00000) (1024K)]
  0x0000024ccf628720 JavaThread "Reference Handler"          daemon [_thread_blocked, id=2932, stack(0x000000c6a3100000,0x000000c6a3200000) (1024K)]
  0x0000024ccf629ea0 JavaThread "Finalizer"                  daemon [_thread_blocked, id=27332, stack(0x000000c6a3200000,0x000000c6a3300000) (1024K)]
  0x0000024ccf631b00 JavaThread "Signal Dispatcher"          daemon [_thread_blocked, id=28184, stack(0x000000c6a3300000,0x000000c6a3400000) (1024K)]
  0x0000024cd2110090 JavaThread "Attach Listener"            daemon [_thread_blocked, id=20732, stack(0x000000c6a3400000,0x000000c6a3500000) (1024K)]
  0x0000024ccf632b20 JavaThread "Service Thread"             daemon [_thread_blocked, id=28440, stack(0x000000c6a3500000,0x000000c6a3600000) (1024K)]
  0x0000024cd211a5e0 JavaThread "Monitor Deflation Thread"   daemon [_thread_blocked, id=31712, stack(0x000000c6a3600000,0x000000c6a3700000) (1024K)]
  0x0000024cd2124760 JavaThread "C2 CompilerThread0"         daemon [_thread_blocked, id=27392, stack(0x000000c6a3700000,0x000000c6a3800000) (1024K)]
  0x0000024cd2129250 JavaThread "C1 CompilerThread0"         daemon [_thread_blocked, id=7948, stack(0x000000c6a3800000,0x000000c6a3900000) (1024K)]
  0x0000024cd211d3d0 JavaThread "Common-Cleaner"             daemon [_thread_blocked, id=7772, stack(0x000000c6a3900000,0x000000c6a3a00000) (1024K)]
  0x0000024cd2119f50 JavaThread "Notification Thread"        daemon [_thread_blocked, id=27492, stack(0x000000c6a3a00000,0x000000c6a3b00000) (1024K)]
  0x0000024cd211ac70 JavaThread "Daemon health stats"               [_thread_blocked, id=12568, stack(0x000000c6a4300000,0x000000c6a4400000) (1024K)]
  0x0000024cd211b990 JavaThread "Incoming local TCP Connector on port 59381"        [_thread_in_native, id=29148, stack(0x000000c6a4400000,0x000000c6a4500000) (1024K)]
  0x0000024cd211c020 JavaThread "Daemon periodic checks"            [_thread_blocked, id=25216, stack(0x000000c6a4500000,0x000000c6a4600000) (1024K)]
  0x0000024cd211cd40 JavaThread "Daemon"                            [_thread_blocked, id=30248, stack(0x000000c6a4600000,0x000000c6a4700000) (1024K)]
  0x0000024cd218da00 JavaThread "Handler for socket connection from /127.0.0.1:59381 to /127.0.0.1:59382"        [_thread_in_native, id=22832, stack(0x000000c6a4700000,0x000000c6a4800000) (1024K)]
  0x0000024cd218e090 JavaThread "Cancel handler"                    [_thread_blocked, id=31588, stack(0x000000c6a4800000,0x000000c6a4900000) (1024K)]
  0x0000024cd218d370 JavaThread "Daemon worker"                     [_thread_blocked, id=30344, stack(0x000000c6a4900000,0x000000c6a4a00000) (1024K)]
  0x0000024cd218edb0 JavaThread "Asynchronous log dispatcher for DefaultDaemonConnection: socket connection from /127.0.0.1:59381 to /127.0.0.1:59382"        [_thread_blocked, id=30960, stack(0x000000c6a4a00000,0x000000c6a4b00000) (1024K)]
  0x0000024cd218c650 JavaThread "Stdin handler"                     [_thread_blocked, id=18484, stack(0x000000c6a4b00000,0x000000c6a4c00000) (1024K)]
  0x0000024cd218e720 JavaThread "Daemon client event forwarder"        [_thread_blocked, id=30800, stack(0x000000c6a4c00000,0x000000c6a4d00000) (1024K)]
  0x0000024cd218b930 JavaThread "Cache worker for journal cache (C:\Users\sohai\.gradle\caches\journal-1)"        [_thread_blocked, id=25692, stack(0x000000c6a4d00000,0x000000c6a4e00000) (1024K)]
  0x0000024cd218cce0 JavaThread "File lock request listener"        [_thread_in_native, id=30408, stack(0x000000c6a4e00000,0x000000c6a4f00000) (1024K)]
  0x0000024cd218f440 JavaThread "Cache worker for file hash cache (C:\Users\sohai\.gradle\caches\8.14\fileHashes)"        [_thread_blocked, id=21672, stack(0x000000c6a4f00000,0x000000c6a5000000) (1024K)]
  0x0000024cd218bfc0 JavaThread "File lock release action executor"        [_thread_blocked, id=25620, stack(0x000000c6a5000000,0x000000c6a5100000) (1024K)]
  0x0000024cd21928c0 JavaThread "Cache worker for file hash cache (C:\src\3elty\flutter_application_1\android\.gradle\8.14\fileHashes)"        [_thread_blocked, id=23492, stack(0x000000c6a5500000,0x000000c6a5600000) (1024K)]
  0x0000024cd21907f0 JavaThread "Cache worker for Build Output Cleanup Cache (C:\src\3elty\flutter_application_1\android\.gradle\buildOutputCleanup)"        [_thread_blocked, id=32016, stack(0x000000c6a5600000,0x000000c6a5700000) (1024K)]
  0x0000024cd2190e80 JavaThread "File watcher server"        daemon [_thread_in_native, id=30156, stack(0x000000c6a5700000,0x000000c6a5800000) (1024K)]
  0x0000024cd2191510 JavaThread "File watcher consumer"      daemon [_thread_blocked, id=20508, stack(0x000000c6a5800000,0x000000c6a5900000) (1024K)]
  0x0000024cd2192f50 JavaThread "jar transforms"                    [_thread_blocked, id=33260, stack(0x000000c6a5200000,0x000000c6a5300000) (1024K)]
  0x0000024cd2192230 JavaThread "jar transforms Thread 2"           [_thread_blocked, id=31572, stack(0x000000c6a5900000,0x000000c6a5a00000) (1024K)]
  0x0000024cd2190160 JavaThread "Cache worker for checksums cache (C:\src\3elty\flutter_application_1\android\.gradle\8.14\checksums)"        [_thread_blocked, id=22304, stack(0x000000c6a5a00000,0x000000c6a5b00000) (1024K)]
  0x0000024d19f98240 JavaThread "Cache worker for file content cache (C:\Users\sohai\.gradle\caches\8.14\fileContent)"        [_thread_blocked, id=30568, stack(0x000000c6a5b00000,0x000000c6a5c00000) (1024K)]
  0x0000024d19f96e90 JavaThread "Cache worker for cache directory md-supplier (C:\Users\sohai\.gradle\caches\8.14\md-supplier)"        [_thread_blocked, id=22908, stack(0x000000c6a5c00000,0x000000c6a5d00000) (1024K)]
  0x0000024d19f96800 JavaThread "Cache worker for cache directory md-rule (C:\Users\sohai\.gradle\caches\8.14\md-rule)"        [_thread_blocked, id=30948, stack(0x000000c6a5d00000,0x000000c6a5e00000) (1024K)]
  0x0000024d19f94dc0 JavaThread "Cache worker for Build Output Cleanup Cache (C:\flutter\packages\flutter_tools\gradle\.gradle\buildOutputCleanup)"        [_thread_blocked, id=33028, stack(0x000000c6a5e00000,0x000000c6a5f00000) (1024K)]
  0x0000024d19f995f0 JavaThread "Unconstrained build operations"        [_thread_blocked, id=32440, stack(0x000000c6a5f00000,0x000000c6a6000000) (1024K)]
  0x0000024d19f97520 JavaThread "Unconstrained build operations Thread 2"        [_thread_blocked, id=30352, stack(0x000000c6a6000000,0x000000c6a6100000) (1024K)]
  0x0000024d19f96170 JavaThread "Unconstrained build operations Thread 3"        [_thread_blocked, id=30924, stack(0x000000c6a6100000,0x000000c6a6200000) (1024K)]
  0x0000024d19f9c3e0 JavaThread "Unconstrained build operations Thread 4"        [_thread_blocked, id=27584, stack(0x000000c6a6200000,0x000000c6a6300000) (1024K)]
  0x0000024d19f99c80 JavaThread "Unconstrained build operations Thread 5"        [_thread_blocked, id=10528, stack(0x000000c6a6300000,0x000000c6a6400000) (1024K)]
  0x0000024d19f9a9a0 JavaThread "Unconstrained build operations Thread 6"        [_thread_blocked, id=24696, stack(0x000000c6a6400000,0x000000c6a6500000) (1024K)]
  0x0000024d19f9a310 JavaThread "Unconstrained build operations Thread 7"        [_thread_blocked, id=5836, stack(0x000000c6a6500000,0x000000c6a6600000) (1024K)]
  0x0000024d19f9b6c0 JavaThread "Unconstrained build operations Thread 8"        [_thread_blocked, id=30500, stack(0x000000c6a6600000,0x000000c6a6700000) (1024K)]
  0x0000024d19f9b030 JavaThread "Unconstrained build operations Thread 9"        [_thread_blocked, id=31388, stack(0x000000c6a6700000,0x000000c6a6800000) (1024K)]
  0x0000024d19f9bd50 JavaThread "Unconstrained build operations Thread 10"        [_thread_blocked, id=31244, stack(0x000000c6a6800000,0x000000c6a6900000) (1024K)]
  0x0000024d18f1fa10 JavaThread "Unconstrained build operations Thread 11"        [_thread_blocked, id=31972, stack(0x000000c6a6900000,0x000000c6a6a00000) (1024K)]
  0x0000024d18f1f380 JavaThread "Unconstrained build operations Thread 12"        [_thread_blocked, id=12828, stack(0x000000c6a6a00000,0x000000c6a6b00000) (1024K)]
  0x0000024d18f1c590 JavaThread "Unconstrained build operations Thread 13"        [_thread_blocked, id=13224, stack(0x000000c6a6b00000,0x000000c6a6c00000) (1024K)]
  0x0000024d18f200a0 JavaThread "Unconstrained build operations Thread 14"        [_thread_blocked, id=29748, stack(0x000000c6a6c00000,0x000000c6a6d00000) (1024K)]
  0x0000024d18f1cc20 JavaThread "Unconstrained build operations Thread 15"        [_thread_blocked, id=33788, stack(0x000000c6a6d00000,0x000000c6a6e00000) (1024K)]
  0x0000024d18f1ecf0 JavaThread "Unconstrained build operations Thread 16"        [_thread_blocked, id=24948, stack(0x000000c6a6e00000,0x000000c6a6f00000) (1024K)]
  0x0000024d18f1e660 JavaThread "Unconstrained build operations Thread 17"        [_thread_blocked, id=30216, stack(0x000000c6a6f00000,0x000000c6a7000000) (1024K)]
  0x0000024d18f20730 JavaThread "Unconstrained build operations Thread 18"        [_thread_blocked, id=15068, stack(0x000000c6a7000000,0x000000c6a7100000) (1024K)]
  0x0000024d18f1d2b0 JavaThread "Unconstrained build operations Thread 19"        [_thread_blocked, id=1832, stack(0x000000c6a7100000,0x000000c6a7200000) (1024K)]
  0x0000024d18f20dc0 JavaThread "Unconstrained build operations Thread 20"        [_thread_blocked, id=13964, stack(0x000000c6a7200000,0x000000c6a7300000) (1024K)]
  0x0000024d18f1d940 JavaThread "Unconstrained build operations Thread 21"        [_thread_blocked, id=10236, stack(0x000000c6a7300000,0x000000c6a7400000) (1024K)]
  0x0000024d18f21450 JavaThread "Unconstrained build operations Thread 22"        [_thread_blocked, id=30548, stack(0x000000c6a7400000,0x000000c6a7500000) (1024K)]
  0x0000024d18f1dfd0 JavaThread "Unconstrained build operations Thread 23"        [_thread_blocked, id=25172, stack(0x000000c6a7500000,0x000000c6a7600000) (1024K)]
  0x0000024d18f22170 JavaThread "Unconstrained build operations Thread 24"        [_thread_blocked, id=3024, stack(0x000000c6a7600000,0x000000c6a7700000) (1024K)]
  0x0000024d18f23520 JavaThread "Unconstrained build operations Thread 25"        [_thread_blocked, id=25844, stack(0x000000c6a7700000,0x000000c6a7800000) (1024K)]
  0x0000024d18f21ae0 JavaThread "Unconstrained build operations Thread 26"        [_thread_blocked, id=32540, stack(0x000000c6a7800000,0x000000c6a7900000) (1024K)]
  0x0000024d18f22800 JavaThread "Unconstrained build operations Thread 27"        [_thread_blocked, id=27484, stack(0x000000c6a7900000,0x000000c6a7a00000) (1024K)]
  0x0000024d18f23bb0 JavaThread "Unconstrained build operations Thread 28"        [_thread_blocked, id=32228, stack(0x000000c6a7a00000,0x000000c6a7b00000) (1024K)]
  0x0000024d18f22e90 JavaThread "Unconstrained build operations Thread 29"        [_thread_blocked, id=28444, stack(0x000000c6a7b00000,0x000000c6a7c00000) (1024K)]
  0x0000024d1bd0f1b0 JavaThread "Unconstrained build operations Thread 30"        [_thread_blocked, id=16788, stack(0x000000c6a7c00000,0x000000c6a7d00000) (1024K)]
  0x0000024d1bd0f840 JavaThread "Unconstrained build operations Thread 31"        [_thread_blocked, id=18164, stack(0x000000c6a7d00000,0x000000c6a7e00000) (1024K)]
  0x0000024d1bd11910 JavaThread "Unconstrained build operations Thread 32"        [_thread_blocked, id=22348, stack(0x000000c6a7e00000,0x000000c6a7f00000) (1024K)]
  0x0000024d1bd0fed0 JavaThread "Unconstrained build operations Thread 33"        [_thread_blocked, id=29976, stack(0x000000c6a7f00000,0x000000c6a8000000) (1024K)]
  0x0000024d1bd11fa0 JavaThread "Memory manager"                    [_thread_blocked, id=14952, stack(0x000000c6a8000000,0x000000c6a8100000) (1024K)]
  0x0000024d1bd15ab0 JavaThread "build event listener"              [_thread_blocked, id=23152, stack(0x000000c6a8100000,0x000000c6a8200000) (1024K)]
  0x0000024d1bd14700 JavaThread "included builds"                   [_thread_blocked, id=2780, stack(0x000000c6a8200000,0x000000c6a8300000) (1024K)]
  0x0000024d1bd15420 JavaThread "Execution worker"                  [_thread_blocked, id=15948, stack(0x000000c6a8300000,0x000000c6a8400000) (1024K)]
  0x0000024cd211b300 JavaThread "Execution worker Thread 2"         [_thread_blocked, id=31644, stack(0x000000c6a8400000,0x000000c6a8500000) (1024K)]
  0x0000024d196d3bc0 JavaThread "Execution worker Thread 3"         [_thread_blocked, id=13332, stack(0x000000c6a8500000,0x000000c6a8600000) (1024K)]
  0x0000024d196d5c90 JavaThread "Execution worker Thread 4"         [_thread_blocked, id=33308, stack(0x000000c6a8600000,0x000000c6a8700000) (1024K)]
  0x0000024d196d76d0 JavaThread "Execution worker Thread 5"         [_thread_blocked, id=8720, stack(0x000000c6a8700000,0x000000c6a8800000) (1024K)]
  0x0000024d196d5600 JavaThread "Execution worker Thread 6"         [_thread_blocked, id=33636, stack(0x000000c6a8800000,0x000000c6a8900000) (1024K)]
  0x0000024d196d4250 JavaThread "Execution worker Thread 7"         [_thread_blocked, id=5948, stack(0x000000c6a8900000,0x000000c6a8a00000) (1024K)]
  0x0000024d196d6320 JavaThread "Execution worker Thread 8"         [_thread_blocked, id=31904, stack(0x000000c6a8a00000,0x000000c6a8b00000) (1024K)]
  0x0000024d196d7d60 JavaThread "Execution worker Thread 9"         [_thread_blocked, id=28852, stack(0x000000c6a8b00000,0x000000c6a8c00000) (1024K)]
  0x0000024d196d69b0 JavaThread "Execution worker Thread 10"        [_thread_blocked, id=33520, stack(0x000000c6a8c00000,0x000000c6a8d00000) (1024K)]
  0x0000024d196d7040 JavaThread "Execution worker Thread 11"        [_thread_blocked, id=25244, stack(0x000000c6a8d00000,0x000000c6a8e00000) (1024K)]
  0x0000024d196d48e0 JavaThread "Cache worker for execution history cache (C:\flutter\packages\flutter_tools\gradle\.gradle\8.14\executionHistory)"        [_thread_blocked, id=29488, stack(0x000000c6a8e00000,0x000000c6a8f00000) (1024K)]
  0x0000024d196d4f70 JavaThread "Unconstrained build operations Thread 34"        [_thread_blocked, id=6564, stack(0x000000c6a8f00000,0x000000c6a9000000) (1024K)]
  0x0000024d196da4c0 JavaThread "Unconstrained build operations Thread 35"        [_thread_blocked, id=30492, stack(0x000000c6a9000000,0x000000c6a9100000) (1024K)]
  0x0000024d196d9e30 JavaThread "Unconstrained build operations Thread 36"        [_thread_blocked, id=5832, stack(0x000000c6a9100000,0x000000c6a9200000) (1024K)]
  0x0000024d196d8a80 JavaThread "Unconstrained build operations Thread 37"        [_thread_blocked, id=9732, stack(0x000000c6a9200000,0x000000c6a9300000) (1024K)]
  0x0000024d196d9110 JavaThread "Unconstrained build operations Thread 38"        [_thread_blocked, id=32496, stack(0x000000c6a9300000,0x000000c6a9400000) (1024K)]
  0x0000024d196dab50 JavaThread "Unconstrained build operations Thread 39"        [_thread_blocked, id=23476, stack(0x000000c6a9400000,0x000000c6a9500000) (1024K)]
  0x0000024d196db1e0 JavaThread "Unconstrained build operations Thread 40"        [_thread_blocked, id=28100, stack(0x000000c6a9500000,0x000000c6a9600000) (1024K)]
  0x0000024d196d97a0 JavaThread "Unconstrained build operations Thread 41"        [_thread_blocked, id=11620, stack(0x000000c6a9600000,0x000000c6a9700000) (1024K)]
  0x0000024d1c4d49b0 JavaThread "Unconstrained build operations Thread 42"        [_thread_blocked, id=8444, stack(0x000000c6a9700000,0x000000c6a9800000) (1024K)]
  0x0000024d1c4d3600 JavaThread "Unconstrained build operations Thread 43"        [_thread_blocked, id=30308, stack(0x000000c6a9800000,0x000000c6a9900000) (1024K)]
  0x0000024d1c4d3c90 JavaThread "Unconstrained build operations Thread 44"        [_thread_blocked, id=11580, stack(0x000000c6a9900000,0x000000c6a9a00000) (1024K)]
  0x0000024d1c4d2250 JavaThread "Unconstrained build operations Thread 45"        [_thread_blocked, id=4080, stack(0x000000c6a9a00000,0x000000c6a9b00000) (1024K)]
  0x0000024d1c4d4320 JavaThread "Unconstrained build operations Thread 46"        [_thread_blocked, id=13772, stack(0x000000c6a9b00000,0x000000c6a9c00000) (1024K)]
  0x0000024d1c4d5d60 JavaThread "Unconstrained build operations Thread 47"        [_thread_blocked, id=4828, stack(0x000000c6a9c00000,0x000000c6a9d00000) (1024K)]
  0x0000024d1c4d5040 JavaThread "Unconstrained build operations Thread 48"        [_thread_blocked, id=16260, stack(0x000000c6a9d00000,0x000000c6a9e00000) (1024K)]
  0x0000024d1c4d56d0 JavaThread "Unconstrained build operations Thread 49"        [_thread_blocked, id=14148, stack(0x000000c6a9e00000,0x000000c6a9f00000) (1024K)]
  0x0000024d1c4d28e0 JavaThread "Unconstrained build operations Thread 50"        [_thread_blocked, id=33472, stack(0x000000c6a9f00000,0x000000c6aa000000) (1024K)]
  0x0000024d1c4d63f0 JavaThread "Unconstrained build operations Thread 51"        [_thread_blocked, id=23384, stack(0x000000c6aa000000,0x000000c6aa100000) (1024K)]
  0x0000024d1c4d2f70 JavaThread "Unconstrained build operations Thread 52"        [_thread_blocked, id=3000, stack(0x000000c6aa100000,0x000000c6aa200000) (1024K)]
  0x0000024d1c4d91e0 JavaThread "Unconstrained build operations Thread 53"        [_thread_blocked, id=32500, stack(0x000000c6aa200000,0x000000c6aa300000) (1024K)]
  0x0000024d1c4d8b50 JavaThread "Unconstrained build operations Thread 54"        [_thread_blocked, id=26548, stack(0x000000c6aa300000,0x000000c6aa400000) (1024K)]
  0x0000024d1c4d7e30 JavaThread "Unconstrained build operations Thread 55"        [_thread_blocked, id=32848, stack(0x000000c6aa400000,0x000000c6aa500000) (1024K)]
  0x0000024d1c4d6a80 JavaThread "Unconstrained build operations Thread 56"        [_thread_blocked, id=19908, stack(0x000000c6aa500000,0x000000c6aa600000) (1024K)]
  0x0000024d1c4d84c0 JavaThread "Unconstrained build operations Thread 57"        [_thread_blocked, id=30540, stack(0x000000c6aa600000,0x000000c6aa700000) (1024K)]
  0x0000024d1c4d9870 JavaThread "Unconstrained build operations Thread 58"        [_thread_blocked, id=1816, stack(0x000000c6aa700000,0x000000c6aa800000) (1024K)]
  0x0000024d1c4d7110 JavaThread "Unconstrained build operations Thread 59"        [_thread_blocked, id=25652, stack(0x000000c6aa800000,0x000000c6aa900000) (1024K)]
  0x0000024d1c4d77a0 JavaThread "Unconstrained build operations Thread 60"        [_thread_blocked, id=28900, stack(0x000000c6aa900000,0x000000c6aaa00000) (1024K)]
  0x0000024d1b7f5280 JavaThread "Unconstrained build operations Thread 61"        [_thread_blocked, id=32212, stack(0x000000c6aaa00000,0x000000c6aab00000) (1024K)]
  0x0000024d1b7f3ed0 JavaThread "Unconstrained build operations Thread 62"        [_thread_blocked, id=26716, stack(0x000000c6aab00000,0x000000c6aac00000) (1024K)]
  0x0000024d1b7f6cc0 JavaThread "Unconstrained build operations Thread 63"        [_thread_blocked, id=24956, stack(0x000000c6aac00000,0x000000c6aad00000) (1024K)]
  0x0000024d1b7f7350 JavaThread "Unconstrained build operations Thread 64"        [_thread_blocked, id=26196, stack(0x000000c6aad00000,0x000000c6aae00000) (1024K)]
  0x0000024d1b7f6630 JavaThread "Unconstrained build operations Thread 65"        [_thread_blocked, id=28176, stack(0x000000c6aae00000,0x000000c6aaf00000) (1024K)]
  0x0000024d1b7f4560 JavaThread "Unconstrained build operations Thread 66"        [_thread_blocked, id=33652, stack(0x000000c6aaf00000,0x000000c6ab000000) (1024K)]
  0x0000024d1b7f4bf0 JavaThread "Unconstrained build operations Thread 67"        [_thread_blocked, id=33156, stack(0x000000c6ab000000,0x000000c6ab100000) (1024K)]
  0x0000024d1b7f79e0 JavaThread "Unconstrained build operations Thread 68"        [_thread_blocked, id=30904, stack(0x000000c6ab100000,0x000000c6ab200000) (1024K)]
  0x0000024d1b7f8070 JavaThread "WorkerExecutor Queue"              [_thread_blocked, id=6956, stack(0x000000c6ab200000,0x000000c6ab300000) (1024K)]
  0x0000024d1b7f8700 JavaThread "RMI Scheduler(0)"           daemon [_thread_blocked, id=28916, stack(0x000000c6ab300000,0x000000c6ab400000) (1024K)]
  0x0000024d1b7f9420 JavaThread "RMI GC Daemon"              daemon [_thread_blocked, id=33332, stack(0x000000c6ab500000,0x000000c6ab600000) (1024K)]
  0x0000024d1b7f5fa0 JavaThread "RMI TCP Accept-0"           daemon [_thread_in_native, id=31200, stack(0x000000c6ab600000,0x000000c6ab700000) (1024K)]
  0x0000024d1b7f9ab0 JavaThread "RMI Reaper"                        [_thread_blocked, id=16792, stack(0x000000c6ab700000,0x000000c6ab800000) (1024K)]
  0x0000024d1b7fa140 JavaThread "RMI TCP Connection(2)-127.0.0.1" daemon [_thread_in_native, id=628, stack(0x000000c6ab900000,0x000000c6aba00000) (1024K)]
  0x0000024d1b7fae60 JavaThread "Unconstrained build operations Thread 69"        [_thread_blocked, id=27792, stack(0x000000c6a2700000,0x000000c6a2800000) (1024K)]
  0x0000024d1b7fb4f0 JavaThread "Unconstrained build operations Thread 70"        [_thread_blocked, id=29300, stack(0x000000c6ab800000,0x000000c6ab900000) (1024K)]
  0x0000024d19546ed0 JavaThread "Unconstrained build operations Thread 71"        [_thread_blocked, id=33120, stack(0x000000c6aba00000,0x000000c6abb00000) (1024K)]
  0x0000024d19547560 JavaThread "Unconstrained build operations Thread 72"        [_thread_blocked, id=3664, stack(0x000000c6abb00000,0x000000c6abc00000) (1024K)]
  0x0000024d19547bf0 JavaThread "Unconstrained build operations Thread 73"        [_thread_blocked, id=13608, stack(0x000000c6abc00000,0x000000c6abd00000) (1024K)]
  0x0000024d19548280 JavaThread "Unconstrained build operations Thread 74"        [_thread_blocked, id=24512, stack(0x000000c6abd00000,0x000000c6abe00000) (1024K)]
  0x0000024d195461b0 JavaThread "Unconstrained build operations Thread 75"        [_thread_blocked, id=24460, stack(0x000000c6abe00000,0x000000c6abf00000) (1024K)]
  0x0000024d19548910 JavaThread "Unconstrained build operations Thread 76"        [_thread_blocked, id=29276, stack(0x000000c6abf00000,0x000000c6ac000000) (1024K)]
  0x0000024d19545490 JavaThread "Unconstrained build operations Thread 77"        [_thread_blocked, id=14960, stack(0x000000c6ac000000,0x000000c6ac100000) (1024K)]
  0x0000024d19548fa0 JavaThread "Unconstrained build operations Thread 78"        [_thread_blocked, id=7376, stack(0x000000c6ac100000,0x000000c6ac200000) (1024K)]
  0x0000024d19545b20 JavaThread "Unconstrained build operations Thread 79"        [_thread_blocked, id=27216, stack(0x000000c6ac200000,0x000000c6ac300000) (1024K)]
  0x0000024d19549630 JavaThread "Unconstrained build operations Thread 80"        [_thread_blocked, id=30016, stack(0x000000c6ac300000,0x000000c6ac400000) (1024K)]
  0x0000024d19549cc0 JavaThread "Unconstrained build operations Thread 81"        [_thread_blocked, id=23000, stack(0x000000c6ac400000,0x000000c6ac500000) (1024K)]
  0x0000024d19546840 JavaThread "Unconstrained build operations Thread 82"        [_thread_blocked, id=29780, stack(0x000000c6ac500000,0x000000c6ac600000) (1024K)]
  0x0000024d1954bd90 JavaThread "Unconstrained build operations Thread 83"        [_thread_blocked, id=28136, stack(0x000000c6ac600000,0x000000c6ac700000) (1024K)]
  0x0000024d1954a350 JavaThread "Unconstrained build operations Thread 84"        [_thread_blocked, id=24888, stack(0x000000c6ac700000,0x000000c6ac800000) (1024K)]
  0x0000024d1954b070 JavaThread "Unconstrained build operations Thread 85"        [_thread_blocked, id=3044, stack(0x000000c6ac800000,0x000000c6ac900000) (1024K)]
  0x0000024d1954c420 JavaThread "Unconstrained build operations Thread 86"        [_thread_blocked, id=24848, stack(0x000000c6ac900000,0x000000c6aca00000) (1024K)]
  0x0000024d1954cab0 JavaThread "Unconstrained build operations Thread 87"        [_thread_blocked, id=24428, stack(0x000000c6aca00000,0x000000c6acb00000) (1024K)]
  0x0000024d1954a9e0 JavaThread "Unconstrained build operations Thread 88"        [_thread_blocked, id=33720, stack(0x000000c6acb00000,0x000000c6acc00000) (1024K)]
  0x0000024d1954b700 JavaThread "Unconstrained build operations Thread 89"        [_thread_blocked, id=31792, stack(0x000000c6acc00000,0x000000c6acd00000) (1024K)]
  0x0000024d199c5370 JavaThread "Unconstrained build operations Thread 90"        [_thread_blocked, id=28996, stack(0x000000c6acd00000,0x000000c6ace00000) (1024K)]
  0x0000024d199c5a00 JavaThread "Unconstrained build operations Thread 91"        [_thread_blocked, id=31256, stack(0x000000c6ab400000,0x000000c6ab500000) (1024K)]
  0x0000024d199c4650 JavaThread "Unconstrained build operations Thread 92"        [_thread_blocked, id=30888, stack(0x000000c6ace00000,0x000000c6acf00000) (1024K)]
  0x0000024d199c2c10 JavaThread "Unconstrained build operations Thread 93"        [_thread_blocked, id=30072, stack(0x000000c6acf00000,0x000000c6ad000000) (1024K)]
  0x0000024d199c2580 JavaThread "Unconstrained build operations Thread 94"        [_thread_blocked, id=32996, stack(0x000000c6ad000000,0x000000c6ad100000) (1024K)]
  0x0000024d199c32a0 JavaThread "Unconstrained build operations Thread 95"        [_thread_blocked, id=31728, stack(0x000000c6ad100000,0x000000c6ad200000) (1024K)]
  0x0000024d199c6090 JavaThread "Unconstrained build operations Thread 96"        [_thread_blocked, id=33616, stack(0x000000c6ad200000,0x000000c6ad300000) (1024K)]
  0x0000024d199c3930 JavaThread "Unconstrained build operations Thread 97"        [_thread_blocked, id=31040, stack(0x000000c6ad300000,0x000000c6ad400000) (1024K)]
  0x0000024d199c6720 JavaThread "Unconstrained build operations Thread 98"        [_thread_blocked, id=20888, stack(0x000000c6ad400000,0x000000c6ad500000) (1024K)]
  0x0000024d199c3fc0 JavaThread "Unconstrained build operations Thread 99"        [_thread_blocked, id=25104, stack(0x000000c6ad500000,0x000000c6ad600000) (1024K)]
  0x0000024d199c8160 JavaThread "Unconstrained build operations Thread 100"        [_thread_blocked, id=32064, stack(0x000000c6ad600000,0x000000c6ad700000) (1024K)]
  0x0000024d199c7440 JavaThread "Unconstrained build operations Thread 101"        [_thread_blocked, id=23472, stack(0x000000c6ad700000,0x000000c6ad800000) (1024K)]
Total: 158

Other Threads:
=>0x0000024ccf616800 VMThread "VM Thread"                           [id=33600, stack(0x000000c6a3000000,0x000000c6a3100000) (1024K)]
  0x0000024ccf602fa0 WatcherThread "VM Periodic Task Thread"        [id=31664, stack(0x000000c6a2f00000,0x000000c6a3000000) (1024K)]
  0x0000024ccf481120 WorkerThread "GC Thread#0"                     [id=13280, stack(0x000000c6a2a00000,0x000000c6a2b00000) (1024K)]
  0x0000024cd238ce90 WorkerThread "GC Thread#1"                     [id=33136, stack(0x000000c6a3b00000,0x000000c6a3c00000) (1024K)]
  0x0000024cd2470480 WorkerThread "GC Thread#2"                     [id=22580, stack(0x000000c6a3c00000,0x000000c6a3d00000) (1024K)]
  0x0000024d1819ae50 WorkerThread "GC Thread#3"                     [id=14096, stack(0x000000c6a3d00000,0x000000c6a3e00000) (1024K)]
  0x0000024d1819b200 WorkerThread "GC Thread#4"                     [id=13756, stack(0x000000c6a3e00000,0x000000c6a3f00000) (1024K)]
  0x0000024d18161d80 WorkerThread "GC Thread#5"                     [id=22568, stack(0x000000c6a3f00000,0x000000c6a4000000) (1024K)]
  0x0000024d18ceb150 WorkerThread "GC Thread#6"                     [id=768, stack(0x000000c6a4000000,0x000000c6a4100000) (1024K)]
  0x0000024d18ccd0f0 WorkerThread "GC Thread#7"                     [id=14276, stack(0x000000c6a4100000,0x000000c6a4200000) (1024K)]
  0x0000024cd2432780 WorkerThread "GC Thread#8"                     [id=25672, stack(0x000000c6a4200000,0x000000c6a4300000) (1024K)]
  0x0000024cd2432ee0 WorkerThread "GC Thread#9"                     [id=33592, stack(0x000000c6a5100000,0x000000c6a5200000) (1024K)]
  0x0000024ca1b790f0 ConcurrentGCThread "G1 Main Marker"            [id=28508, stack(0x000000c6a2b00000,0x000000c6a2c00000) (1024K)]
  0x0000024ca1b7aa00 WorkerThread "G1 Conc#0"                       [id=28372, stack(0x000000c6a2c00000,0x000000c6a2d00000) (1024K)]
  0x0000024d1a6e2d30 WorkerThread "G1 Conc#1"                       [id=29776, stack(0x000000c6a5300000,0x000000c6a5400000) (1024K)]
  0x0000024d1a6e3840 WorkerThread "G1 Conc#2"                       [id=1196, stack(0x000000c6a5400000,0x000000c6a5500000) (1024K)]
  0x0000024ccf4cf660 ConcurrentGCThread "G1 Refine#0"               [id=11788, stack(0x000000c6a2d00000,0x000000c6a2e00000) (1024K)]
  0x0000024ccf4d0ea0 ConcurrentGCThread "G1 Service"                [id=31508, stack(0x000000c6a2e00000,0x000000c6a2f00000) (1024K)]
Total: 18

Threads with active compile tasks:
C2 CompilerThread0  104948 11496       4       java.util.concurrent.ConcurrentHashMap::get (162 bytes)
Total: 1

VM state: at safepoint (normal execution)

VM Mutex/Monitor currently owned by a thread:  ([mutex/lock_event])
[0x00007ff9940ce560] Threads_lock - owner thread: 0x0000024ccf616800
[0x00007ff9940ce660] Heap_lock - owner thread: 0x0000024ca1b790f0

Heap address: 0x0000000600000000, size: 8192 MB, Compressed Oops mode: Zero based, Oop shift amount: 3

CDS archive(s) mapped at: [0x0000024cd3000000-0x0000024cd3ba0000-0x0000024cd3ba0000), size 12189696, SharedBaseAddress: 0x0000024cd3000000, ArchiveRelocationMode: 1.
Compressed class space mapped at: 0x0000024cd4000000-0x0000024d14000000, reserved size: 1073741824
Narrow klass base: 0x0000024cd3000000, Narrow klass shift: 0, Narrow klass range: 0x100000000

GC Precious Log:
 CardTable entry size: 512
 Card Set container configuration: InlinePtr #cards 4 size 8 Array Of Cards #cards 32 size 80 Howl #buckets 8 coarsen threshold 7372 Howl Bitmap #cards 1024 size 144 coarsen threshold 921 Card regions per heap region 1 cards per card region 8192
 CPUs: 12 total, 12 available
 Memory: 7419M
 Large Page Support: Disabled
 NUMA Support: Disabled
 Compressed Oops: Enabled (Zero based)
 Heap Region Size: 4M
 Heap Min Capacity: 8M
 Heap Initial Capacity: 116M
 Heap Max Capacity: 8G
 Pre-touch: Disabled
 Parallel Workers: 10
 Concurrent Workers: 3
 Concurrent Refinement Workers: 10
 Periodic GC: Disabled

Heap:
 garbage-first heap   total 139264K, used 88020K [0x0000000600000000, 0x0000000800000000)
  region size 4096K, 4 young (16384K), 2 survivors (8192K)
 Metaspace       used 79815K, committed 82048K, reserved 1179648K
  class space    used 11564K, committed 12672K, reserved 1048576K

Heap Regions: E=young(eden), S=young(survivor), O=old, HS=humongous(starts), HC=humongous(continues), CS=collection set, F=free, TAMS=top-at-mark-start, PB=parsable bottom
|   0|0x0000000600000000, 0x0000000600400000, 0x0000000600400000|100%|HS|  |TAMS 0x0000000600400000| PB 0x0000000600000000| Complete 
|   1|0x0000000600400000, 0x0000000600800000, 0x0000000600800000|100%| O|  |TAMS 0x0000000600800000| PB 0x0000000600800000| Untracked 
|   2|0x0000000600800000, 0x0000000600c00000, 0x0000000600c00000|100%| O|  |TAMS 0x0000000600c00000| PB 0x0000000600c00000| Untracked 
|   3|0x0000000600c00000, 0x0000000601000000, 0x0000000601000000|100%| O|  |TAMS 0x0000000601000000| PB 0x0000000601000000| Untracked 
|   4|0x0000000601000000, 0x0000000601400000, 0x0000000601400000|100%| O|  |TAMS 0x0000000601400000| PB 0x0000000601400000| Updating 
|   5|0x0000000601400000, 0x0000000601800000, 0x0000000601800000|100%| O|  |TAMS 0x0000000601800000| PB 0x0000000601800000| Untracked 
|   6|0x0000000601800000, 0x0000000601c00000, 0x0000000601c00000|100%| O|  |TAMS 0x0000000601c00000| PB 0x0000000601c00000| Untracked 
|   7|0x0000000601c00000, 0x0000000602000000, 0x0000000602000000|100%| O|  |TAMS 0x0000000602000000| PB 0x0000000602000000| Untracked 
|   8|0x0000000602000000, 0x0000000602400000, 0x0000000602400000|100%| O|  |TAMS 0x0000000602400000| PB 0x0000000602400000| Untracked 
|   9|0x0000000602400000, 0x0000000602800000, 0x0000000602800000|100%| O|  |TAMS 0x0000000602800000| PB 0x0000000602800000| Updating 
|  10|0x0000000602800000, 0x0000000602c00000, 0x0000000602c00000|100%|HS|  |TAMS 0x0000000602c00000| PB 0x0000000602800000| Complete 
|  11|0x0000000602c00000, 0x0000000603000000, 0x0000000603000000|100%| O|  |TAMS 0x0000000603000000| PB 0x0000000603000000| Untracked 
|  12|0x0000000603000000, 0x0000000603400000, 0x0000000603400000|100%|HS|  |TAMS 0x0000000603400000| PB 0x0000000603000000| Complete 
|  13|0x0000000603400000, 0x0000000603800000, 0x0000000603800000|100%| O|  |TAMS 0x0000000603800000| PB 0x0000000603800000| Updating 
|  14|0x0000000603800000, 0x0000000603c00000, 0x0000000603c00000|100%| O|  |TAMS 0x0000000603c00000| PB 0x0000000603c00000| Untracked 
|  15|0x0000000603c00000, 0x0000000604000000, 0x0000000604000000|100%| O|  |TAMS 0x0000000604000000| PB 0x0000000604000000| Untracked 
|  16|0x0000000604000000, 0x0000000604400000, 0x0000000604400000|100%| O|  |TAMS 0x0000000604190aa0| PB 0x0000000604190aa0| Updating 
|  17|0x0000000604400000, 0x0000000604800000, 0x0000000604800000|100%| O|  |TAMS 0x0000000604400000| PB 0x0000000604400000| Untracked 
|  18|0x0000000604800000, 0x0000000604800000, 0x0000000604c00000|  0%| F|  |TAMS 0x0000000604800000| PB 0x0000000604800000| Untracked 
|  19|0x0000000604c00000, 0x0000000604dadcd8, 0x0000000605000000| 41%| O|  |TAMS 0x0000000604c00000| PB 0x0000000604c00000| Updating 
|  20|0x0000000605000000, 0x0000000605000000, 0x0000000605400000|  0%| F|  |TAMS 0x0000000605000000| PB 0x0000000605000000| Untracked 
|  21|0x0000000605400000, 0x0000000605800000, 0x0000000605800000|100%| S|CS|TAMS 0x0000000605400000| PB 0x0000000605400000| Complete 
|  22|0x0000000605800000, 0x0000000605800000, 0x0000000605c00000|  0%| F|  |TAMS 0x0000000605800000| PB 0x0000000605800000| Untracked 
|  23|0x0000000605c00000, 0x0000000605c00000, 0x0000000606000000|  0%| F|  |TAMS 0x0000000605c00000| PB 0x0000000605c00000| Untracked 
|  24|0x0000000606000000, 0x0000000606000000, 0x0000000606400000|  0%| F|  |TAMS 0x0000000606000000| PB 0x0000000606000000| Untracked 
|  25|0x0000000606400000, 0x0000000606400000, 0x0000000606800000|  0%| F|  |TAMS 0x0000000606400000| PB 0x0000000606400000| Untracked 
|  26|0x0000000606800000, 0x0000000606800000, 0x0000000606c00000|  0%| F|  |TAMS 0x0000000606800000| PB 0x0000000606800000| Untracked 
|  27|0x0000000606c00000, 0x0000000606c00000, 0x0000000607000000|  0%| F|  |TAMS 0x0000000606c00000| PB 0x0000000606c00000| Untracked 
|  28|0x0000000607000000, 0x0000000607000000, 0x0000000607400000|  0%| F|  |TAMS 0x0000000607000000| PB 0x0000000607000000| Untracked 
|  29|0x0000000607400000, 0x0000000607400000, 0x0000000607800000|  0%| F|  |TAMS 0x0000000607400000| PB 0x0000000607400000| Untracked 
|  30|0x0000000607800000, 0x000000060785f8f0, 0x0000000607c00000|  9%| E|  |TAMS 0x0000000607800000| PB 0x0000000607800000| Complete 
|  31|0x0000000607c00000, 0x0000000607c47660, 0x0000000608000000|  6%| S|CS|TAMS 0x0000000607c00000| PB 0x0000000607c00000| Complete 
|2046|0x00000007ff800000, 0x00000007ffc00000, 0x00000007ffc00000|100%| O|  |TAMS 0x00000007ffc00000| PB 0x00000007ffc00000| Updating 
|2047|0x00000007ffc00000, 0x0000000800000000, 0x0000000800000000|100%| E|CS|TAMS 0x00000007ffc00000| PB 0x00000007ffc00000| Complete 

Card table byte_map: [0x0000024cc6440000,0x0000024cc7440000] _byte_map_base: 0x0000024cc3440000

Marking Bits: (CMBitMap*) 0x0000024ccf481740
 Bits: [0x0000024cc7440000, 0x0000024ccf440000)

Polling page: 0x0000024c9f910000

Metaspace:

Usage:
  Non-class:     66.65 MB used.
      Class:     11.29 MB used.
       Both:     77.95 MB used.

Virtual space:
  Non-class space:      128.00 MB reserved,      67.75 MB ( 53%) committed,  2 nodes.
      Class space:        1.00 GB reserved,      12.38 MB (  1%) committed,  1 nodes.
             Both:        1.12 GB reserved,      80.12 MB (  7%) committed. 

Chunk freelists:
   Non-Class:  11.48 MB
       Class:  3.64 MB
        Both:  15.12 MB

MaxMetaspaceSize: 4.00 GB
CompressedClassSpaceSize: 1.00 GB
Initial GC threshold: 21.00 MB
Current GC threshold: 122.75 MB
CDS: on
 - commit_granule_bytes: 65536.
 - commit_granule_words: 8192.
 - virtual_space_node_default_size: 8388608.
 - enlarge_chunks_in_place: 1.
 - use_allocation_guard: 0.


Internal statistics:

num_allocs_failed_limit: 9.
num_arena_births: 4086.
num_arena_deaths: 0.
num_vsnodes_births: 3.
num_vsnodes_deaths: 0.
num_space_committed: 1282.
num_space_uncommitted: 0.
num_chunks_returned_to_freelist: 9.
num_chunks_taken_from_freelist: 8010.
num_chunk_merges: 9.
num_chunk_splits: 5111.
num_chunks_enlarged: 3039.
num_inconsistent_stats: 0.

CodeHeap 'non-profiled nmethods': size=259264Kb used=5171Kb max_used=5474Kb free=254092Kb
 bounds [0x0000024cb4fa0000, 0x0000024cb5500000, 0x0000024cc4cd0000]
CodeHeap 'profiled nmethods': size=259264Kb used=18766Kb max_used=19919Kb free=240497Kb
 bounds [0x0000024ca4cd0000, 0x0000024ca6050000, 0x0000024cb4a00000]
CodeHeap 'non-nmethods': size=5760Kb used=2713Kb max_used=2751Kb free=3046Kb
 bounds [0x0000024cb4a00000, 0x0000024cb4cc0000, 0x0000024cb4fa0000]
CodeCache: size=524288Kb, used=26650Kb, max_used=28144Kb, free=497635Kb
 total_blobs=11015, nmethods=10040, adapters=879, full_count=0
Compilation: enabled, stopped_count=0, restarted_count=0

Compilation events (20 events):
Event: 102.682 Thread 0x0000024cd2129250 nmethod 11486 0x0000024ca6038790 code [0x0000024ca6038940, 0x0000024ca6038aa8]
Event: 102.689 Thread 0x0000024cd2129250 11487   !   3       org.gradle.api.internal.artifacts.transform.TransformExecutionResultSerializer::readResultsFile (160 bytes)
Event: 102.693 Thread 0x0000024cd2129250 nmethod 11487 0x0000024ca6038b90 code [0x0000024ca6039040, 0x0000024ca603b050]
Event: 102.693 Thread 0x0000024cd2129250 11488   !   3       java.nio.file.Files::readAllLines (76 bytes)
Event: 102.694 Thread 0x0000024cd2129250 nmethod 11488 0x0000024ca603c110 code [0x0000024ca603c3a0, 0x0000024ca603ceb0]
Event: 102.697 Thread 0x0000024cd2124760 11489       4       org.gradle.internal.snapshot.AbstractIncompleteFileSystemNode::getNode (10 bytes)
Event: 102.702 Thread 0x0000024cd2124760 nmethod 11489 0x0000024cb54f7490 code [0x0000024cb54f7620, 0x0000024cb54f7780]
Event: 102.702 Thread 0x0000024cd2124760 11490       4       org.gradle.internal.snapshot.SnapshotUtil::getChild (20 bytes)
Event: 102.704 Thread 0x0000024cd2124760 nmethod 11490 0x0000024cb54f7910 code [0x0000024cb54f7aa0, 0x0000024cb54f7be0]
Event: 102.708 Thread 0x0000024cd2129250 11491       1       java.util.Collections$2::estimateSize (5 bytes)
Event: 102.708 Thread 0x0000024cd2129250 nmethod 11491 0x0000024cb54f7d10 code [0x0000024cb54f7ea0, 0x0000024cb54f7f68]
Event: 102.712 Thread 0x0000024cd2129250 11492   !   3       java.util.concurrent.ConcurrentHashMap::transfer (849 bytes)
Event: 102.718 Thread 0x0000024cd2129250 nmethod 11492 0x0000024ca603d410 code [0x0000024ca603d880, 0x0000024ca603ff40]
Event: 102.722 Thread 0x0000024cd2124760 11493       4       sun.nio.fs.NativeBuffers::getNativeBufferFromCache (51 bytes)
Event: 102.730 Thread 0x0000024cd2124760 nmethod 11493 0x0000024cb54f8010 code [0x0000024cb54f81c0, 0x0000024cb54f8470]
Event: 102.731 Thread 0x0000024cd2129250 11494       3       org.gradle.internal.vfs.impl.DefaultFileSystemAccess::lambda$snapshotAndReuse$11 (206 bytes)
Event: 102.735 Thread 0x0000024cd2129250 nmethod 11494 0x0000024ca6041710 code [0x0000024ca6041b40, 0x0000024ca6043a28]
Event: 102.745 Thread 0x0000024cd2124760 11495       4       sun.nio.fs.WindowsFileAttributes::isDirectory (25 bytes)
Event: 102.746 Thread 0x0000024cd2124760 nmethod 11495 0x0000024cb54f8710 code [0x0000024cb54f88a0, 0x0000024cb54f8960]
Event: 102.748 Thread 0x0000024cd2124760 11496       4       java.util.concurrent.ConcurrentHashMap::get (162 bytes)

GC Heap History (20 events):
Event: 26.152 GC heap before
{Heap before GC invocations=14 (full 0):
 garbage-first heap   total 102400K, used 84202K [0x0000000600000000, 0x0000000800000000)
  region size 4096K, 12 young (49152K), 2 survivors (8192K)
 Metaspace       used 52073K, committed 53888K, reserved 1114112K
  class space    used 7621K, committed 8512K, reserved 1048576K
}
Event: 26.164 GC heap after
{Heap after GC invocations=15 (full 0):
 garbage-first heap   total 102400K, used 47342K [0x0000000600000000, 0x0000000800000000)
  region size 4096K, 2 young (8192K), 2 survivors (8192K)
 Metaspace       used 52073K, committed 53888K, reserved 1114112K
  class space    used 7621K, committed 8512K, reserved 1048576K
}
Event: 28.030 GC heap before
{Heap before GC invocations=15 (full 0):
 garbage-first heap   total 102400K, used 92398K [0x0000000600000000, 0x0000000800000000)
  region size 4096K, 12 young (49152K), 2 survivors (8192K)
 Metaspace       used 55840K, committed 57728K, reserved 1114112K
  class space    used 8214K, committed 9152K, reserved 1048576K
}
Event: 28.040 GC heap after
{Heap after GC invocations=16 (full 0):
 garbage-first heap   total 131072K, used 55070K [0x0000000600000000, 0x0000000800000000)
  region size 4096K, 2 young (8192K), 2 survivors (8192K)
 Metaspace       used 55840K, committed 57728K, reserved 1114112K
  class space    used 8214K, committed 9152K, reserved 1048576K
}
Event: 28.761 GC heap before
{Heap before GC invocations=16 (full 0):
 garbage-first heap   total 131072K, used 75550K [0x0000000600000000, 0x0000000800000000)
  region size 4096K, 8 young (32768K), 2 survivors (8192K)
 Metaspace       used 58243K, committed 60096K, reserved 1114112K
  class space    used 8530K, committed 9472K, reserved 1048576K
}
Event: 28.769 GC heap after
{Heap after GC invocations=17 (full 0):
 garbage-first heap   total 131072K, used 55317K [0x0000000600000000, 0x0000000800000000)
  region size 4096K, 1 young (4096K), 1 survivors (4096K)
 Metaspace       used 58243K, committed 60096K, reserved 1114112K
  class space    used 8530K, committed 9472K, reserved 1048576K
}
Event: 31.002 GC heap before
{Heap before GC invocations=18 (full 0):
 garbage-first heap   total 131072K, used 108565K [0x0000000600000000, 0x0000000800000000)
  region size 4096K, 15 young (61440K), 1 survivors (4096K)
 Metaspace       used 63588K, committed 65536K, reserved 1114112K
  class space    used 9275K, committed 10240K, reserved 1048576K
}
Event: 31.008 GC heap after
{Heap after GC invocations=19 (full 0):
 garbage-first heap   total 131072K, used 57435K [0x0000000600000000, 0x0000000800000000)
  region size 4096K, 1 young (4096K), 1 survivors (4096K)
 Metaspace       used 63588K, committed 65536K, reserved 1114112K
  class space    used 9275K, committed 10240K, reserved 1048576K
}
Event: 33.064 GC heap before
{Heap before GC invocations=19 (full 0):
 garbage-first heap   total 131072K, used 118875K [0x0000000600000000, 0x0000000800000000)
  region size 4096K, 15 young (61440K), 1 survivors (4096K)
 Metaspace       used 67452K, committed 69376K, reserved 1114112K
  class space    used 9833K, committed 10816K, reserved 1048576K
}
Event: 33.073 GC heap after
{Heap after GC invocations=20 (full 0):
 garbage-first heap   total 131072K, used 62969K [0x0000000600000000, 0x0000000800000000)
  region size 4096K, 2 young (8192K), 2 survivors (8192K)
 Metaspace       used 67452K, committed 69376K, reserved 1114112K
  class space    used 9833K, committed 10816K, reserved 1048576K
}
Event: 35.277 GC heap before
{Heap before GC invocations=20 (full 0):
 garbage-first heap   total 131072K, used 116217K [0x0000000600000000, 0x0000000800000000)
  region size 4096K, 15 young (61440K), 2 survivors (8192K)
 Metaspace       used 69859K, committed 72000K, reserved 1114112K
  class space    used 10171K, committed 11264K, reserved 1048576K
}
Event: 35.285 GC heap after
{Heap after GC invocations=21 (full 0):
 garbage-first heap   total 131072K, used 66401K [0x0000000600000000, 0x0000000800000000)
  region size 4096K, 2 young (8192K), 2 survivors (8192K)
 Metaspace       used 69859K, committed 72000K, reserved 1114112K
  class space    used 10171K, committed 11264K, reserved 1048576K
}
Event: 38.069 GC heap before
{Heap before GC invocations=21 (full 0):
 garbage-first heap   total 131072K, used 115553K [0x0000000600000000, 0x0000000800000000)
  region size 4096K, 14 young (57344K), 2 survivors (8192K)
 Metaspace       used 73300K, committed 75392K, reserved 1114112K
  class space    used 10733K, committed 11776K, reserved 1048576K
}
Event: 38.085 GC heap after
{Heap after GC invocations=22 (full 0):
 garbage-first heap   total 131072K, used 72101K [0x0000000600000000, 0x0000000800000000)
  region size 4096K, 2 young (8192K), 2 survivors (8192K)
 Metaspace       used 73300K, committed 75392K, reserved 1114112K
  class space    used 10733K, committed 11776K, reserved 1048576K
}
Event: 41.994 GC heap before
{Heap before GC invocations=23 (full 0):
 garbage-first heap   total 131072K, used 117157K [0x0000000600000000, 0x0000000800000000)
  region size 4096K, 13 young (53248K), 2 survivors (8192K)
 Metaspace       used 77743K, committed 79936K, reserved 1179648K
  class space    used 11336K, committed 12416K, reserved 1048576K
}
Event: 42.007 GC heap after
{Heap after GC invocations=24 (full 0):
 garbage-first heap   total 135168K, used 75347K [0x0000000600000000, 0x0000000800000000)
  region size 4096K, 2 young (8192K), 2 survivors (8192K)
 Metaspace       used 77743K, committed 79936K, reserved 1179648K
  class space    used 11336K, committed 12416K, reserved 1048576K
}
Event: 101.944 GC heap before
{Heap before GC invocations=24 (full 0):
 garbage-first heap   total 135168K, used 116307K [0x0000000600000000, 0x0000000800000000)
  region size 4096K, 12 young (49152K), 2 survivors (8192K)
 Metaspace       used 79603K, committed 81792K, reserved 1179648K
  class space    used 11561K, committed 12672K, reserved 1048576K
}
Event: 102.001 GC heap after
{Heap after GC invocations=25 (full 0):
 garbage-first heap   total 135168K, used 79426K [0x0000000600000000, 0x0000000800000000)
  region size 4096K, 2 young (8192K), 2 survivors (8192K)
 Metaspace       used 79603K, committed 81792K, reserved 1179648K
  class space    used 11561K, committed 12672K, reserved 1048576K
}
Event: 102.480 GC heap before
{Heap before GC invocations=25 (full 0):
 garbage-first heap   total 135168K, used 116290K [0x0000000600000000, 0x0000000800000000)
  region size 4096K, 12 young (49152K), 2 survivors (8192K)
 Metaspace       used 79790K, committed 81984K, reserved 1179648K
  class space    used 11564K, committed 12672K, reserved 1048576K
}
Event: 102.509 GC heap after
{Heap after GC invocations=26 (full 0):
 garbage-first heap   total 139264K, used 83924K [0x0000000600000000, 0x0000000800000000)
  region size 4096K, 2 young (8192K), 2 survivors (8192K)
 Metaspace       used 79790K, committed 81984K, reserved 1179648K
  class space    used 11564K, committed 12672K, reserved 1048576K
}

Dll operation events (15 events):
Event: 0.024 Loaded shared library C:\Users\sohai\.vscode\extensions\redhat.java-1.55.2026042408-win32-x64\jre\21.0.10-win32-x86_64\bin\java.dll
Event: 0.111 Loaded shared library C:\Users\sohai\.vscode\extensions\redhat.java-1.55.2026042408-win32-x64\jre\21.0.10-win32-x86_64\bin\zip.dll
Event: 0.143 Loaded shared library C:\Users\sohai\.vscode\extensions\redhat.java-1.55.2026042408-win32-x64\jre\21.0.10-win32-x86_64\bin\instrument.dll
Event: 0.151 Loaded shared library C:\Users\sohai\.vscode\extensions\redhat.java-1.55.2026042408-win32-x64\jre\21.0.10-win32-x86_64\bin\net.dll
Event: 0.155 Loaded shared library C:\Users\sohai\.vscode\extensions\redhat.java-1.55.2026042408-win32-x64\jre\21.0.10-win32-x86_64\bin\nio.dll
Event: 0.160 Loaded shared library C:\Users\sohai\.vscode\extensions\redhat.java-1.55.2026042408-win32-x64\jre\21.0.10-win32-x86_64\bin\zip.dll
Event: 1.409 Loaded shared library C:\Users\sohai\.vscode\extensions\redhat.java-1.55.2026042408-win32-x64\jre\21.0.10-win32-x86_64\bin\jimage.dll
Event: 1.788 Loaded shared library C:\Users\sohai\.vscode\extensions\redhat.java-1.55.2026042408-win32-x64\jre\21.0.10-win32-x86_64\bin\verify.dll
Event: 1.986 Loaded shared library C:\Users\sohai\.gradle\native\1def1411415f61bf3af743bc5b6707747c0891f09f0c88961ee8f79bc544acac\windows-amd64\native-platform.dll
Event: 2.021 Loaded shared library C:\Users\sohai\.gradle\native\0.2.7\x86_64-windows-gnu\gradle-fileevents.dll
Event: 5.135 Loaded shared library C:\Users\sohai\.vscode\extensions\redhat.java-1.55.2026042408-win32-x64\jre\21.0.10-win32-x86_64\bin\management.dll
Event: 5.146 Loaded shared library C:\Users\sohai\.vscode\extensions\redhat.java-1.55.2026042408-win32-x64\jre\21.0.10-win32-x86_64\bin\management_ext.dll
Event: 5.542 Loaded shared library C:\Users\sohai\.vscode\extensions\redhat.java-1.55.2026042408-win32-x64\jre\21.0.10-win32-x86_64\bin\extnet.dll
Event: 6.234 Loaded shared library C:\Users\sohai\.vscode\extensions\redhat.java-1.55.2026042408-win32-x64\jre\21.0.10-win32-x86_64\bin\sunmscapi.dll
Event: 42.444 Loaded shared library C:\Users\sohai\.vscode\extensions\redhat.java-1.55.2026042408-win32-x64\jre\21.0.10-win32-x86_64\bin\rmi.dll

Deoptimization events (20 events):
Event: 102.708 Thread 0x0000024d199c5a00 Uncommon trap: trap_request=0xffffffde fr.pc=0x0000024cb5315d1c relative=0x00000000000002dc
Event: 102.708 Thread 0x0000024d199c5a00 Uncommon trap: reason=class_check action=maybe_recompile pc=0x0000024cb5315d1c method=java.util.concurrent.ConcurrentHashMap.get(Ljava/lang/Object;)Ljava/lang/Object; @ 93 c2
Event: 102.708 Thread 0x0000024d199c5a00 DEOPT PACKING pc=0x0000024cb5315d1c sp=0x000000c6ab4fdcf0
Event: 102.709 Thread 0x0000024d199c5a00 DEOPT UNPACKING pc=0x0000024cb4a54422 sp=0x000000c6ab4fdc48 mode 2
Event: 102.709 Thread 0x0000024d199c5a00 Uncommon trap: trap_request=0xffffffde fr.pc=0x0000024cb5315d1c relative=0x00000000000002dc
Event: 102.709 Thread 0x0000024d199c5a00 Uncommon trap: reason=class_check action=maybe_recompile pc=0x0000024cb5315d1c method=java.util.concurrent.ConcurrentHashMap.get(Ljava/lang/Object;)Ljava/lang/Object; @ 93 c2
Event: 102.709 Thread 0x0000024d199c5a00 DEOPT PACKING pc=0x0000024cb5315d1c sp=0x000000c6ab4fdcf0
Event: 102.709 Thread 0x0000024d199c5a00 DEOPT UNPACKING pc=0x0000024cb4a54422 sp=0x000000c6ab4fdc48 mode 2
Event: 102.713 Thread 0x0000024d199c32a0 Uncommon trap: trap_request=0xffffffde fr.pc=0x0000024cb5315d1c relative=0x00000000000002dc
Event: 102.713 Thread 0x0000024d199c32a0 Uncommon trap: reason=class_check action=maybe_recompile pc=0x0000024cb5315d1c method=java.util.concurrent.ConcurrentHashMap.get(Ljava/lang/Object;)Ljava/lang/Object; @ 93 c2
Event: 102.713 Thread 0x0000024d199c32a0 DEOPT PACKING pc=0x0000024cb5315d1c sp=0x000000c6ad1fe0e0
Event: 102.719 Thread 0x0000024d199c32a0 DEOPT UNPACKING pc=0x0000024cb4a54422 sp=0x000000c6ad1fe038 mode 2
Event: 102.731 Thread 0x0000024d199c8160 Uncommon trap: trap_request=0xffffff45 fr.pc=0x0000024cb53b5ae0 relative=0x00000000000013c0
Event: 102.732 Thread 0x0000024d199c8160 Uncommon trap: reason=unstable_if action=reinterpret pc=0x0000024cb53b5ae0 method=java.util.concurrent.ConcurrentHashMap.transfer([Ljava/util/concurrent/ConcurrentHashMap$Node;[Ljava/util/concurrent/ConcurrentHashMap$Node;)V @ 347 c2
Event: 102.732 Thread 0x0000024d199c8160 DEOPT PACKING pc=0x0000024cb53b5ae0 sp=0x000000c6ad6fdb90
Event: 102.734 Thread 0x0000024d199c8160 DEOPT UNPACKING pc=0x0000024cb4a54422 sp=0x000000c6ad6fdb20 mode 2
Event: 102.736 Thread 0x0000024d199c7440 Uncommon trap: trap_request=0xffffff45 fr.pc=0x0000024cb53b5ae0 relative=0x00000000000013c0
Event: 102.736 Thread 0x0000024d199c7440 Uncommon trap: reason=unstable_if action=reinterpret pc=0x0000024cb53b5ae0 method=java.util.concurrent.ConcurrentHashMap.transfer([Ljava/util/concurrent/ConcurrentHashMap$Node;[Ljava/util/concurrent/ConcurrentHashMap$Node;)V @ 347 c2
Event: 102.736 Thread 0x0000024d199c7440 DEOPT PACKING pc=0x0000024cb53b5ae0 sp=0x000000c6ad7fdb70
Event: 102.750 Thread 0x0000024d199c7440 DEOPT UNPACKING pc=0x0000024cb4a54422 sp=0x000000c6ad7fdb00 mode 2

Classes loaded (20 events):
Event: 66.162 Loading class java/time/Instant$1
Event: 66.164 Loading class java/time/Instant$1 done
Event: 92.066 Loading class java/nio/charset/UnsupportedCharsetException
Event: 92.068 Loading class java/nio/charset/UnsupportedCharsetException done
Event: 92.111 Loading class java/util/Collections$UnmodifiableSortedMap
Event: 92.122 Loading class java/util/Collections$UnmodifiableSortedMap done
Event: 92.131 Loading class java/util/zip/Deflater
Event: 92.137 Loading class java/util/zip/Deflater done
Event: 92.162 Loading class java/util/zip/Deflater$DeflaterZStreamRef
Event: 92.162 Loading class java/util/zip/Deflater$DeflaterZStreamRef done
Event: 93.039 Loading class java/nio/StringCharBuffer
Event: 93.045 Loading class java/nio/StringCharBuffer done
Event: 94.033 Loading class java/util/concurrent/ConcurrentLinkedQueue$Itr
Event: 94.039 Loading class java/util/concurrent/ConcurrentLinkedQueue$Itr done
Event: 95.955 Loading class java/util/Collections$ReverseComparator
Event: 95.958 Loading class java/util/Collections$ReverseComparator done
Event: 95.959 Loading class java/util/Collections$ReverseComparator2
Event: 95.965 Loading class java/util/Collections$ReverseComparator2 done
Event: 102.006 Loading class sun/rmi/transport/DGCClient$EndpointEntry$CleanRequest
Event: 102.009 Loading class sun/rmi/transport/DGCClient$EndpointEntry$CleanRequest done

Classes unloaded (0 events):
No events

Classes redefined (0 events):
No events

Internal exceptions (20 events):
Event: 42.459 Thread 0x0000024d1b7f8070 Exception <a 'java/lang/NoSuchMethodError'{0x00000006079e9f78}: static [B.<clinit>()V> (0x00000006079e9f78) 
thrown [s\src\hotspot\share\prims\jni.cpp, line 1111]
Event: 42.515 Thread 0x0000024d1b7f5910 Exception <a 'java/lang/NoSuchMethodError'{0x00000006079bc780}: 'java.lang.Object java.lang.invoke.DirectMethodHandle$Holder.invokeSpecial(java.lang.Object, java.lang.Object, int, java.lang.Object, long)'> (0x00000006079bc780) 
thrown [s\src\hotspot\share\interpreter\linkResolver.cpp, line 773]
Event: 42.516 Thread 0x0000024d1b7f5910 Exception <a 'java/lang/NoSuchMethodError'{0x0000000607a06b70}: 'java.lang.Object java.lang.invoke.DirectMethodHandle$Holder.newInvokeSpecial(java.lang.Object, java.lang.Object, int, java.lang.Object, long)'> (0x0000000607a06b70) 
thrown [s\src\hotspot\share\interpreter\linkResolver.cpp, line 773]
Event: 42.779 Thread 0x0000024d1b7f8070 Exception <a 'java/lang/NoSuchMethodError'{0x0000000607a5d758}: static Lorg/jetbrains/kotlin/daemon/common/CompileService$CallResult;.<clinit>()V> (0x0000000607a5d758) 
thrown [s\src\hotspot\share\prims\jni.cpp, line 1111]
Event: 42.780 Thread 0x0000024d1b7f8070 Exception <a 'java/lang/NoSuchMethodError'{0x0000000607a69a10}: static Lorg/jetbrains/kotlin/daemon/common/CompileService$CallResult$Good;.<clinit>()V> (0x0000000607a69a10) 
thrown [s\src\hotspot\share\prims\jni.cpp, line 1111]
Event: 42.782 Thread 0x0000024d1b7f8070 Exception <a 'java/lang/NoSuchMethodError'{0x0000000607a76ed8}: static Lorg/jetbrains/kotlin/daemon/common/DaemonJVMOptions;.<clinit>()V> (0x0000000607a76ed8) 
thrown [s\src\hotspot\share\prims\jni.cpp, line 1111]
Event: 42.805 Thread 0x0000024d1b7f8070 Exception <a 'java/lang/NoSuchMethodError'{0x0000000607ab4cf0}: static Lorg/jetbrains/kotlin/daemon/common/CompileService$CallResult$Ok;.<clinit>()V> (0x0000000607ab4cf0) 
thrown [s\src\hotspot\share\prims\jni.cpp, line 1111]
Event: 42.868 Thread 0x0000024d1b7f8070 Exception <a 'java/lang/NoSuchMethodError'{0x0000000607be9b38}: static [Ljava/lang/Integer;.<clinit>()V> (0x0000000607be9b38) 
thrown [s\src\hotspot\share\prims\jni.cpp, line 1111]
Event: 80.509 Thread 0x0000024d1b7fa140 Exception <a 'java/lang/NoSuchMethodError'{0x000000060772fec8}: 'void java.lang.invoke.DirectMethodHandle$Holder.invokeInterface(java.lang.Object, java.lang.Object, int, java.lang.Object)'> (0x000000060772fec8) 
thrown [s\src\hotspot\share\interpreter\linkResolver.cpp, line 773]
Event: 80.546 Thread 0x0000024d1b7fa140 Exception <a 'java/lang/NoSuchMethodError'{0x0000000607733a70}: 'void java.lang.invoke.DelegatingMethodHandle$Holder.reinvoke_L(java.lang.Object, java.lang.Object, int, java.lang.Object)'> (0x0000000607733a70) 
thrown [s\src\hotspot\share\interpreter\linkResolver.cpp, line 773]
Event: 80.743 Thread 0x0000024d1b7fa140 Exception <a 'java/lang/NoSuchMethodError'{0x0000000607751b50}: 'void java.lang.invoke.DelegatingMethodHandle$Holder.reinvoke_L(java.lang.Object, java.lang.Object, int, int, java.lang.Object, java.lang.Object)'> (0x0000000607751b50) 
thrown [s\src\hotspot\share\interpreter\linkResolver.cpp, line 773]
Event: 90.057 Thread 0x0000024d196d76d0 Exception <a 'sun/nio/fs/WindowsException'{0x0000000606e59438}> (0x0000000606e59438) 
thrown [s\src\hotspot\share\prims\jni.cpp, line 520]
Event: 90.108 Thread 0x0000024d196d76d0 Exception <a 'sun/nio/fs/WindowsException'{0x0000000606e5b528}> (0x0000000606e5b528) 
thrown [s\src\hotspot\share\prims\jni.cpp, line 520]
Event: 90.109 Thread 0x0000024d196d76d0 Exception <a 'sun/nio/fs/WindowsException'{0x0000000606e5d428}> (0x0000000606e5d428) 
thrown [s\src\hotspot\share\prims\jni.cpp, line 520]
Event: 90.112 Thread 0x0000024d196d76d0 Exception <a 'sun/nio/fs/WindowsException'{0x0000000606e5f240}> (0x0000000606e5f240) 
thrown [s\src\hotspot\share\prims\jni.cpp, line 520]
Event: 90.292 Thread 0x0000024d196d76d0 Exception <a 'sun/nio/fs/WindowsException'{0x0000000606e7c970}> (0x0000000606e7c970) 
thrown [s\src\hotspot\share\prims\jni.cpp, line 520]
Event: 90.293 Thread 0x0000024d196d76d0 Exception <a 'sun/nio/fs/WindowsException'{0x0000000606e7e530}> (0x0000000606e7e530) 
thrown [s\src\hotspot\share\prims\jni.cpp, line 520]
Event: 102.016 Thread 0x0000024d1b7f5910 Implicit null exception at 0x0000024cb53f208b to 0x0000024cb53f2164
Event: 102.016 Thread 0x0000024d1b7f5910 Implicit null exception at 0x0000024cb54ba68e to 0x0000024cb54bae80
Event: 102.451 Thread 0x0000024cd218d370 Implicit null exception at 0x0000024cb54effea to 0x0000024cb54f0094

ZGC Phase Switch (0 events):
No events

VM Operations (20 events):
Event: 93.052 Executing non-safepoint VM operation: HandshakeAllThreads (Deoptimize) done
Event: 94.053 Executing safepoint VM operation: Cleanup
Event: 94.056 Executing safepoint VM operation: Cleanup done
Event: 95.056 Executing safepoint VM operation: Cleanup
Event: 95.056 Executing safepoint VM operation: Cleanup done
Event: 97.057 Executing safepoint VM operation: Cleanup
Event: 97.057 Executing safepoint VM operation: Cleanup done
Event: 98.057 Executing safepoint VM operation: Cleanup
Event: 98.057 Executing safepoint VM operation: Cleanup done
Event: 99.057 Executing safepoint VM operation: Cleanup
Event: 99.058 Executing safepoint VM operation: Cleanup done
Event: 101.943 Executing safepoint VM operation: G1CollectForAllocation (G1 Evacuation Pause)
Event: 102.001 Executing safepoint VM operation: G1CollectForAllocation (G1 Evacuation Pause) done
Event: 102.373 Executing non-safepoint VM operation: HandshakeAllThreads (Deoptimize)
Event: 102.373 Executing non-safepoint VM operation: HandshakeAllThreads (Deoptimize) done
Event: 102.478 Executing safepoint VM operation: ICBufferFull
Event: 102.478 Executing safepoint VM operation: ICBufferFull done
Event: 102.480 Executing safepoint VM operation: G1CollectForAllocation (G1 Evacuation Pause)
Event: 102.509 Executing safepoint VM operation: G1CollectForAllocation (G1 Evacuation Pause) done
Event: 102.752 Executing safepoint VM operation: G1PauseRemark

Memory protections (0 events):
No events

Nmethod flushes (20 events):
Event: 102.811 Thread 0x0000024ccf616800 flushing  nmethod 0x0000024ca501a010
Event: 102.811 Thread 0x0000024ccf616800 flushing  nmethod 0x0000024ca5084d10
Event: 102.811 Thread 0x0000024ccf616800 flushing  nmethod 0x0000024ca5243b90
Event: 102.811 Thread 0x0000024ccf616800 flushing  nmethod 0x0000024ca5266710
Event: 102.811 Thread 0x0000024ccf616800 flushing  nmethod 0x0000024ca5297290
Event: 102.811 Thread 0x0000024ccf616800 flushing  nmethod 0x0000024ca52f6290
Event: 102.811 Thread 0x0000024ccf616800 flushing  nmethod 0x0000024ca5314a90
Event: 102.811 Thread 0x0000024ccf616800 flushing  nmethod 0x0000024ca5317510
Event: 102.811 Thread 0x0000024ccf616800 flushing  nmethod 0x0000024ca531be90
Event: 102.811 Thread 0x0000024ccf616800 flushing  nmethod 0x0000024ca5402e10
Event: 102.811 Thread 0x0000024ccf616800 flushing  nmethod 0x0000024ca5405390
Event: 102.811 Thread 0x0000024ccf616800 flushing  nmethod 0x0000024ca5405790
Event: 102.811 Thread 0x0000024ccf616800 flushing  nmethod 0x0000024ca5482010
Event: 102.811 Thread 0x0000024ccf616800 flushing  nmethod 0x0000024ca54b0190
Event: 102.811 Thread 0x0000024ccf616800 flushing  nmethod 0x0000024ca5613a10
Event: 102.812 Thread 0x0000024ccf616800 flushing  nmethod 0x0000024ca56c8510
Event: 102.812 Thread 0x0000024ccf616800 flushing  nmethod 0x0000024ca56f0990
Event: 102.812 Thread 0x0000024ccf616800 flushing  nmethod 0x0000024ca5701e90
Event: 102.812 Thread 0x0000024ccf616800 flushing  nmethod 0x0000024ca5703890
Event: 102.812 Thread 0x0000024ccf616800 flushing  nmethod 0x0000024ca586f890

Events (20 events):
Event: 101.877 Thread 0x0000024cd218d370 Thread added: 0x0000024d1954bd90
Event: 101.882 Thread 0x0000024cd218d370 Thread added: 0x0000024d1954a350
Event: 101.887 Thread 0x0000024cd218d370 Thread added: 0x0000024d1954b070
Event: 101.893 Thread 0x0000024cd218d370 Thread added: 0x0000024d1954c420
Event: 101.894 Thread 0x0000024cd218d370 Thread added: 0x0000024d1954cab0
Event: 101.904 Thread 0x0000024cd218d370 Thread added: 0x0000024d1954a9e0
Event: 101.905 Thread 0x0000024cd218d370 Thread added: 0x0000024d1954b700
Event: 101.906 Thread 0x0000024cd218d370 Thread added: 0x0000024d199c5370
Event: 102.079 Thread 0x0000024d1b7f5910 Thread exited: 0x0000024d1b7f5910
Event: 102.412 Thread 0x0000024cd218d370 Thread added: 0x0000024d199c5a00
Event: 102.412 Thread 0x0000024cd218d370 Thread added: 0x0000024d199c4650
Event: 102.413 Thread 0x0000024cd218d370 Thread added: 0x0000024d199c2c10
Event: 102.414 Thread 0x0000024cd218d370 Thread added: 0x0000024d199c2580
Event: 102.416 Thread 0x0000024cd218d370 Thread added: 0x0000024d199c32a0
Event: 102.418 Thread 0x0000024cd218d370 Thread added: 0x0000024d199c6090
Event: 102.420 Thread 0x0000024cd218d370 Thread added: 0x0000024d199c3930
Event: 102.422 Thread 0x0000024cd218d370 Thread added: 0x0000024d199c6720
Event: 102.423 Thread 0x0000024cd218d370 Thread added: 0x0000024d199c3fc0
Event: 102.423 Thread 0x0000024cd218d370 Thread added: 0x0000024d199c8160
Event: 102.426 Thread 0x0000024cd218d370 Thread added: 0x0000024d199c7440


Dynamic libraries:
0x00007ff6b0c70000 - 0x00007ff6b0c7e000 	C:\Users\sohai\.vscode\extensions\redhat.java-1.55.2026042408-win32-x64\jre\21.0.10-win32-x86_64\bin\java.exe
0x00007ffa5d380000 - 0x00007ffa5d5e7000 	C:\WINDOWS\SYSTEM32\ntdll.dll
0x00007ffa5c2a0000 - 0x00007ffa5c369000 	C:\WINDOWS\System32\KERNEL32.DLL
0x00007ffa59c60000 - 0x00007ffa5a051000 	C:\WINDOWS\System32\KERNELBASE.dll
0x00007ffa5afd0000 - 0x00007ffa5b11b000 	C:\WINDOWS\System32\ucrtbase.dll
0x00007ffa28bc0000 - 0x00007ffa28bd8000 	C:\Users\sohai\.vscode\extensions\redhat.java-1.55.2026042408-win32-x64\jre\21.0.10-win32-x86_64\bin\jli.dll
0x00007ffa28da0000 - 0x00007ffa28dbe000 	C:\Users\sohai\.vscode\extensions\redhat.java-1.55.2026042408-win32-x64\jre\21.0.10-win32-x86_64\bin\VCRUNTIME140.dll
0x00007ffa5bd10000 - 0x00007ffa5bed5000 	C:\WINDOWS\System32\USER32.dll
0x00007ffa5a570000 - 0x00007ffa5a597000 	C:\WINDOWS\System32\win32u.dll
0x00007ffa5cca0000 - 0x00007ffa5cccb000 	C:\WINDOWS\System32\GDI32.dll
0x00007ffa58ff0000 - 0x00007ffa59283000 	C:\WINDOWS\WinSxS\amd64_microsoft.windows.common-controls_6595b64144ccf1df_6.0.26100.7922_none_3e089e1ee3342171\COMCTL32.dll
0x00007ffa5a5a0000 - 0x00007ffa5a6ca000 	C:\WINDOWS\System32\gdi32full.dll
0x00007ffa5b690000 - 0x00007ffa5b739000 	C:\WINDOWS\System32\msvcrt.dll
0x00007ffa5a280000 - 0x00007ffa5a323000 	C:\WINDOWS\System32\msvcp_win.dll
0x00007ffa5c080000 - 0x00007ffa5c0b1000 	C:\WINDOWS\System32\IMM32.DLL
0x00000000561f0000 - 0x00000000561fc000 	C:\Program Files (x86)\360\Total Security\safemon\SafeWrapper.dll
0x00007ffa5cd80000 - 0x00007ffa5ce3b000 	C:\WINDOWS\System32\ADVAPI32.dll
0x00007ffa5ccd0000 - 0x00007ffa5cd77000 	C:\WINDOWS\System32\sechost.dll
0x00007ffa5bf60000 - 0x00007ffa5c078000 	C:\WINDOWS\System32\RPCRT4.dll
0x00007ffa23230000 - 0x00007ffa232dc000 	C:\Program Files (x86)\360\Total Security\safemon\libzdtp64.dll
0x00007ffa5c370000 - 0x00007ffa5cacf000 	C:\WINDOWS\System32\SHELL32.dll
0x00007ffa5a110000 - 0x00007ffa5a27a000 	C:\WINDOWS\System32\wintypes.dll
0x00007ffa5b1a0000 - 0x00007ffa5b522000 	C:\WINDOWS\System32\combase.dll
0x00007ffa5c0c0000 - 0x00007ffa5c127000 	C:\WINDOWS\System32\SHLWAPI.dll
0x00007ffa5a760000 - 0x00007ffa5afc4000 	C:\WINDOWS\System32\Windows.Storage.dll
0x00007ffa59620000 - 0x00007ffa5962b000 	C:\WINDOWS\SYSTEM32\VERSION.dll
0x00007ffa50a30000 - 0x00007ffa50a3c000 	C:\Users\sohai\.vscode\extensions\redhat.java-1.55.2026042408-win32-x64\jre\21.0.10-win32-x86_64\bin\vcruntime140_1.dll
0x00007ff99eed0000 - 0x00007ff99ef5d000 	C:\Users\sohai\.vscode\extensions\redhat.java-1.55.2026042408-win32-x64\jre\21.0.10-win32-x86_64\bin\msvcp140.dll
0x00007ff993410000 - 0x00007ff9941b1000 	C:\Users\sohai\.vscode\extensions\redhat.java-1.55.2026042408-win32-x64\jre\21.0.10-win32-x86_64\bin\server\jvm.dll
0x00007ffa5bee0000 - 0x00007ffa5bf54000 	C:\WINDOWS\System32\WS2_32.dll
0x00007ffa59ac0000 - 0x00007ffa59b1e000 	C:\WINDOWS\SYSTEM32\POWRPROF.dll
0x00007ffa4bb70000 - 0x00007ffa4bba5000 	C:\WINDOWS\SYSTEM32\WINMM.dll
0x00007ffa59aa0000 - 0x00007ffa59ab4000 	C:\WINDOWS\SYSTEM32\UMPDC.dll
0x00007ffa58050000 - 0x00007ffa5806b000 	C:\WINDOWS\SYSTEM32\kernel.appcore.dll
0x00007ffa505e0000 - 0x00007ffa505ea000 	C:\Users\sohai\.vscode\extensions\redhat.java-1.55.2026042408-win32-x64\jre\21.0.10-win32-x86_64\bin\jimage.dll
0x00007ffa593b0000 - 0x00007ffa595f2000 	C:\WINDOWS\SYSTEM32\DBGHELP.DLL
0x00007ffa5cbc0000 - 0x00007ffa5cc97000 	C:\WINDOWS\System32\OLEAUT32.dll
0x00007ffa59290000 - 0x00007ffa592cb000 	C:\WINDOWS\SYSTEM32\dbgcore.DLL
0x00007ffa5a060000 - 0x00007ffa5a105000 	C:\WINDOWS\System32\bcryptPrimitives.dll
0x00007ffa296d0000 - 0x00007ffa296df000 	C:\Users\sohai\.vscode\extensions\redhat.java-1.55.2026042408-win32-x64\jre\21.0.10-win32-x86_64\bin\instrument.dll
0x00007ffa23100000 - 0x00007ffa23120000 	C:\Users\sohai\.vscode\extensions\redhat.java-1.55.2026042408-win32-x64\jre\21.0.10-win32-x86_64\bin\java.dll
0x00007ffa5c180000 - 0x00007ffa5c277000 	C:\WINDOWS\System32\SHCORE.dll
0x00007ffa59b80000 - 0x00007ffa59ba9000 	C:\WINDOWS\SYSTEM32\profapi.dll
0x00007ffa168e0000 - 0x00007ffa168f8000 	C:\Users\sohai\.vscode\extensions\redhat.java-1.55.2026042408-win32-x64\jre\21.0.10-win32-x86_64\bin\zip.dll
0x00007ffa42d50000 - 0x00007ffa42d60000 	C:\Users\sohai\.vscode\extensions\redhat.java-1.55.2026042408-win32-x64\jre\21.0.10-win32-x86_64\bin\net.dll
0x00007ffa52930000 - 0x00007ffa52a57000 	C:\WINDOWS\SYSTEM32\WINHTTP.dll
0x00007ffa58580000 - 0x00007ffa585eb000 	C:\WINDOWS\system32\mswsock.dll
0x00007ffa129a0000 - 0x00007ffa129b6000 	C:\Users\sohai\.vscode\extensions\redhat.java-1.55.2026042408-win32-x64\jre\21.0.10-win32-x86_64\bin\nio.dll
0x00007ffa29030000 - 0x00007ffa29040000 	C:\Users\sohai\.vscode\extensions\redhat.java-1.55.2026042408-win32-x64\jre\21.0.10-win32-x86_64\bin\verify.dll
0x00007ff99e730000 - 0x00007ff99e757000 	C:\Users\sohai\.gradle\native\1def1411415f61bf3af743bc5b6707747c0891f09f0c88961ee8f79bc544acac\windows-amd64\native-platform.dll
0x00007ffa27800000 - 0x00007ffa27878000 	C:\Users\sohai\.gradle\native\0.2.7\x86_64-windows-gnu\gradle-fileevents.dll
0x00007ffa28b80000 - 0x00007ffa28b8a000 	C:\Users\sohai\.vscode\extensions\redhat.java-1.55.2026042408-win32-x64\jre\21.0.10-win32-x86_64\bin\management.dll
0x00007ffa28b10000 - 0x00007ffa28b1c000 	C:\Users\sohai\.vscode\extensions\redhat.java-1.55.2026042408-win32-x64\jre\21.0.10-win32-x86_64\bin\management_ext.dll
0x00007ffa5c290000 - 0x00007ffa5c298000 	C:\WINDOWS\System32\PSAPI.DLL
0x00007ffa57ba0000 - 0x00007ffa57bd3000 	C:\WINDOWS\SYSTEM32\IPHLPAPI.DLL
0x00007ffa5b7f0000 - 0x00007ffa5b7fa000 	C:\WINDOWS\System32\NSI.dll
0x00007ffa29860000 - 0x00007ffa29869000 	C:\Users\sohai\.vscode\extensions\redhat.java-1.55.2026042408-win32-x64\jre\21.0.10-win32-x86_64\bin\extnet.dll
0x00007ffa59730000 - 0x00007ffa5974b000 	C:\WINDOWS\SYSTEM32\CRYPTSP.dll
0x00007ffa58900000 - 0x00007ffa58939000 	C:\WINDOWS\system32\rsaenh.dll
0x00007ffa58630000 - 0x00007ffa58662000 	C:\WINDOWS\SYSTEM32\USERENV.dll
0x00007ffa59b50000 - 0x00007ffa59b7a000 	C:\WINDOWS\SYSTEM32\bcrypt.dll
0x00007ffa588f0000 - 0x00007ffa588fc000 	C:\WINDOWS\SYSTEM32\CRYPTBASE.dll
0x00007ffa38ff0000 - 0x00007ffa38ffe000 	C:\Users\sohai\.vscode\extensions\redhat.java-1.55.2026042408-win32-x64\jre\21.0.10-win32-x86_64\bin\sunmscapi.dll
0x00007ffa5a3f0000 - 0x00007ffa5a567000 	C:\WINDOWS\System32\CRYPT32.dll
0x00007ffa58cb0000 - 0x00007ffa58ce0000 	C:\WINDOWS\SYSTEM32\ncrypt.dll
0x00007ffa58c20000 - 0x00007ffa58c5f000 	C:\WINDOWS\SYSTEM32\NTASN1.dll
0x00007ffa29ef0000 - 0x00007ffa29ef8000 	C:\WINDOWS\system32\wshunix.dll
0x00007ffa39000000 - 0x00007ffa39018000 	C:\WINDOWS\system32\napinsp.dll
0x00007ffa57be0000 - 0x00007ffa57d0a000 	C:\WINDOWS\SYSTEM32\DNSAPI.dll
0x00007ffa36590000 - 0x00007ffa365a2000 	C:\WINDOWS\System32\winrnr.dll
0x00007ffa36560000 - 0x00007ffa36582000 	C:\WINDOWS\system32\nlansp_c.dll
0x00007ffa36540000 - 0x00007ffa36556000 	C:\WINDOWS\system32\wshbth.dll
0x00007ffa526d0000 - 0x00007ffa526db000 	C:\Windows\System32\rasadhlp.dll
0x00007ffa53d40000 - 0x00007ffa53dc6000 	C:\WINDOWS\System32\fwpuclnt.dll
0x00007ffa54300000 - 0x00007ffa54307000 	C:\Users\sohai\.vscode\extensions\redhat.java-1.55.2026042408-win32-x64\jre\21.0.10-win32-x86_64\bin\rmi.dll

JVMTI agents:
C:\Users\sohai\.gradle\wrapper\dists\gradle-8.14-all\c2qonpi39x1mddn7hk5gh9iqj\gradle-8.14\lib\agents\gradle-instrumentation-agent-8.14.jar path:C:\Users\sohai\.vscode\extensions\redhat.java-1.55.2026042408-win32-x64\jre\21.0.10-win32-x86_64\bin\instrument.dll, loaded, initialized, instrumentlib options:none

dbghelp: loaded successfully - version: 4.0.5 - missing functions: none
symbol engine: initialized successfully - sym options: 0x614 - pdb path: .;C:\Users\sohai\.vscode\extensions\redhat.java-1.55.2026042408-win32-x64\jre\21.0.10-win32-x86_64\bin;C:\WINDOWS\SYSTEM32;C:\WINDOWS\WinSxS\amd64_microsoft.windows.common-controls_6595b64144ccf1df_6.0.26100.7922_none_3e089e1ee3342171;C:\Program Files (x86)\360\Total Security\safemon;C:\Users\sohai\.vscode\extensions\redhat.java-1.55.2026042408-win32-x64\jre\21.0.10-win32-x86_64\bin\server;C:\Users\sohai\.gradle\native\1def1411415f61bf3af743bc5b6707747c0891f09f0c88961ee8f79bc544acac\windows-amd64;C:\Users\sohai\.gradle\native\0.2.7\x86_64-windows-gnu

VM Arguments:
jvm_args: --add-opens=java.base/java.lang=ALL-UNNAMED --add-opens=java.base/java.lang.invoke=ALL-UNNAMED --add-opens=java.base/java.util=ALL-UNNAMED --add-opens=java.prefs/java.util.prefs=ALL-UNNAMED --add-exports=jdk.compiler/com.sun.tools.javac.api=ALL-UNNAMED --add-exports=jdk.compiler/com.sun.tools.javac.util=ALL-UNNAMED --add-opens=java.base/java.util=ALL-UNNAMED --add-opens=java.prefs/java.util.prefs=ALL-UNNAMED --add-opens=java.base/java.nio.charset=ALL-UNNAMED --add-opens=java.base/java.net=ALL-UNNAMED --add-opens=java.base/java.util.concurrent.atomic=ALL-UNNAMED --add-opens=java.xml/javax.xml.namespace=ALL-UNNAMED -XX:MaxMetaspaceSize=4G -XX:ReservedCodeCacheSize=512m -XX:+HeapDumpOnOutOfMemoryError -Xmx8G -Dfile.encoding=UTF-8 -Duser.country=US -Duser.language=en -Duser.variant -javaagent:C:\Users\sohai\.gradle\wrapper\dists\gradle-8.14-all\c2qonpi39x1mddn7hk5gh9iqj\gradle-8.14\lib\agents\gradle-instrumentation-agent-8.14.jar 
java_command: org.gradle.launcher.daemon.bootstrap.GradleDaemon 8.14
java_class_path (initial): C:\Users\sohai\.gradle\wrapper\dists\gradle-8.14-all\c2qonpi39x1mddn7hk5gh9iqj\gradle-8.14\lib\gradle-daemon-main-8.14.jar
Launcher Type: SUN_STANDARD

[Global flags]
     intx CICompilerCount                          = 4                                         {product} {ergonomic}
     uint ConcGCThreads                            = 3                                         {product} {ergonomic}
     uint G1ConcRefinementThreads                  = 10                                        {product} {ergonomic}
   size_t G1HeapRegionSize                         = 4194304                                   {product} {ergonomic}
    uintx GCDrainStackTargetSize                   = 64                                        {product} {ergonomic}
     bool HeapDumpOnOutOfMemoryError               = true                                   {manageable} {command line}
   size_t InitialHeapSize                          = 121634816                                 {product} {ergonomic}
   size_t MarkStackSize                            = 4194304                                   {product} {ergonomic}
   size_t MaxHeapSize                              = 8589934592                                {product} {command line}
   size_t MaxMetaspaceSize                         = 4294967296                                {product} {command line}
   size_t MaxNewSize                               = 5150605312                                {product} {ergonomic}
   size_t MinHeapDeltaBytes                        = 4194304                                   {product} {ergonomic}
   size_t MinHeapSize                              = 8388608                                   {product} {ergonomic}
    uintx NonNMethodCodeHeapSize                   = 5839372                                {pd product} {ergonomic}
    uintx NonProfiledCodeHeapSize                  = 265515770                              {pd product} {ergonomic}
    uintx ProfiledCodeHeapSize                     = 265515770                              {pd product} {ergonomic}
    uintx ReservedCodeCacheSize                    = 536870912                              {pd product} {command line}
     bool SegmentedCodeCache                       = true                                      {product} {ergonomic}
   size_t SoftMaxHeapSize                          = 8589934592                             {manageable} {ergonomic}
     bool UseCompressedOops                        = true                           {product lp64_product} {ergonomic}
     bool UseG1GC                                  = true                                      {product} {ergonomic}
     bool UseLargePagesIndividualAllocation        = false                                  {pd product} {ergonomic}

Logging:
Log output configuration:
 #0: stdout all=warning uptime,level,tags foldmultilines=false
 #1: stderr all=off uptime,level,tags foldmultilines=false

Release file:
JAVA_VERSION="21.0.10" 
MODULES="java.base java.compiler java.datatransfer java.xml java.prefs java.desktop java.instrument java.logging java.management java.security.sasl java.naming java.rmi java.management.rmi java.net.http java.scripting java.security.jgss java.transaction.xa java.sql java.sql.rowset java.xml.crypto java.se java.smartcardio jdk.accessibility jdk.internal.jvmstat jdk.attach jdk.charsets jdk.internal.opt jdk.zipfs jdk.compiler jdk.crypto.ec jdk.crypto.cryptoki jdk.crypto.mscapi jdk.dynalink jdk.internal.ed jdk.editpad jdk.hotspot.agent jdk.httpserver jdk.internal.le jdk.internal.vm.ci jdk.internal.vm.compiler jdk.internal.vm.compiler.management jdk.jartool jdk.javadoc jdk.jcmd jdk.management jdk.management.agent jdk.jconsole jdk.jdeps jdk.jdwp.agent jdk.jdi jdk.jfr jdk.jshell jdk.jsobject jdk.jstatd jdk.localedata jdk.management.jfr jdk.naming.dns jdk.naming.rmi jdk.net jdk.nio.mapmode jdk.random jdk.sctp jdk.security.auth jdk.security.jgss jdk.unsupported jdk.unsupported.desktop jdk.xml.dom" 

Environment Variables:
JAVA_HOME=C:\Program Files\Java\jdk-23
PATH=C:\Users\sohai\AppData\Local\Programs\Microsoft VS Code;C:\Program Files\Common Files\Oracle\Java\javapath;C:\Windows\system32;C:\Windows;C:\Windows\System32\Wbem;C:\Windows\System32\WindowsPowerShell\v1.0\;C:\Windows\System32\OpenSSH\;C:\Program Files (x86)\NVIDIA Corporation\PhysX\Common;C:\Program Files\NVIDIA Corporation\NVIDIA NvDLISR;C:\Program Files\dotnet\;C:\Program Files (x86)\Windows Kits\10\Windows Performance Toolkit\;C:\WINDOWS\system32;C:\WINDOWS;C:\WINDOWS\System32\Wbem;C:\WINDOWS\System32\WindowsPowerShell\v1.0\;C:\WINDOWS\System32\OpenSSH\;C:\Program Files\Git\cmd;C:\Program Files\nodejs\;C:\flutter\bin;C:\Users\sohai\AppData\Local\Programs\Python\Python313\Scripts\;C:\Users\sohai\AppData\Local\Programs\Python\Python313\;C:\Users\sohai\AppData\Local\Programs\Python\Launcher\;C:\Users\sohai\AppData\Local\Microsoft\WindowsApps;C:\Users\sohai\AppData\Local\Programs\Microsoft VS Code\bin;C:\Users\sohai\.dotnet\tools;C:\Program Files\JetBrains\PyCharm 2024.3.1.1\bin;;C:\Users\sohai\AppData\Local\GitHubDesktop\bin;C:\Program Files\JetBrains\PyCharm Community Edition 2024.3.1.1\bin;;C:\Users\sohai\AppData\Roaming\npm;
USERNAME=sohai
OS=Windows_NT
PROCESSOR_IDENTIFIER=AMD64 Family 25 Model 68 Stepping 1, AuthenticAMD
TMP=C:\Users\sohai\AppData\Local\Temp
TEMP=C:\Users\sohai\AppData\Local\Temp




Periodic native trim disabled

---------------  S Y S T E M  ---------------

OS:
 Windows 11 , 64 bit Build 26100 (10.0.26100.7920)
OS uptime: 0 days 11:29 hours
Hyper-V role detected

CPU: total 12 (initial active 12) (12 cores per cpu, 2 threads per core) family 25 model 68 stepping 1 microcode 0xa404102, cx8, cmov, fxsr, ht, mmx, 3dnowpref, sse, sse2, sse3, ssse3, sse4a, sse4.1, sse4.2, popcnt, lzcnt, tsc, tscinvbit, avx, avx2, aes, erms, clmul, bmi1, bmi2, adx, sha, fma, vzeroupper, clflush, clflushopt, hv, rdtscp, rdpid, fsrm, f16c, cet_ss
Processor Information for processor 0
  Max Mhz: 3301, Current Mhz: 2496, Mhz Limit: 3301
Processor Information for processor 1
  Max Mhz: 3301, Current Mhz: 2496, Mhz Limit: 3301
Processor Information for processor 2
  Max Mhz: 3301, Current Mhz: 2496, Mhz Limit: 3301
Processor Information for processor 3
  Max Mhz: 3301, Current Mhz: 2496, Mhz Limit: 3301
Processor Information for processor 4
  Max Mhz: 3301, Current Mhz: 2496, Mhz Limit: 3301
Processor Information for processor 5
  Max Mhz: 3301, Current Mhz: 2024, Mhz Limit: 3301
Processor Information for processor 6
  Max Mhz: 3301, Current Mhz: 2496, Mhz Limit: 3301
Processor Information for processor 7
  Max Mhz: 3301, Current Mhz: 2496, Mhz Limit: 3301
Processor Information for processor 8
  Max Mhz: 3301, Current Mhz: 2496, Mhz Limit: 3301
Processor Information for processor 9
  Max Mhz: 3301, Current Mhz: 2496, Mhz Limit: 3301
Processor Information for processor 10
  Max Mhz: 3301, Current Mhz: 2024, Mhz Limit: 3301
Processor Information for processor 11
  Max Mhz: 3301, Current Mhz: 2024, Mhz Limit: 3301

Memory: 4k page, system-wide physical 7419M (466M free)
TotalPageFile size 29947M (AvailPageFile size 101M)
current process WorkingSet (physical memory assigned to process): 252M, peak: 284M
current process commit charge ("private bytes"): 415M, peak: 427M

vm_info: OpenJDK 64-Bit Server VM (21.0.10+7-LTS) for windows-amd64 JRE (21.0.10+7-LTS), built on 2026-01-20T00:00:00Z by "admin" with MS VC++ 17.12 (VS2022)

END.
