#
# There is insufficient memory for the Java Runtime Environment to continue.
# Native memory allocation (malloc) failed to allocate 1441776 bytes. Error detail: Chunk::new
# Possible reasons:
#   The system is out of physical RAM or swap space
#   This process is running with CompressedOops enabled, and the Java Heap may be blocking the growth of the native heap
# Possible solutions:
#   Reduce memory load on the system
#   Increase physical memory or swap space
#   Check if swap backing store is full
#   Decrease Java heap size (-Xmx/-Xms)
#   Decrease number of Java threads
#   Decrease Java thread stack sizes (-Xss)
#   Set larger code cache with -XX:ReservedCodeCacheSize=
#   JVM is running with Unscaled Compressed Oops mode in which the Java heap is
#     placed in the first 4GB address space. The Java Heap base address is the
#     maximum limit for the native heap growth. Please use -XX:HeapBaseMinAddress
#     to set the Java Heap base and to place the Java Heap above 4GB virtual address.
# This output file may be truncated or incomplete.
#
#  Out of Memory Error (arena.cpp:168), pid=28320, tid=26152
#
# JRE version: OpenJDK Runtime Environment Temurin-21.0.10+7 (21.0.10+7) (build 21.0.10+7-LTS)
# Java VM: OpenJDK 64-Bit Server VM Temurin-21.0.10+7 (21.0.10+7-LTS, mixed mode, sharing, tiered, compressed oops, compressed class ptrs, parallel gc, windows-amd64)
# No core dump will be written. Minidumps are not enabled by default on client versions of Windows
#

---------------  S U M M A R Y ------------

Command Line: --add-modules=ALL-SYSTEM --add-opens=java.base/java.util=ALL-UNNAMED --add-opens=java.base/java.lang=ALL-UNNAMED --add-opens=java.base/sun.nio.fs=ALL-UNNAMED -Declipse.application=org.eclipse.jdt.ls.core.id1 -Dosgi.bundles.defaultStartLevel=4 -Declipse.product=org.eclipse.jdt.ls.core.product -Djava.import.generatesMetadataFilesAtProjectRoot=false -DDetectVMInstallationsJob.disabled=true -Dfile.encoding=utf8 -XX:+UseParallelGC -XX:GCTimeRatio=4 -XX:AdaptiveSizePolicyWeight=90 -Dsun.zip.disableMemoryMapping=true -Xmx2G -Xms100m -Xlog:disable -javaagent:c:\Users\sohai\.vscode\extensions\redhat.java-1.55.2026042408-win32-x64\lombok\lombok-1.18.39-4050.jar -XX:+HeapDumpOnOutOfMemoryError -XX:HeapDumpPath=c:\Users\sohai\AppData\Roaming\Code\User\workspaceStorage\0fd8daeb7775cd322c77dbca291a79a6\redhat.java -Daether.dependencyCollector.impl=bf -XX:+UnlockDiagnosticVMOptions -XX:+AllowArchivingWithJavaAgent -XX:+AutoCreateSharedArchive -XX:SharedArchiveFile=c:\Users\sohai\AppData\Roaming\Code\User\globalStorage\redhat.java\1.55.2026042408\jdtls.jsa c:\Users\sohai\.vscode\extensions\redhat.java-1.55.2026042408-win32-x64\server\plugins\org.eclipse.equinox.launcher_1.7.100.v20251111-0406.jar -configuration c:\Users\sohai\AppData\Roaming\Code\User\globalStorage\redhat.java\1.55.2026042408\config_win -data c:\Users\sohai\AppData\Roaming\Code\User\workspaceStorage\0fd8daeb7775cd322c77dbca291a79a6\redhat.java\jdt_ws --pipe=\\.\pipe\lsp-18cfd9c7620314ec83aac3ed91fd002b-sock

Host: AMD Ryzen 5 7535HS with Radeon Graphics        , 12 cores, 7G,  Windows 11 , 64 bit Build 26100 (10.0.26100.7920)
Time: Wed Apr 29 14:43:43 2026 Egypt Daylight Time elapsed time: 14196.778790 seconds (0d 3h 56m 36s)

---------------  T H R E A D  ---------------

Current thread (0x0000018b94595b20):  JavaThread "C2 CompilerThread0" daemon [_thread_in_native, id=26152, stack(0x0000006e50f00000,0x0000006e51000000) (1024K)]


Current CompileTask:
C2:14196779 18203       4       org.eclipse.jdt.internal.core.JavaProject$ModuleLookup::addTransitive (71 bytes)

Stack: [0x0000006e50f00000,0x0000006e51000000]
Native frames: (J=compiled Java code, j=interpreted, Vv=VM code, C=native code)
V  [jvm.dll+0x6d7a39]
V  [jvm.dll+0x8b4b26]
V  [jvm.dll+0x8b70de]
V  [jvm.dll+0x8b77c3]
V  [jvm.dll+0x284346]
V  [jvm.dll+0xc66ed]
V  [jvm.dll+0xc6c31]
V  [jvm.dll+0x3bec01]
V  [jvm.dll+0x38b162]
V  [jvm.dll+0x38a5aa]
V  [jvm.dll+0x24c560]
V  [jvm.dll+0x24bb40]
V  [jvm.dll+0x1cb34e]
V  [jvm.dll+0x25b85d]
V  [jvm.dll+0x259dea]
V  [jvm.dll+0x3f857e]
V  [jvm.dll+0x85f59d]
V  [jvm.dll+0x6d626d]
C  [ucrtbase.dll+0x37b0]
C  [KERNEL32.DLL+0x2e8d7]
C  [ntdll.dll+0x8c48c]


---------------  P R O C E S S  ---------------

Threads class SMR info:
_java_thread_list=0x0000018b9a9b8e30, length=76, elements={
0x0000018b37a60d80, 0x0000018b379c96e0, 0x0000018b379cddc0, 0x0000018b379d4c70,
0x0000018b379d5c90, 0x0000018b379d7f80, 0x0000018b379de400, 0x0000018b94595b20,
0x0000018b945a1330, 0x0000018b9481ce00, 0x0000018b95746790, 0x0000018b95d7f390,
0x0000018b95b70f80, 0x0000018b95ee33a0, 0x0000018b95f21040, 0x0000018b9a7bc740,
0x0000018b9a91ab20, 0x0000018b9a9d9df0, 0x0000018b9a7ee8a0, 0x0000018b9a7ef5c0,
0x0000018b9a7ece60, 0x0000018b9a6f3e20, 0x0000018b9a6f4b40, 0x0000018b9a6f23e0,
0x0000018b9a6f44b0, 0x0000018b9a6f51d0, 0x0000018b9a6f3790, 0x0000018b9a6f5860,
0x0000018b9a6f2a70, 0x0000018b9a6f3100, 0x0000018b9b8fe1f0, 0x0000018b9b8ffc30,
0x0000018b9b8fdb60, 0x0000018b9b8fef10, 0x0000018b9b8fd4d0, 0x0000018b9b901670,
0x0000018b9b901d00, 0x0000018b9b8fe880, 0x0000018b9b902390, 0x0000018b9b9030b0,
0x0000018b9b904460, 0x0000018b9bec4d70, 0x0000018b9bec6e40, 0x0000018b9bec4050,
0x0000018b9ffe58c0, 0x0000018b9ffe5f50, 0x0000018b9ffe37f0, 0x0000018b9ffea780,
0x0000018b9ffe7300, 0x0000018b9ffe8020, 0x0000018b9bec6120, 0x0000018b9a7ee210,
0x0000018b9ffe7990, 0x0000018b9ffe93d0, 0x0000018b9ffe86b0, 0x0000018b9bec46e0,
0x0000018b9b902a20, 0x0000018b9b903dd0, 0x0000018babf9d7c0, 0x0000018babfa0c40,
0x0000018b9d0589b0, 0x0000018b9d056f70, 0x0000018b9d057600, 0x0000018babf9f200,
0x0000018babf9f890, 0x0000018b9b900950, 0x0000018b9d0568e0, 0x0000018b9a7efc50,
0x0000018b9bec5a90, 0x0000018ba0786120, 0x0000018babf9de50, 0x0000018babf9ff20,
0x0000018b9a7eef30, 0x0000018b9a7f02e0, 0x0000018b9d0596d0, 0x0000018b9ffe65e0
}

Java Threads: ( => current thread )
  0x0000018b37a60d80 JavaThread "main"                              [_thread_blocked, id=27296, stack(0x0000006e50500000,0x0000006e50600000) (1024K)]
  0x0000018b379c96e0 JavaThread "Reference Handler"          daemon [_thread_blocked, id=22960, stack(0x0000006e50900000,0x0000006e50a00000) (1024K)]
  0x0000018b379cddc0 JavaThread "Finalizer"                  daemon [_thread_blocked, id=23208, stack(0x0000006e50a00000,0x0000006e50b00000) (1024K)]
  0x0000018b379d4c70 JavaThread "Signal Dispatcher"          daemon [_thread_blocked, id=5576, stack(0x0000006e50b00000,0x0000006e50c00000) (1024K)]
  0x0000018b379d5c90 JavaThread "Attach Listener"            daemon [_thread_blocked, id=23576, stack(0x0000006e50c00000,0x0000006e50d00000) (1024K)]
  0x0000018b379d7f80 JavaThread "Service Thread"             daemon [_thread_blocked, id=22388, stack(0x0000006e50d00000,0x0000006e50e00000) (1024K)]
  0x0000018b379de400 JavaThread "Monitor Deflation Thread"   daemon [_thread_blocked, id=21700, stack(0x0000006e50e00000,0x0000006e50f00000) (1024K)]
=>0x0000018b94595b20 JavaThread "C2 CompilerThread0"         daemon [_thread_in_native, id=26152, stack(0x0000006e50f00000,0x0000006e51000000) (1024K)]
  0x0000018b945a1330 JavaThread "C1 CompilerThread0"         daemon [_thread_blocked, id=20364, stack(0x0000006e51000000,0x0000006e51100000) (1024K)]
  0x0000018b9481ce00 JavaThread "Common-Cleaner"             daemon [_thread_blocked, id=2804, stack(0x0000006e51100000,0x0000006e51200000) (1024K)]
  0x0000018b95746790 JavaThread "Notification Thread"        daemon [_thread_blocked, id=5092, stack(0x0000006e51300000,0x0000006e51400000) (1024K)]
  0x0000018b95d7f390 JavaThread "Active Thread: Equinox Container: f41c98e5-092d-4c71-ae69-107b1b878a72"        [_thread_blocked, id=28064, stack(0x0000006e51a00000,0x0000006e51b00000) (1024K)]
  0x0000018b95b70f80 JavaThread "Refresh Thread: Equinox Container: f41c98e5-092d-4c71-ae69-107b1b878a72" daemon [_thread_blocked, id=23192, stack(0x0000006e51b00000,0x0000006e51c00000) (1024K)]
  0x0000018b95ee33a0 JavaThread "Framework Event Dispatcher: Equinox Container: f41c98e5-092d-4c71-ae69-107b1b878a72" daemon [_thread_blocked, id=27504, stack(0x0000006e51d00000,0x0000006e51e00000) (1024K)]
  0x0000018b95f21040 JavaThread "Start Level: Equinox Container: f41c98e5-092d-4c71-ae69-107b1b878a72" daemon [_thread_blocked, id=10848, stack(0x0000006e51e00000,0x0000006e51f00000) (1024K)]
  0x0000018b9a7bc740 JavaThread "Bundle File Closer"         daemon [_thread_blocked, id=20036, stack(0x0000006e52100000,0x0000006e52200000) (1024K)]
  0x0000018b9a91ab20 JavaThread "SCR Component Actor"        daemon [_thread_blocked, id=25480, stack(0x0000006e51200000,0x0000006e51300000) (1024K)]
  0x0000018b9a9d9df0 JavaThread "Worker-JM"                         [_thread_blocked, id=24712, stack(0x0000006e52400000,0x0000006e52500000) (1024K)]
  0x0000018b9a7ee8a0 JavaThread "Java indexing"              daemon [_thread_blocked, id=17244, stack(0x0000006e52300000,0x0000006e52400000) (1024K)]
  0x0000018b9a7ef5c0 JavaThread "JNA Cleaner"                daemon [_thread_blocked, id=27724, stack(0x0000006e52800000,0x0000006e52900000) (1024K)]
  0x0000018b9a7ece60 JavaThread "Thread-1"                   daemon [_thread_in_native, id=11724, stack(0x0000006e52e00000,0x0000006e52f00000) (1024K)]
  0x0000018b9a6f3e20 JavaThread "Thread-2"                   daemon [_thread_in_native, id=20836, stack(0x0000006e52f00000,0x0000006e53000000) (1024K)]
  0x0000018b9a6f4b40 JavaThread "Thread-3"                   daemon [_thread_in_native, id=26996, stack(0x0000006e53000000,0x0000006e53100000) (1024K)]
  0x0000018b9a6f23e0 JavaThread "Thread-4"                   daemon [_thread_in_native, id=23064, stack(0x0000006e53100000,0x0000006e53200000) (1024K)]
  0x0000018b9a6f44b0 JavaThread "Thread-5"                   daemon [_thread_in_native, id=24364, stack(0x0000006e53200000,0x0000006e53300000) (1024K)]
  0x0000018b9a6f51d0 JavaThread "Thread-6"                   daemon [_thread_in_native, id=26472, stack(0x0000006e53300000,0x0000006e53400000) (1024K)]
  0x0000018b9a6f3790 JavaThread "Thread-7"                   daemon [_thread_in_native, id=26780, stack(0x0000006e53400000,0x0000006e53500000) (1024K)]
  0x0000018b9a6f5860 JavaThread "Thread-8"                   daemon [_thread_in_native, id=21060, stack(0x0000006e53500000,0x0000006e53600000) (1024K)]
  0x0000018b9a6f2a70 JavaThread "Thread-9"                   daemon [_thread_in_native, id=4164, stack(0x0000006e53600000,0x0000006e53700000) (1024K)]
  0x0000018b9a6f3100 JavaThread "Thread-10"                  daemon [_thread_in_native, id=16184, stack(0x0000006e53700000,0x0000006e53800000) (1024K)]
  0x0000018b9b8fe1f0 JavaThread "Thread-11"                  daemon [_thread_in_native, id=19968, stack(0x0000006e53800000,0x0000006e53900000) (1024K)]
  0x0000018b9b8ffc30 JavaThread "Thread-12"                  daemon [_thread_in_native, id=24076, stack(0x0000006e53900000,0x0000006e53a00000) (1024K)]
  0x0000018b9b8fdb60 JavaThread "Thread-13"                  daemon [_thread_in_native, id=9932, stack(0x0000006e53a00000,0x0000006e53b00000) (1024K)]
  0x0000018b9b8fef10 JavaThread "pool-2-thread-1"                   [_thread_blocked, id=26428, stack(0x0000006e53b00000,0x0000006e53c00000) (1024K)]
  0x0000018b9b8fd4d0 JavaThread "WorkspaceEventsHandler"            [_thread_blocked, id=19008, stack(0x0000006e53d00000,0x0000006e53e00000) (1024K)]
  0x0000018b9b901670 JavaThread "pool-1-thread-1"                   [_thread_blocked, id=24628, stack(0x0000006e53e00000,0x0000006e53f00000) (1024K)]
  0x0000018b9b901d00 JavaThread "Timer-0"                           [_thread_blocked, id=22176, stack(0x0000006e53c00000,0x0000006e53d00000) (1024K)]
  0x0000018b9b8fe880 JavaThread "Timer-1"                           [_thread_blocked, id=27652, stack(0x0000006e54200000,0x0000006e54300000) (1024K)]
  0x0000018b9b902390 JavaThread "Timer-2"                           [_thread_blocked, id=25128, stack(0x0000006e54300000,0x0000006e54400000) (1024K)]
  0x0000018b9b9030b0 JavaThread "Timer-3"                           [_thread_blocked, id=3236, stack(0x0000006e54400000,0x0000006e54500000) (1024K)]
  0x0000018b9b904460 JavaThread "Timer-4"                           [_thread_blocked, id=26600, stack(0x0000006e54500000,0x0000006e54600000) (1024K)]
  0x0000018b9bec4d70 JavaThread "Timer-5"                           [_thread_blocked, id=15476, stack(0x0000006e50300000,0x0000006e50400000) (1024K)]
  0x0000018b9bec6e40 JavaThread "Timer-6"                           [_thread_blocked, id=6848, stack(0x0000006e50400000,0x0000006e50500000) (1024K)]
  0x0000018b9bec4050 JavaThread "Timer-7"                           [_thread_blocked, id=20400, stack(0x0000006e52200000,0x0000006e52300000) (1024K)]
  0x0000018b9ffe58c0 JavaThread "Timer-8"                           [_thread_blocked, id=4984, stack(0x0000006e52600000,0x0000006e52700000) (1024K)]
  0x0000018b9ffe5f50 JavaThread "Timer-9"                           [_thread_blocked, id=29308, stack(0x0000006e52700000,0x0000006e52800000) (1024K)]
  0x0000018b9ffe37f0 JavaThread "Timer-10"                          [_thread_blocked, id=5772, stack(0x0000006e52900000,0x0000006e52a00000) (1024K)]
  0x0000018b9ffea780 JavaThread "Timer-11"                          [_thread_blocked, id=27016, stack(0x0000006e52a00000,0x0000006e52b00000) (1024K)]
  0x0000018b9ffe7300 JavaThread "Timer-12"                          [_thread_blocked, id=22860, stack(0x0000006e52b00000,0x0000006e52c00000) (1024K)]
  0x0000018b9ffe8020 JavaThread "Timer-13"                          [_thread_blocked, id=11844, stack(0x0000006e52500000,0x0000006e52600000) (1024K)]
  0x0000018b9bec6120 JavaThread "Worker-12: Building"               [_thread_in_Java, id=9424, stack(0x0000006e54700000,0x0000006e54800000) (1024K)]
  0x0000018b9a7ee210 JavaThread "Timer-14"                          [_thread_blocked, id=30120, stack(0x0000006e52c00000,0x0000006e52d00000) (1024K)]
  0x0000018b9ffe7990 JavaThread "Timer-15"                          [_thread_blocked, id=32432, stack(0x0000006e52d00000,0x0000006e52e00000) (1024K)]
  0x0000018b9ffe93d0 JavaThread "Timer-16"                          [_thread_blocked, id=31752, stack(0x0000006e53f00000,0x0000006e54000000) (1024K)]
  0x0000018b9ffe86b0 JavaThread "Timer-17"                          [_thread_blocked, id=29616, stack(0x0000006e54000000,0x0000006e54100000) (1024K)]
  0x0000018b9bec46e0 JavaThread "Timer-18"                          [_thread_blocked, id=29820, stack(0x0000006e54900000,0x0000006e54a00000) (1024K)]
  0x0000018b9b902a20 JavaThread "Timer-19"                          [_thread_blocked, id=7120, stack(0x0000006e54100000,0x0000006e54200000) (1024K)]
  0x0000018b9b903dd0 JavaThread "Timer-20"                          [_thread_blocked, id=32156, stack(0x0000006e54a00000,0x0000006e54b00000) (1024K)]
  0x0000018babf9d7c0 JavaThread "Worker-16"                         [_thread_blocked, id=32964, stack(0x0000006e55100000,0x0000006e55200000) (1024K)]
  0x0000018babfa0c40 JavaThread "Timer-21"                          [_thread_blocked, id=33468, stack(0x0000006e54f00000,0x0000006e55000000) (1024K)]
  0x0000018b9d0589b0 JavaThread "Timer-22"                          [_thread_blocked, id=31068, stack(0x0000006e54e00000,0x0000006e54f00000) (1024K)]
  0x0000018b9d056f70 JavaThread "Timer-23"                          [_thread_blocked, id=11888, stack(0x0000006e50200000,0x0000006e50300000) (1024K)]
  0x0000018b9d057600 JavaThread "Timer-24"                          [_thread_blocked, id=32832, stack(0x0000006e55000000,0x0000006e55100000) (1024K)]
  0x0000018babf9f200 JavaThread "Timer-25"                          [_thread_blocked, id=30652, stack(0x0000006e54c00000,0x0000006e54d00000) (1024K)]
  0x0000018babf9f890 JavaThread "Timer-26"                          [_thread_blocked, id=29360, stack(0x0000006e55300000,0x0000006e55400000) (1024K)]
  0x0000018b9b900950 JavaThread "Worker-20: Register Watchers"        [_thread_blocked, id=23532, stack(0x0000006e55600000,0x0000006e55700000) (1024K)]
  0x0000018b9d0568e0 JavaThread "Worker-21"                         [_thread_blocked, id=27104, stack(0x0000006e54600000,0x0000006e54700000) (1024K)]
  0x0000018b9a7efc50 JavaThread "Timer-27"                          [_thread_blocked, id=26212, stack(0x0000006e54b00000,0x0000006e54c00000) (1024K)]
  0x0000018b9bec5a90 JavaThread "Timer-28"                          [_thread_blocked, id=31376, stack(0x0000006e54d00000,0x0000006e54e00000) (1024K)]
  0x0000018ba0786120 JavaThread "C2 CompilerThread1"         daemon [_thread_in_native, id=27668, stack(0x0000006e55200000,0x0000006e55300000) (1024K)]
  0x0000018babf9de50 JavaThread "Compiler Source File Reader" daemon [_thread_blocked, id=9556, stack(0x0000006e55400000,0x0000006e55500000) (1024K)]
  0x0000018babf9ff20 JavaThread "Compiler Source File Reader" daemon [_thread_blocked, id=32780, stack(0x0000006e55500000,0x0000006e55600000) (1024K)]
  0x0000018b9a7eef30 JavaThread "Compiler Source File Reader" daemon [_thread_blocked, id=16220, stack(0x0000006e55700000,0x0000006e55800000) (1024K)]
  0x0000018b9a7f02e0 JavaThread "Compiler Source File Reader" daemon [_thread_blocked, id=29172, stack(0x0000006e55800000,0x0000006e55900000) (1024K)]
  0x0000018b9d0596d0 JavaThread "Compiler Source File Reader" daemon [_thread_blocked, id=932, stack(0x0000006e55900000,0x0000006e55a00000) (1024K)]
  0x0000018b9ffe65e0 JavaThread "Compiler Source File Reader" daemon [_thread_blocked, id=31472, stack(0x0000006e55a00000,0x0000006e55b00000) (1024K)]
Total: 76

Other Threads:
  0x0000018b94592640 VMThread "VM Thread"                           [id=11976, stack(0x0000006e50800000,0x0000006e50900000) (1024K)]
  0x0000018b378bca00 WatcherThread "VM Periodic Task Thread"        [id=17728, stack(0x0000006e50700000,0x0000006e50800000) (1024K)]
  0x0000018b37a7ee30 WorkerThread "GC Thread#0"                     [id=26700, stack(0x0000006e50600000,0x0000006e50700000) (1024K)]
  0x0000018b95a653e0 WorkerThread "GC Thread#1"                     [id=22344, stack(0x0000006e51400000,0x0000006e51500000) (1024K)]
  0x0000018b95a65790 WorkerThread "GC Thread#2"                     [id=27932, stack(0x0000006e51500000,0x0000006e51600000) (1024K)]
  0x0000018b95e89540 WorkerThread "GC Thread#3"                     [id=2060, stack(0x0000006e51600000,0x0000006e51700000) (1024K)]
  0x0000018b95e898f0 WorkerThread "GC Thread#4"                     [id=11704, stack(0x0000006e51700000,0x0000006e51800000) (1024K)]
  0x0000018b959f83c0 WorkerThread "GC Thread#5"                     [id=22280, stack(0x0000006e51800000,0x0000006e51900000) (1024K)]
  0x0000018b959f8770 WorkerThread "GC Thread#6"                     [id=20500, stack(0x0000006e51900000,0x0000006e51a00000) (1024K)]
  0x0000018b95b75fb0 WorkerThread "GC Thread#7"                     [id=15768, stack(0x0000006e51c00000,0x0000006e51d00000) (1024K)]
  0x0000018b9a198480 WorkerThread "GC Thread#8"                     [id=12504, stack(0x0000006e51f00000,0x0000006e52000000) (1024K)]
  0x0000018b95ec1a70 WorkerThread "GC Thread#9"                     [id=28384, stack(0x0000006e52000000,0x0000006e52100000) (1024K)]
Total: 12

Threads with active compile tasks:
C2 CompilerThread0  14198952 18203       4       org.eclipse.jdt.internal.core.JavaProject$ModuleLookup::addTransitive (71 bytes)
C2 CompilerThread1  14198953 18212       4       org.lombokweb.asm.SymbolTable::<init> (554 bytes)
Total: 2

VM state: not at safepoint (normal execution)

VM Mutex/Monitor currently owned by a thread: None

Heap address: 0x0000000080000000, size: 2048 MB, Compressed Oops mode: 32-bit

CDS archive(s) mapped at: [0x0000018b4f000000-0x0000018b4fba0000-0x0000018b538e0000), size 76414976, SharedBaseAddress: 0x0000018b4f000000, ArchiveRelocationMode: 1.
Compressed class space mapped at: 0x0000018b54000000-0x0000018b94000000, reserved size: 1073741824
Narrow klass base: 0x0000018b4f000000, Narrow klass shift: 0, Narrow klass range: 0x100000000

GC Precious Log:
 CardTable entry size: 512
 CPUs: 12 total, 12 available
 Memory: 7419M
 Large Page Support: Disabled
 NUMA Support: Disabled
 Compressed Oops: Enabled (32-bit)
 Alignments: Space 512K, Generation 512K, Heap 2M
 Heap Min Capacity: 100M
 Heap Initial Capacity: 100M
 Heap Max Capacity: 2G
 Pre-touch: Disabled
 Parallel Workers: 10

Heap:
 PSYoungGen      total 8704K, used 2984K [0x00000000d5580000, 0x00000000d6100000, 0x0000000100000000)
  eden space 7680K, 28% used [0x00000000d5580000,0x00000000d57aa350,0x00000000d5d00000)
  from space 1024K, 75% used [0x00000000d5f00000,0x00000000d5fc0000,0x00000000d6000000)
  to   space 1024K, 0% used [0x00000000d6000000,0x00000000d6000000,0x00000000d6100000)
 ParOldGen       total 1270272K, used 512616K [0x0000000080000000, 0x00000000cd880000, 0x00000000d5580000)
  object space 1270272K, 40% used [0x0000000080000000,0x000000009f49a1a8,0x00000000cd880000)
 Metaspace       used 69010K, committed 70784K, reserved 1114112K
  class space    used 8627K, committed 9472K, reserved 1048576K

Card table byte_map: [0x0000018b373d0000,0x0000018b377e0000] _byte_map_base: 0x0000018b36fd0000

Marking Bits: (ParMarkBitMap*) 0x00007ff9940d3450
 Begin Bits: [0x0000018b49ee0000, 0x0000018b4bee0000)
 End Bits:   [0x0000018b4bee0000, 0x0000018b4dee0000)

Polling page: 0x0000018b37180000

Metaspace:

Usage:
  Non-class:     58.97 MB used.
      Class:      8.43 MB used.
       Both:     67.39 MB used.

Virtual space:
  Non-class space:       64.00 MB reserved,      59.88 MB ( 94%) committed,  1 nodes.
      Class space:        1.00 GB reserved,       9.25 MB ( <1%) committed,  1 nodes.
             Both:        1.06 GB reserved,      69.12 MB (  6%) committed. 

Chunk freelists:
   Non-Class:  3.34 MB
       Class:  6.75 MB
        Both:  10.09 MB

MaxMetaspaceSize: unlimited
CompressedClassSpaceSize: 1.00 GB
Initial GC threshold: 21.00 MB
Current GC threshold: 84.94 MB
CDS: on
 - commit_granule_bytes: 65536.
 - commit_granule_words: 8192.
 - virtual_space_node_default_size: 8388608.
 - enlarge_chunks_in_place: 1.
 - use_allocation_guard: 0.


Internal statistics:

num_allocs_failed_limit: 6.
num_arena_births: 2322.
num_arena_deaths: 582.
num_vsnodes_births: 2.
num_vsnodes_deaths: 0.
num_space_committed: 1106.
num_space_uncommitted: 0.
num_chunks_returned_to_freelist: 666.
num_chunks_taken_from_freelist: 6182.
num_chunk_merges: 205.
num_chunk_splits: 3723.
num_chunks_enlarged: 2234.
num_inconsistent_stats: 0.

CodeHeap 'non-profiled nmethods': size=120000Kb used=16383Kb max_used=16841Kb free=103616Kb
 bounds [0x0000018b42700000, 0x0000018b43780000, 0x0000018b49c30000]
CodeHeap 'profiled nmethods': size=120000Kb used=32512Kb max_used=33456Kb free=87488Kb
 bounds [0x0000018b3ac30000, 0x0000018b3cce0000, 0x0000018b42160000]
CodeHeap 'non-nmethods': size=5760Kb used=1536Kb max_used=1552Kb free=4223Kb
 bounds [0x0000018b42160000, 0x0000018b423d0000, 0x0000018b42700000]
CodeCache: size=245760Kb, used=50431Kb, max_used=51849Kb, free=195327Kb
 total_blobs=15935, nmethods=15112, adapters=725, full_count=0
Compilation: enabled, stopped_count=0, restarted_count=0

Compilation events (20 events):
Event: 14195.756 Thread 0x0000018b945a1330 nmethod 18218 0x0000018b42e65490 code [0x0000018b42e65620, 0x0000018b42e656e8]
Event: 14195.757 Thread 0x0000018b945a1330 18217       3       org.eclipse.core.internal.filebuffers.ExtensionsRegistry::getDocumentFactory (42 bytes)
Event: 14195.759 Thread 0x0000018ba0786120 18214       4       org.lombokweb.asm.SymbolTable::addConstantUtf8Reference (101 bytes)
Event: 14195.760 Thread 0x0000018b945a1330 nmethod 18217 0x0000018b3c5b5310 code [0x0000018b3c5b5560, 0x0000018b3c5b5f10]
Event: 14195.760 Thread 0x0000018b945a1330 18223       3       org.eclipse.jdt.internal.compiler.parser.Scanner::<init> (482 bytes)
Event: 14195.778 Thread 0x0000018b945a1330 nmethod 18223 0x0000018b3c5b3790 code [0x0000018b3c5b3a20, 0x0000018b3c5b4c90]
Event: 14195.779 Thread 0x0000018b945a1330 18221       3       java.io.BufferedWriter::<init> (12 bytes)
Event: 14195.780 Thread 0x0000018b945a1330 nmethod 18221 0x0000018b3c5b3010 code [0x0000018b3c5b31e0, 0x0000018b3c5b3628]
Event: 14195.780 Thread 0x0000018b945a1330 18222       3       java.io.BufferedWriter::initialBufferSize (23 bytes)
Event: 14195.781 Thread 0x0000018b945a1330 nmethod 18222 0x0000018b3c5b2990 code [0x0000018b3c5b2b60, 0x0000018b3c5b2f10]
Event: 14195.781 Thread 0x0000018b945a1330 18225       1       org.eclipse.core.internal.resources.Rules::markerRule (2 bytes)
Event: 14195.781 Thread 0x0000018b945a1330 nmethod 18225 0x0000018b42e65190 code [0x0000018b42e65320, 0x0000018b42e653f0]
Event: 14195.781 Thread 0x0000018b945a1330 18216       3       org.eclipse.core.internal.resources.Resource::isSynchronized (10 bytes)
Event: 14195.782 Thread 0x0000018b945a1330 nmethod 18216 0x0000018b3c5b2410 code [0x0000018b3c5b25c0, 0x0000018b3c5b2830]
Event: 14195.782 Thread 0x0000018b945a1330 18224       1       org.eclipse.core.internal.resources.WorkspaceDescription::getMaxConcurrentBuilds (5 bytes)
Event: 14195.782 Thread 0x0000018b945a1330 nmethod 18224 0x0000018b42e64e90 code [0x0000018b42e65020, 0x0000018b42e650e8]
Event: 14195.809 Thread 0x0000018b945a1330 18226       3       org.eclipse.core.internal.resources.Resource::checkValidPath (36 bytes)
Event: 14195.811 Thread 0x0000018b945a1330 nmethod 18226 0x0000018b3c5b1d90 code [0x0000018b3c5b1f60, 0x0000018b3c5b2298]
Event: 14195.811 Thread 0x0000018b945a1330 18227       3       org.eclipse.core.internal.resources.LocationValidator::validatePath (345 bytes)
Event: 14195.816 Thread 0x0000018b945a1330 nmethod 18227 0x0000018b3c5aea90 code [0x0000018b3c5aefa0, 0x0000018b3c5b1290]

GC Heap History (20 events):
Event: 14185.082 GC heap before
{Heap before GC invocations=4509 (full 3):
 PSYoungGen      total 8192K, used 7840K [0x00000000d5580000, 0x00000000d6100000, 0x0000000100000000)
  eden space 7680K, 100% used [0x00000000d5580000,0x00000000d5d00000,0x00000000d5d00000)
  from space 512K, 31% used [0x00000000d6080000,0x00000000d60a8000,0x00000000d6100000)
  to   space 512K, 0% used [0x00000000d6000000,0x00000000d6000000,0x00000000d6080000)
 ParOldGen       total 1270272K, used 505974K [0x0000000080000000, 0x00000000cd880000, 0x00000000d5580000)
  object space 1270272K, 39% used [0x0000000080000000,0x000000009ee1dac8,0x00000000cd880000)
 Metaspace       used 68774K, committed 70592K, reserved 1114112K
  class space    used 8602K, committed 9472K, reserved 1048576K
}
Event: 14185.084 GC heap after
{Heap after GC invocations=4509 (full 3):
 PSYoungGen      total 8192K, used 160K [0x00000000d5580000, 0x00000000d6100000, 0x0000000100000000)
  eden space 7680K, 0% used [0x00000000d5580000,0x00000000d5580000,0x00000000d5d00000)
  from space 512K, 31% used [0x00000000d6000000,0x00000000d6028000,0x00000000d6080000)
  to   space 512K, 0% used [0x00000000d6080000,0x00000000d6080000,0x00000000d6100000)
 ParOldGen       total 1270272K, used 505974K [0x0000000080000000, 0x00000000cd880000, 0x00000000d5580000)
  object space 1270272K, 39% used [0x0000000080000000,0x000000009ee1dac8,0x00000000cd880000)
 Metaspace       used 68774K, committed 70592K, reserved 1114112K
  class space    used 8602K, committed 9472K, reserved 1048576K
}
Event: 14185.197 GC heap before
{Heap before GC invocations=4510 (full 3):
 PSYoungGen      total 8192K, used 7840K [0x00000000d5580000, 0x00000000d6100000, 0x0000000100000000)
  eden space 7680K, 100% used [0x00000000d5580000,0x00000000d5d00000,0x00000000d5d00000)
  from space 512K, 31% used [0x00000000d6000000,0x00000000d6028000,0x00000000d6080000)
  to   space 512K, 0% used [0x00000000d6080000,0x00000000d6080000,0x00000000d6100000)
 ParOldGen       total 1270272K, used 505974K [0x0000000080000000, 0x00000000cd880000, 0x00000000d5580000)
  object space 1270272K, 39% used [0x0000000080000000,0x000000009ee1dac8,0x00000000cd880000)
 Metaspace       used 68774K, committed 70592K, reserved 1114112K
  class space    used 8602K, committed 9472K, reserved 1048576K
}
Event: 14185.201 GC heap after
{Heap after GC invocations=4510 (full 3):
 PSYoungGen      total 8192K, used 128K [0x00000000d5580000, 0x00000000d6100000, 0x0000000100000000)
  eden space 7680K, 0% used [0x00000000d5580000,0x00000000d5580000,0x00000000d5d00000)
  from space 512K, 25% used [0x00000000d6080000,0x00000000d60a0000,0x00000000d6100000)
  to   space 512K, 0% used [0x00000000d6000000,0x00000000d6000000,0x00000000d6080000)
 ParOldGen       total 1270272K, used 505974K [0x0000000080000000, 0x00000000cd880000, 0x00000000d5580000)
  object space 1270272K, 39% used [0x0000000080000000,0x000000009ee1dac8,0x00000000cd880000)
 Metaspace       used 68774K, committed 70592K, reserved 1114112K
  class space    used 8602K, committed 9472K, reserved 1048576K
}
Event: 14185.313 GC heap before
{Heap before GC invocations=4511 (full 3):
 PSYoungGen      total 8192K, used 7808K [0x00000000d5580000, 0x00000000d6100000, 0x0000000100000000)
  eden space 7680K, 100% used [0x00000000d5580000,0x00000000d5d00000,0x00000000d5d00000)
  from space 512K, 25% used [0x00000000d6080000,0x00000000d60a0000,0x00000000d6100000)
  to   space 512K, 0% used [0x00000000d6000000,0x00000000d6000000,0x00000000d6080000)
 ParOldGen       total 1270272K, used 505974K [0x0000000080000000, 0x00000000cd880000, 0x00000000d5580000)
  object space 1270272K, 39% used [0x0000000080000000,0x000000009ee1dac8,0x00000000cd880000)
 Metaspace       used 68774K, committed 70592K, reserved 1114112K
  class space    used 8602K, committed 9472K, reserved 1048576K
}
Event: 14185.316 GC heap after
{Heap after GC invocations=4511 (full 3):
 PSYoungGen      total 8192K, used 160K [0x00000000d5580000, 0x00000000d6100000, 0x0000000100000000)
  eden space 7680K, 0% used [0x00000000d5580000,0x00000000d5580000,0x00000000d5d00000)
  from space 512K, 31% used [0x00000000d6000000,0x00000000d6028000,0x00000000d6080000)
  to   space 512K, 0% used [0x00000000d6080000,0x00000000d6080000,0x00000000d6100000)
 ParOldGen       total 1270272K, used 505990K [0x0000000080000000, 0x00000000cd880000, 0x00000000d5580000)
  object space 1270272K, 39% used [0x0000000080000000,0x000000009ee21ac8,0x00000000cd880000)
 Metaspace       used 68774K, committed 70592K, reserved 1114112K
  class space    used 8602K, committed 9472K, reserved 1048576K
}
Event: 14185.419 GC heap before
{Heap before GC invocations=4512 (full 3):
 PSYoungGen      total 8192K, used 7840K [0x00000000d5580000, 0x00000000d6100000, 0x0000000100000000)
  eden space 7680K, 100% used [0x00000000d5580000,0x00000000d5d00000,0x00000000d5d00000)
  from space 512K, 31% used [0x00000000d6000000,0x00000000d6028000,0x00000000d6080000)
  to   space 512K, 0% used [0x00000000d6080000,0x00000000d6080000,0x00000000d6100000)
 ParOldGen       total 1270272K, used 505990K [0x0000000080000000, 0x00000000cd880000, 0x00000000d5580000)
  object space 1270272K, 39% used [0x0000000080000000,0x000000009ee21ac8,0x00000000cd880000)
 Metaspace       used 68774K, committed 70592K, reserved 1114112K
  class space    used 8602K, committed 9472K, reserved 1048576K
}
Event: 14185.422 GC heap after
{Heap after GC invocations=4512 (full 3):
 PSYoungGen      total 8192K, used 160K [0x00000000d5580000, 0x00000000d6100000, 0x0000000100000000)
  eden space 7680K, 0% used [0x00000000d5580000,0x00000000d5580000,0x00000000d5d00000)
  from space 512K, 31% used [0x00000000d6080000,0x00000000d60a8000,0x00000000d6100000)
  to   space 512K, 0% used [0x00000000d6000000,0x00000000d6000000,0x00000000d6080000)
 ParOldGen       total 1270272K, used 506006K [0x0000000080000000, 0x00000000cd880000, 0x00000000d5580000)
  object space 1270272K, 39% used [0x0000000080000000,0x000000009ee25ac8,0x00000000cd880000)
 Metaspace       used 68774K, committed 70592K, reserved 1114112K
  class space    used 8602K, committed 9472K, reserved 1048576K
}
Event: 14185.525 GC heap before
{Heap before GC invocations=4513 (full 3):
 PSYoungGen      total 8192K, used 7840K [0x00000000d5580000, 0x00000000d6100000, 0x0000000100000000)
  eden space 7680K, 100% used [0x00000000d5580000,0x00000000d5d00000,0x00000000d5d00000)
  from space 512K, 31% used [0x00000000d6080000,0x00000000d60a8000,0x00000000d6100000)
  to   space 512K, 0% used [0x00000000d6000000,0x00000000d6000000,0x00000000d6080000)
 ParOldGen       total 1270272K, used 506006K [0x0000000080000000, 0x00000000cd880000, 0x00000000d5580000)
  object space 1270272K, 39% used [0x0000000080000000,0x000000009ee25ac8,0x00000000cd880000)
 Metaspace       used 68774K, committed 70592K, reserved 1114112K
  class space    used 8602K, committed 9472K, reserved 1048576K
}
Event: 14185.526 GC heap after
{Heap after GC invocations=4513 (full 3):
 PSYoungGen      total 8192K, used 256K [0x00000000d5580000, 0x00000000d6100000, 0x0000000100000000)
  eden space 7680K, 0% used [0x00000000d5580000,0x00000000d5580000,0x00000000d5d00000)
  from space 512K, 50% used [0x00000000d6000000,0x00000000d6040000,0x00000000d6080000)
  to   space 512K, 0% used [0x00000000d6080000,0x00000000d6080000,0x00000000d6100000)
 ParOldGen       total 1270272K, used 506006K [0x0000000080000000, 0x00000000cd880000, 0x00000000d5580000)
  object space 1270272K, 39% used [0x0000000080000000,0x000000009ee25ac8,0x00000000cd880000)
 Metaspace       used 68774K, committed 70592K, reserved 1114112K
  class space    used 8602K, committed 9472K, reserved 1048576K
}
Event: 14188.421 GC heap before
{Heap before GC invocations=4514 (full 3):
 PSYoungGen      total 8192K, used 7936K [0x00000000d5580000, 0x00000000d6100000, 0x0000000100000000)
  eden space 7680K, 100% used [0x00000000d5580000,0x00000000d5d00000,0x00000000d5d00000)
  from space 512K, 50% used [0x00000000d6000000,0x00000000d6040000,0x00000000d6080000)
  to   space 512K, 0% used [0x00000000d6080000,0x00000000d6080000,0x00000000d6100000)
 ParOldGen       total 1270272K, used 506006K [0x0000000080000000, 0x00000000cd880000, 0x00000000d5580000)
  object space 1270272K, 39% used [0x0000000080000000,0x000000009ee25ac8,0x00000000cd880000)
 Metaspace       used 68776K, committed 70592K, reserved 1114112K
  class space    used 8602K, committed 9472K, reserved 1048576K
}
Event: 14188.443 GC heap after
{Heap after GC invocations=4514 (full 3):
 PSYoungGen      total 8192K, used 256K [0x00000000d5580000, 0x00000000d6100000, 0x0000000100000000)
  eden space 7680K, 0% used [0x00000000d5580000,0x00000000d5580000,0x00000000d5d00000)
  from space 512K, 50% used [0x00000000d6080000,0x00000000d60c0000,0x00000000d6100000)
  to   space 512K, 0% used [0x00000000d6000000,0x00000000d6000000,0x00000000d6080000)
 ParOldGen       total 1270272K, used 506006K [0x0000000080000000, 0x00000000cd880000, 0x00000000d5580000)
  object space 1270272K, 39% used [0x0000000080000000,0x000000009ee25ac8,0x00000000cd880000)
 Metaspace       used 68776K, committed 70592K, reserved 1114112K
  class space    used 8602K, committed 9472K, reserved 1048576K
}
Event: 14190.658 GC heap before
{Heap before GC invocations=4515 (full 3):
 PSYoungGen      total 8192K, used 6474K [0x00000000d5580000, 0x00000000d6100000, 0x0000000100000000)
  eden space 7680K, 80% used [0x00000000d5580000,0x00000000d5b92a38,0x00000000d5d00000)
  from space 512K, 50% used [0x00000000d6080000,0x00000000d60c0000,0x00000000d6100000)
  to   space 512K, 0% used [0x00000000d6000000,0x00000000d6000000,0x00000000d6080000)
 ParOldGen       total 1270272K, used 506006K [0x0000000080000000, 0x00000000cd880000, 0x00000000d5580000)
  object space 1270272K, 39% used [0x0000000080000000,0x000000009ee25ac8,0x00000000cd880000)
 Metaspace       used 68867K, committed 70656K, reserved 1114112K
  class space    used 8608K, committed 9472K, reserved 1048576K
}
Event: 14190.668 GC heap after
{Heap after GC invocations=4515 (full 3):
 PSYoungGen      total 8192K, used 384K [0x00000000d5580000, 0x00000000d6100000, 0x0000000100000000)
  eden space 7680K, 0% used [0x00000000d5580000,0x00000000d5580000,0x00000000d5d00000)
  from space 512K, 75% used [0x00000000d6000000,0x00000000d6060000,0x00000000d6080000)
  to   space 512K, 0% used [0x00000000d6080000,0x00000000d6080000,0x00000000d6100000)
 ParOldGen       total 1270272K, used 506062K [0x0000000080000000, 0x00000000cd880000, 0x00000000d5580000)
  object space 1270272K, 39% used [0x0000000080000000,0x000000009ee33ac8,0x00000000cd880000)
 Metaspace       used 68867K, committed 70656K, reserved 1114112K
  class space    used 8608K, committed 9472K, reserved 1048576K
}
Event: 14191.461 GC heap before
{Heap before GC invocations=4516 (full 3):
 PSYoungGen      total 8192K, used 7889K [0x00000000d5580000, 0x00000000d6100000, 0x0000000100000000)
  eden space 7680K, 97% used [0x00000000d5580000,0x00000000d5cd4658,0x00000000d5d00000)
  from space 512K, 75% used [0x00000000d6000000,0x00000000d6060000,0x00000000d6080000)
  to   space 512K, 0% used [0x00000000d6080000,0x00000000d6080000,0x00000000d6100000)
 ParOldGen       total 1270272K, used 506062K [0x0000000080000000, 0x00000000cd880000, 0x00000000d5580000)
  object space 1270272K, 39% used [0x0000000080000000,0x000000009ee33ac8,0x00000000cd880000)
 Metaspace       used 68867K, committed 70656K, reserved 1114112K
  class space    used 8608K, committed 9472K, reserved 1048576K
}
Event: 14191.465 GC heap after
{Heap after GC invocations=4516 (full 3):
 PSYoungGen      total 8192K, used 192K [0x00000000d5580000, 0x00000000d6100000, 0x0000000100000000)
  eden space 7680K, 0% used [0x00000000d5580000,0x00000000d5580000,0x00000000d5d00000)
  from space 512K, 37% used [0x00000000d6080000,0x00000000d60b0000,0x00000000d6100000)
  to   space 512K, 0% used [0x00000000d6000000,0x00000000d6000000,0x00000000d6080000)
 ParOldGen       total 1270272K, used 506328K [0x0000000080000000, 0x00000000cd880000, 0x00000000d5580000)
  object space 1270272K, 39% used [0x0000000080000000,0x000000009ee761c0,0x00000000cd880000)
 Metaspace       used 68867K, committed 70656K, reserved 1114112K
  class space    used 8608K, committed 9472K, reserved 1048576K
}
Event: 14192.943 GC heap before
{Heap before GC invocations=4517 (full 3):
 PSYoungGen      total 8192K, used 7872K [0x00000000d5580000, 0x00000000d6100000, 0x0000000100000000)
  eden space 7680K, 100% used [0x00000000d5580000,0x00000000d5d00000,0x00000000d5d00000)
  from space 512K, 37% used [0x00000000d6080000,0x00000000d60b0000,0x00000000d6100000)
  to   space 512K, 0% used [0x00000000d6000000,0x00000000d6000000,0x00000000d6080000)
 ParOldGen       total 1270272K, used 512464K [0x0000000080000000, 0x00000000cd880000, 0x00000000d5580000)
  object space 1270272K, 40% used [0x0000000080000000,0x000000009f474188,0x00000000cd880000)
 Metaspace       used 68867K, committed 70656K, reserved 1114112K
  class space    used 8608K, committed 9472K, reserved 1048576K
}
Event: 14192.946 GC heap after
{Heap after GC invocations=4517 (full 3):
 PSYoungGen      total 8192K, used 192K [0x00000000d5580000, 0x00000000d6100000, 0x0000000100000000)
  eden space 7680K, 0% used [0x00000000d5580000,0x00000000d5580000,0x00000000d5d00000)
  from space 512K, 37% used [0x00000000d6000000,0x00000000d6030000,0x00000000d6080000)
  to   space 512K, 0% used [0x00000000d6080000,0x00000000d6080000,0x00000000d6100000)
 ParOldGen       total 1270272K, used 512464K [0x0000000080000000, 0x00000000cd880000, 0x00000000d5580000)
  object space 1270272K, 40% used [0x0000000080000000,0x000000009f474188,0x00000000cd880000)
 Metaspace       used 68867K, committed 70656K, reserved 1114112K
  class space    used 8608K, committed 9472K, reserved 1048576K
}
Event: 14193.595 GC heap before
{Heap before GC invocations=4518 (full 3):
 PSYoungGen      total 8192K, used 7838K [0x00000000d5580000, 0x00000000d6100000, 0x0000000100000000)
  eden space 7680K, 99% used [0x00000000d5580000,0x00000000d5cf7850,0x00000000d5d00000)
  from space 512K, 37% used [0x00000000d6000000,0x00000000d6030000,0x00000000d6080000)
  to   space 512K, 0% used [0x00000000d6080000,0x00000000d6080000,0x00000000d6100000)
 ParOldGen       total 1270272K, used 512464K [0x0000000080000000, 0x00000000cd880000, 0x00000000d5580000)
  object space 1270272K, 40% used [0x0000000080000000,0x000000009f474188,0x00000000cd880000)
 Metaspace       used 68883K, committed 70656K, reserved 1114112K
  class space    used 8608K, committed 9472K, reserved 1048576K
}
Event: 14193.603 GC heap after
{Heap after GC invocations=4518 (full 3):
 PSYoungGen      total 8192K, used 483K [0x00000000d5580000, 0x00000000d6100000, 0x0000000100000000)
  eden space 7680K, 0% used [0x00000000d5580000,0x00000000d5580000,0x00000000d5d00000)
  from space 512K, 94% used [0x00000000d6080000,0x00000000d60f8f08,0x00000000d6100000)
  to   space 1024K, 0% used [0x00000000d5f00000,0x00000000d5f00000,0x00000000d6000000)
 ParOldGen       total 1270272K, used 512568K [0x0000000080000000, 0x00000000cd880000, 0x00000000d5580000)
  object space 1270272K, 40% used [0x0000000080000000,0x000000009f48e1a8,0x00000000cd880000)
 Metaspace       used 68883K, committed 70656K, reserved 1114112K
  class space    used 8608K, committed 9472K, reserved 1048576K
}

Dll operation events (19 events):
Event: 0.038 Loaded shared library c:\Users\sohai\.vscode\extensions\redhat.java-1.55.2026042408-win32-x64\jre\21.0.10-win32-x86_64\bin\java.dll
Event: 0.333 Loaded shared library c:\Users\sohai\.vscode\extensions\redhat.java-1.55.2026042408-win32-x64\jre\21.0.10-win32-x86_64\bin\zip.dll
Event: 0.339 Loaded shared library C:\Users\sohai\.vscode\extensions\redhat.java-1.55.2026042408-win32-x64\jre\21.0.10-win32-x86_64\bin\instrument.dll
Event: 0.349 Loaded shared library C:\Users\sohai\.vscode\extensions\redhat.java-1.55.2026042408-win32-x64\jre\21.0.10-win32-x86_64\bin\net.dll
Event: 0.354 Loaded shared library C:\Users\sohai\.vscode\extensions\redhat.java-1.55.2026042408-win32-x64\jre\21.0.10-win32-x86_64\bin\nio.dll
Event: 0.360 Loaded shared library C:\Users\sohai\.vscode\extensions\redhat.java-1.55.2026042408-win32-x64\jre\21.0.10-win32-x86_64\bin\zip.dll
Event: 0.387 Loaded shared library C:\Users\sohai\.vscode\extensions\redhat.java-1.55.2026042408-win32-x64\jre\21.0.10-win32-x86_64\bin\jimage.dll
Event: 0.506 Loaded shared library c:\Users\sohai\.vscode\extensions\redhat.java-1.55.2026042408-win32-x64\jre\21.0.10-win32-x86_64\bin\verify.dll
Event: 2.092 Loaded shared library C:\Users\sohai\AppData\Roaming\Code\User\globalStorage\redhat.java\1.55.2026042408\config_win\org.eclipse.equinox.launcher\org.eclipse.equinox.launcher.win32.win32.x86_64_1.3.0.v20260203-2149\eclipse_11919.dll
Event: 5.953 Loaded shared library C:\Users\sohai\.vscode\extensions\redhat.java-1.55.2026042408-win32-x64\jre\21.0.10-win32-x86_64\bin\management.dll
Event: 5.958 Loaded shared library C:\Users\sohai\.vscode\extensions\redhat.java-1.55.2026042408-win32-x64\jre\21.0.10-win32-x86_64\bin\management_ext.dll
Event: 7.583 Loaded shared library C:\Users\sohai\AppData\Local\Temp\jna-109614772\jna11014495979020820751.dll
Event: 7.991 Loaded shared library C:\Users\sohai\.vscode\extensions\redhat.java-1.55.2026042408-win32-x64\jre\21.0.10-win32-x86_64\bin\sunmscapi.dll
Event: 8.133 Loaded shared library C:\Users\sohai\.vscode\extensions\redhat.java-1.55.2026042408-win32-x64\jre\21.0.10-win32-x86_64\bin\extnet.dll
Event: 12.037 Loaded shared library C:\Users\sohai\.gradle\native\1def1411415f61bf3af743bc5b6707747c0891f09f0c88961ee8f79bc544acac\windows-amd64\native-platform.dll
Event: 147.124 Loaded shared library C:\Users\sohai\.gradle\native\c067742578af261105cb4f569cf0c3c89f3d7b1fecec35dd04571415982c5e48\windows-amd64\native-platform.dll
Event: 13652.848 Loaded shared library C:\Users\sohai\.gradle\native\c067742578af261105cb4f569cf0c3c89f3d7b1fecec35dd04571415982c5e48\windows-amd64-min\native-platform.dll
Event: 13810.034 Loaded shared library C:\Users\sohai\.gradle\native\e1d6ef7f7dcc3fd88c89a11ec53ec762bb8ba0a96d01ffa2cd45eb1d1d8dd5c5\windows-amd64\native-platform.dll
Event: 13921.040 Loaded shared library C:\Users\sohai\.gradle\native\e1d6ef7f7dcc3fd88c89a11ec53ec762bb8ba0a96d01ffa2cd45eb1d1d8dd5c5\windows-amd64-min\native-platform.dll

Deoptimization events (20 events):
Event: 14193.393 Thread 0x0000018b9bec6120 DEOPT PACKING pc=0x0000018b42d4e94c sp=0x0000006e547fd3b0
Event: 14193.393 Thread 0x0000018b9bec6120 DEOPT UNPACKING pc=0x0000018b421b3aa2 sp=0x0000006e547fd3a0 mode 2
Event: 14193.498 Thread 0x0000018b9bec6120 Uncommon trap: trap_request=0xffffffd6 fr.pc=0x0000018b42e6d5c4 relative=0x00000000000019c4
Event: 14193.498 Thread 0x0000018b9bec6120 Uncommon trap: reason=array_check action=maybe_recompile pc=0x0000018b42e6d5c4 method=org.eclipse.core.internal.events.NodeIDMap.put(JLorg/eclipse/core/runtime/IPath;Lorg/eclipse/core/runtime/IPath;)V @ 113 c2
Event: 14193.498 Thread 0x0000018b9bec6120 DEOPT PACKING pc=0x0000018b42e6d5c4 sp=0x0000006e547fe310
Event: 14193.499 Thread 0x0000018b9bec6120 DEOPT UNPACKING pc=0x0000018b421b3aa2 sp=0x0000006e547fe0c0 mode 2
Event: 14193.614 Thread 0x0000018b9bec6120 DEOPT PACKING pc=0x0000018b3b433cf9 sp=0x0000006e547fc250
Event: 14193.615 Thread 0x0000018b9bec6120 DEOPT UNPACKING pc=0x0000018b421b4242 sp=0x0000006e547fb7f8 mode 0
Event: 14195.736 Thread 0x0000018b9b8fd4d0 Uncommon trap: trap_request=0xffffffd6 fr.pc=0x0000018b42e6d5c4 relative=0x00000000000019c4
Event: 14195.736 Thread 0x0000018b9b8fd4d0 Uncommon trap: reason=array_check action=maybe_recompile pc=0x0000018b42e6d5c4 method=org.eclipse.core.internal.events.NodeIDMap.put(JLorg/eclipse/core/runtime/IPath;Lorg/eclipse/core/runtime/IPath;)V @ 113 c2
Event: 14195.736 Thread 0x0000018b9b8fd4d0 DEOPT PACKING pc=0x0000018b42e6d5c4 sp=0x0000006e53dfeca0
Event: 14195.736 Thread 0x0000018b9b8fd4d0 DEOPT UNPACKING pc=0x0000018b421b3aa2 sp=0x0000006e53dfea50 mode 2
Event: 14195.747 Thread 0x0000018b9bec6120 Uncommon trap: trap_request=0xffffffd6 fr.pc=0x0000018b42e6d5c4 relative=0x00000000000019c4
Event: 14195.747 Thread 0x0000018b9bec6120 Uncommon trap: reason=array_check action=maybe_recompile pc=0x0000018b42e6d5c4 method=org.eclipse.core.internal.events.NodeIDMap.put(JLorg/eclipse/core/runtime/IPath;Lorg/eclipse/core/runtime/IPath;)V @ 113 c2
Event: 14195.748 Thread 0x0000018b9bec6120 DEOPT PACKING pc=0x0000018b42e6d5c4 sp=0x0000006e547fec90
Event: 14195.748 Thread 0x0000018b9bec6120 DEOPT UNPACKING pc=0x0000018b421b3aa2 sp=0x0000006e547fea40 mode 2
Event: 14195.748 Thread 0x0000018b9bec6120 Uncommon trap: trap_request=0xffffffd6 fr.pc=0x0000018b42e6d3fc relative=0x00000000000017fc
Event: 14195.748 Thread 0x0000018b9bec6120 Uncommon trap: reason=array_check action=maybe_recompile pc=0x0000018b42e6d3fc method=org.eclipse.core.internal.events.NodeIDMap.put(JLorg/eclipse/core/runtime/IPath;Lorg/eclipse/core/runtime/IPath;)V @ 113 c2
Event: 14195.748 Thread 0x0000018b9bec6120 DEOPT PACKING pc=0x0000018b42e6d3fc sp=0x0000006e547fe390
Event: 14195.748 Thread 0x0000018b9bec6120 DEOPT UNPACKING pc=0x0000018b421b3aa2 sp=0x0000006e547fe200 mode 2

Classes loaded (20 events):
Event: 13586.414 Loading class sun/security/ssl/CertificateMessage$T13CertificateMessage
Event: 13586.418 Loading class sun/security/ssl/CertificateMessage$T13CertificateMessage done
Event: 13586.418 Loading class sun/security/ssl/CertificateMessage$CertificateEntry
Event: 13586.419 Loading class sun/security/ssl/CertificateMessage$CertificateEntry done
Event: 13586.528 Loading class sun/security/ssl/CertificateVerify$T13CertificateVerifyMessage
Event: 13586.533 Loading class sun/security/ssl/CertificateVerify$T13CertificateVerifyMessage done
Event: 13586.537 Loading class sun/security/ssl/SSLBasicKeyDerivation
Event: 13586.539 Loading class sun/security/ssl/SSLBasicKeyDerivation done
Event: 13586.539 Loading class sun/security/ssl/SSLBasicKeyDerivation$SecretSizeSpec
Event: 13586.539 Loading class sun/security/ssl/SSLBasicKeyDerivation$SecretSizeSpec done
Event: 13586.647 Loading class sun/security/ssl/PostHandshakeContext
Event: 13586.649 Loading class sun/security/ssl/PostHandshakeContext done
Event: 13586.650 Loading class sun/security/ssl/NewSessionTicket$T13NewSessionTicketMessage
Event: 13586.651 Loading class sun/security/ssl/NewSessionTicket$T13NewSessionTicketMessage done
Event: 13587.003 Loading class sun/security/rsa/MGF1
Event: 13587.004 Loading class sun/security/rsa/MGF1 done
Event: 13991.191 Loading class sun/net/ConnectionResetException
Event: 13991.215 Loading class sun/net/ConnectionResetException done
Event: 14063.520 Loading class sun/net/util/SocketExceptions
Event: 14063.543 Loading class sun/net/util/SocketExceptions done

Classes unloaded (20 events):
Event: 13655.370 Thread 0x0000018b94592640 Unloading class 0x0000018b54017400 'java/lang/invoke/LambdaForm$MH+0x0000018b54017400'
Event: 13655.370 Thread 0x0000018b94592640 Unloading class 0x0000018b54016c00 'java/lang/invoke/LambdaForm$MH+0x0000018b54016c00'
Event: 13655.370 Thread 0x0000018b94592640 Unloading class 0x0000018b54016400 'java/lang/invoke/LambdaForm$MH+0x0000018b54016400'
Event: 13655.370 Thread 0x0000018b94592640 Unloading class 0x0000018b54015800 'java/lang/invoke/LambdaForm$MH+0x0000018b54015800'
Event: 13655.370 Thread 0x0000018b94592640 Unloading class 0x0000018b54014c00 'java/lang/invoke/LambdaForm$MH+0x0000018b54014c00'
Event: 13655.370 Thread 0x0000018b94592640 Unloading class 0x0000018b54014800 'java/lang/invoke/LambdaForm$MH+0x0000018b54014800'
Event: 13655.370 Thread 0x0000018b94592640 Unloading class 0x0000018b54014400 'java/lang/invoke/LambdaForm$MH+0x0000018b54014400'
Event: 13655.370 Thread 0x0000018b94592640 Unloading class 0x0000018b54011800 'java/lang/invoke/LambdaForm$MH+0x0000018b54011800'
Event: 13655.370 Thread 0x0000018b94592640 Unloading class 0x0000018b54010800 'java/lang/invoke/LambdaForm$MH+0x0000018b54010800'
Event: 13655.370 Thread 0x0000018b94592640 Unloading class 0x0000018b54008c00 'java/lang/invoke/LambdaForm$MH+0x0000018b54008c00'
Event: 13655.370 Thread 0x0000018b94592640 Unloading class 0x0000018b54008800 'java/lang/invoke/LambdaForm$MH+0x0000018b54008800'
Event: 13655.370 Thread 0x0000018b94592640 Unloading class 0x0000018b54008400 'java/lang/invoke/LambdaForm$MH+0x0000018b54008400'
Event: 13655.370 Thread 0x0000018b94592640 Unloading class 0x0000018b54008000 'java/lang/invoke/LambdaForm$MH+0x0000018b54008000'
Event: 13655.370 Thread 0x0000018b94592640 Unloading class 0x0000018b54005c00 'java/lang/invoke/LambdaForm$MH+0x0000018b54005c00'
Event: 13655.370 Thread 0x0000018b94592640 Unloading class 0x0000018b54005800 'java/lang/invoke/LambdaForm$MH+0x0000018b54005800'
Event: 13655.370 Thread 0x0000018b94592640 Unloading class 0x0000018b54005400 'java/lang/invoke/LambdaForm$MH+0x0000018b54005400'
Event: 13655.371 Thread 0x0000018b94592640 Unloading class 0x0000018b54005000 'java/lang/invoke/LambdaForm$MH+0x0000018b54005000'
Event: 13655.371 Thread 0x0000018b94592640 Unloading class 0x0000018b54004c00 'java/lang/invoke/LambdaForm$MH+0x0000018b54004c00'
Event: 13655.371 Thread 0x0000018b94592640 Unloading class 0x0000018b54004800 'java/lang/invoke/LambdaForm$MH+0x0000018b54004800'
Event: 13655.371 Thread 0x0000018b94592640 Unloading class 0x0000018b54004400 'java/lang/invoke/LambdaForm$MH+0x0000018b54004400'

Classes redefined (0 events):
No events

Internal exceptions (20 events):
Event: 14193.098 Thread 0x0000018b9bec6120 Exception <a 'sun/nio/fs/WindowsException'{0x00000000d578b890}> (0x00000000d578b890) 
thrown [s\src\hotspot\share\prims\jni.cpp, line 520]
Event: 14193.098 Thread 0x0000018b9bec6120 Exception <a 'sun/nio/fs/WindowsException'{0x00000000d578c158}> (0x00000000d578c158) 
thrown [s\src\hotspot\share\prims\jni.cpp, line 520]
Event: 14193.298 Thread 0x0000018b9bec6120 Exception <a 'sun/nio/fs/WindowsException'{0x00000000d57f96c8}> (0x00000000d57f96c8) 
thrown [s\src\hotspot\share\prims\jni.cpp, line 520]
Event: 14193.298 Thread 0x0000018b9bec6120 Exception <a 'sun/nio/fs/WindowsException'{0x00000000d57f9ce0}> (0x00000000d57f9ce0) 
thrown [s\src\hotspot\share\prims\jni.cpp, line 520]
Event: 14193.309 Thread 0x0000018b9bec6120 Exception <a 'sun/nio/fs/WindowsException'{0x00000000d5864c48}> (0x00000000d5864c48) 
thrown [s\src\hotspot\share\prims\jni.cpp, line 520]
Event: 14193.309 Thread 0x0000018b9bec6120 Exception <a 'sun/nio/fs/WindowsException'{0x00000000d5865260}> (0x00000000d5865260) 
thrown [s\src\hotspot\share\prims\jni.cpp, line 520]
Event: 14193.315 Thread 0x0000018b9bec6120 Exception <a 'sun/nio/fs/WindowsException'{0x00000000d5896420}> (0x00000000d5896420) 
thrown [s\src\hotspot\share\prims\jni.cpp, line 520]
Event: 14193.315 Thread 0x0000018b9bec6120 Exception <a 'sun/nio/fs/WindowsException'{0x00000000d5896a38}> (0x00000000d5896a38) 
thrown [s\src\hotspot\share\prims\jni.cpp, line 520]
Event: 14193.321 Thread 0x0000018b9bec6120 Exception <a 'sun/nio/fs/WindowsException'{0x00000000d58c8568}> (0x00000000d58c8568) 
thrown [s\src\hotspot\share\prims\jni.cpp, line 520]
Event: 14193.321 Thread 0x0000018b9bec6120 Exception <a 'sun/nio/fs/WindowsException'{0x00000000d58c8b80}> (0x00000000d58c8b80) 
thrown [s\src\hotspot\share\prims\jni.cpp, line 520]
Event: 14193.328 Thread 0x0000018b9bec6120 Exception <a 'sun/nio/fs/WindowsException'{0x00000000d58f9c10}> (0x00000000d58f9c10) 
thrown [s\src\hotspot\share\prims\jni.cpp, line 520]
Event: 14193.328 Thread 0x0000018b9bec6120 Exception <a 'sun/nio/fs/WindowsException'{0x00000000d58fa228}> (0x00000000d58fa228) 
thrown [s\src\hotspot\share\prims\jni.cpp, line 520]
Event: 14193.334 Thread 0x0000018b9bec6120 Exception <a 'sun/nio/fs/WindowsException'{0x00000000d592b408}> (0x00000000d592b408) 
thrown [s\src\hotspot\share\prims\jni.cpp, line 520]
Event: 14193.334 Thread 0x0000018b9bec6120 Exception <a 'sun/nio/fs/WindowsException'{0x00000000d592ba20}> (0x00000000d592ba20) 
thrown [s\src\hotspot\share\prims\jni.cpp, line 520]
Event: 14193.486 Thread 0x0000018b9bec6120 Exception <a 'sun/nio/fs/WindowsException'{0x00000000d5a4d2d0}> (0x00000000d5a4d2d0) 
thrown [s\src\hotspot\share\prims\jni.cpp, line 520]
Event: 14193.486 Thread 0x0000018b9bec6120 Exception <a 'sun/nio/fs/WindowsException'{0x00000000d5a4d8e8}> (0x00000000d5a4d8e8) 
thrown [s\src\hotspot\share\prims\jni.cpp, line 520]
Event: 14193.494 Thread 0x0000018b9bec6120 Exception <a 'sun/nio/fs/WindowsException'{0x00000000d5abdbb8}> (0x00000000d5abdbb8) 
thrown [s\src\hotspot\share\prims\jni.cpp, line 520]
Event: 14193.494 Thread 0x0000018b9bec6120 Exception <a 'sun/nio/fs/WindowsException'{0x00000000d5abe1d0}> (0x00000000d5abe1d0) 
thrown [s\src\hotspot\share\prims\jni.cpp, line 520]
Event: 14195.758 Thread 0x0000018b9bec6120 Exception <a 'sun/nio/fs/WindowsException'{0x00000000d582db10}> (0x00000000d582db10) 
thrown [s\src\hotspot\share\prims\jni.cpp, line 520]
Event: 14195.758 Thread 0x0000018b9bec6120 Exception <a 'sun/nio/fs/WindowsException'{0x00000000d582e128}> (0x00000000d582e128) 
thrown [s\src\hotspot\share\prims\jni.cpp, line 520]

ZGC Phase Switch (0 events):
No events

VM Operations (20 events):
Event: 14185.525 Executing safepoint VM operation: ParallelGCFailedAllocation (Allocation Failure)
Event: 14185.526 Executing safepoint VM operation: ParallelGCFailedAllocation (Allocation Failure) done
Event: 14187.528 Executing safepoint VM operation: Cleanup
Event: 14187.531 Executing safepoint VM operation: Cleanup done
Event: 14188.402 Executing safepoint VM operation: ParallelGCFailedAllocation (Allocation Failure)
Event: 14188.443 Executing safepoint VM operation: ParallelGCFailedAllocation (Allocation Failure) done
Event: 14190.443 Executing safepoint VM operation: Cleanup
Event: 14190.443 Executing safepoint VM operation: Cleanup done
Event: 14190.658 Executing safepoint VM operation: ParallelGCFailedAllocation (Allocation Failure)
Event: 14190.668 Executing safepoint VM operation: ParallelGCFailedAllocation (Allocation Failure) done
Event: 14191.461 Executing safepoint VM operation: ParallelGCFailedAllocation (Allocation Failure)
Event: 14191.465 Executing safepoint VM operation: ParallelGCFailedAllocation (Allocation Failure) done
Event: 14192.943 Executing safepoint VM operation: ParallelGCFailedAllocation (Allocation Failure)
Event: 14192.946 Executing safepoint VM operation: ParallelGCFailedAllocation (Allocation Failure) done
Event: 14193.594 Executing safepoint VM operation: ParallelGCFailedAllocation (Allocation Failure)
Event: 14193.603 Executing safepoint VM operation: ParallelGCFailedAllocation (Allocation Failure) done
Event: 14194.603 Executing safepoint VM operation: Cleanup
Event: 14194.623 Executing safepoint VM operation: Cleanup done
Event: 14196.624 Executing safepoint VM operation: Cleanup
Event: 14196.771 Executing safepoint VM operation: Cleanup done

Memory protections (0 events):
No events

Nmethod flushes (20 events):
Event: 13656.638 Thread 0x0000018b94592640 flushing  nmethod 0x0000018b3c4f8310
Event: 13656.638 Thread 0x0000018b94592640 flushing  nmethod 0x0000018b3c4fca90
Event: 13656.638 Thread 0x0000018b94592640 flushing  nmethod 0x0000018b3c4ff910
Event: 13656.638 Thread 0x0000018b94592640 flushing  nmethod 0x0000018b3c50dd10
Event: 13656.638 Thread 0x0000018b94592640 flushing  nmethod 0x0000018b3c512b10
Event: 13656.638 Thread 0x0000018b94592640 flushing  nmethod 0x0000018b3c515090
Event: 13656.638 Thread 0x0000018b94592640 flushing  nmethod 0x0000018b3c516c10
Event: 13656.638 Thread 0x0000018b94592640 flushing  nmethod 0x0000018b3c51cf90
Event: 13656.638 Thread 0x0000018b94592640 flushing  nmethod 0x0000018b3c51d490
Event: 13656.638 Thread 0x0000018b94592640 flushing  nmethod 0x0000018b3c51ee10
Event: 13656.639 Thread 0x0000018b94592640 flushing  nmethod 0x0000018b3c522790
Event: 13656.639 Thread 0x0000018b94592640 flushing  nmethod 0x0000018b3c523790
Event: 13656.639 Thread 0x0000018b94592640 flushing  nmethod 0x0000018b3c525490
Event: 13656.639 Thread 0x0000018b94592640 flushing osr nmethod 0x0000018b3c52ec90
Event: 13656.640 Thread 0x0000018b94592640 flushing  nmethod 0x0000018b3c54ca90
Event: 13656.640 Thread 0x0000018b94592640 flushing  nmethod 0x0000018b3c54df90
Event: 13656.640 Thread 0x0000018b94592640 flushing  nmethod 0x0000018b3c574710
Event: 13656.640 Thread 0x0000018b94592640 flushing  nmethod 0x0000018b3c585390
Event: 13656.640 Thread 0x0000018b94592640 flushing  nmethod 0x0000018b3c597710
Event: 13656.640 Thread 0x0000018b94592640 flushing  nmethod 0x0000018b3c5aa590

Events (20 events):
Event: 14091.418 Thread 0x0000018b9d0596d0 Thread exited: 0x0000018b9d0596d0
Event: 14091.419 Thread 0x0000018b9a7f02e0 Thread exited: 0x0000018b9a7f02e0
Event: 14091.452 Thread 0x0000018b9a7eef30 Thread exited: 0x0000018b9a7eef30
Event: 14091.479 Thread 0x0000018babf9d7c0 Thread added: 0x0000018b9d0596d0
Event: 14091.522 Thread 0x0000018b9d0596d0 Thread added: 0x0000018b9a7eef30
Event: 14091.937 Thread 0x0000018b9d0596d0 Thread added: 0x0000018b9a7f02e0
Event: 14092.268 Thread 0x0000018b9a7f02e0 Thread added: 0x0000018babf9de50
Event: 14092.268 Thread 0x0000018b9a7f02e0 Thread added: 0x0000018b9bec5a90
Event: 14092.269 Thread 0x0000018babf9de50 Thread exited: 0x0000018babf9de50
Event: 14098.184 Thread 0x0000018b9a7f02e0 Thread exited: 0x0000018b9a7f02e0
Event: 14098.184 Thread 0x0000018b9bec5a90 Thread exited: 0x0000018b9bec5a90
Event: 14115.709 Thread 0x0000018babf9ff20 Thread exited: 0x0000018babf9ff20
Event: 14132.986 Thread 0x0000018b9a7eef30 Thread exited: 0x0000018b9a7eef30
Event: 14133.057 Thread 0x0000018b9d0596d0 Thread exited: 0x0000018b9d0596d0
Event: 14133.186 Thread 0x0000018babf9d7c0 Thread added: 0x0000018b9bec5a90
Event: 14133.323 Thread 0x0000018babf9d7c0 Thread added: 0x0000018babf9de50
Event: 14134.064 Thread 0x0000018babf9de50 Thread added: 0x0000018babf9ff20
Event: 14187.428 Thread 0x0000018babf9ff20 Thread exited: 0x0000018babf9ff20
Event: 14187.532 Thread 0x0000018babf9de50 Thread exited: 0x0000018babf9de50
Event: 14195.754 Thread 0x0000018b945a1330 Thread added: 0x0000018ba0786120


Dynamic libraries:
0x00007ff6b0c70000 - 0x00007ff6b0c7e000 	c:\Users\sohai\.vscode\extensions\redhat.java-1.55.2026042408-win32-x64\jre\21.0.10-win32-x86_64\bin\java.exe
0x00007ffa5d380000 - 0x00007ffa5d5e7000 	C:\WINDOWS\SYSTEM32\ntdll.dll
0x00007ffa5c2a0000 - 0x00007ffa5c369000 	C:\WINDOWS\System32\KERNEL32.DLL
0x00007ffa59c60000 - 0x00007ffa5a051000 	C:\WINDOWS\System32\KERNELBASE.dll
0x00007ffa5afd0000 - 0x00007ffa5b11b000 	C:\WINDOWS\System32\ucrtbase.dll
0x00007ffa28bc0000 - 0x00007ffa28bd8000 	c:\Users\sohai\.vscode\extensions\redhat.java-1.55.2026042408-win32-x64\jre\21.0.10-win32-x86_64\bin\jli.dll
0x00007ffa5bd10000 - 0x00007ffa5bed5000 	C:\WINDOWS\System32\USER32.dll
0x00007ffa28da0000 - 0x00007ffa28dbe000 	c:\Users\sohai\.vscode\extensions\redhat.java-1.55.2026042408-win32-x64\jre\21.0.10-win32-x86_64\bin\VCRUNTIME140.dll
0x00007ffa5a570000 - 0x00007ffa5a597000 	C:\WINDOWS\System32\win32u.dll
0x00007ffa5cca0000 - 0x00007ffa5cccb000 	C:\WINDOWS\System32\GDI32.dll
0x00007ffa5a5a0000 - 0x00007ffa5a6ca000 	C:\WINDOWS\System32\gdi32full.dll
0x00007ffa58ff0000 - 0x00007ffa59283000 	C:\WINDOWS\WinSxS\amd64_microsoft.windows.common-controls_6595b64144ccf1df_6.0.26100.7922_none_3e089e1ee3342171\COMCTL32.dll
0x00007ffa5a280000 - 0x00007ffa5a323000 	C:\WINDOWS\System32\msvcp_win.dll
0x00007ffa5b690000 - 0x00007ffa5b739000 	C:\WINDOWS\System32\msvcrt.dll
0x00007ffa5c080000 - 0x00007ffa5c0b1000 	C:\WINDOWS\System32\IMM32.DLL
0x00000000561f0000 - 0x00000000561fc000 	C:\Program Files (x86)\360\Total Security\safemon\SafeWrapper.dll
0x00007ffa5cd80000 - 0x00007ffa5ce3b000 	C:\WINDOWS\System32\ADVAPI32.dll
0x00007ffa5ccd0000 - 0x00007ffa5cd77000 	C:\WINDOWS\System32\sechost.dll
0x00007ffa5bf60000 - 0x00007ffa5c078000 	C:\WINDOWS\System32\RPCRT4.dll
0x00007ffa23230000 - 0x00007ffa232dc000 	C:\Program Files (x86)\360\Total Security\safemon\libzdtp64.dll
0x00007ffa5c370000 - 0x00007ffa5cacf000 	C:\WINDOWS\System32\SHELL32.dll
0x00007ffa5a110000 - 0x00007ffa5a27a000 	C:\WINDOWS\System32\wintypes.dll
0x00007ffa5b1a0000 - 0x00007ffa5b522000 	C:\WINDOWS\System32\combase.dll
0x00007ffa5c0c0000 - 0x00007ffa5c127000 	C:\WINDOWS\System32\SHLWAPI.dll
0x00007ffa5a760000 - 0x00007ffa5afc4000 	C:\WINDOWS\System32\Windows.Storage.dll
0x00007ffa59620000 - 0x00007ffa5962b000 	C:\WINDOWS\SYSTEM32\VERSION.dll
0x00007ffa50a30000 - 0x00007ffa50a3c000 	c:\Users\sohai\.vscode\extensions\redhat.java-1.55.2026042408-win32-x64\jre\21.0.10-win32-x86_64\bin\vcruntime140_1.dll
0x00007ff99eed0000 - 0x00007ff99ef5d000 	c:\Users\sohai\.vscode\extensions\redhat.java-1.55.2026042408-win32-x64\jre\21.0.10-win32-x86_64\bin\msvcp140.dll
0x00007ff993410000 - 0x00007ff9941b1000 	c:\Users\sohai\.vscode\extensions\redhat.java-1.55.2026042408-win32-x64\jre\21.0.10-win32-x86_64\bin\server\jvm.dll
0x00007ffa5bee0000 - 0x00007ffa5bf54000 	C:\WINDOWS\System32\WS2_32.dll
0x00007ffa59ac0000 - 0x00007ffa59b1e000 	C:\WINDOWS\SYSTEM32\POWRPROF.dll
0x00007ffa4bb70000 - 0x00007ffa4bba5000 	C:\WINDOWS\SYSTEM32\WINMM.dll
0x00007ffa59aa0000 - 0x00007ffa59ab4000 	C:\WINDOWS\SYSTEM32\UMPDC.dll
0x00007ffa58050000 - 0x00007ffa5806b000 	C:\WINDOWS\SYSTEM32\kernel.appcore.dll
0x00007ffa505e0000 - 0x00007ffa505ea000 	c:\Users\sohai\.vscode\extensions\redhat.java-1.55.2026042408-win32-x64\jre\21.0.10-win32-x86_64\bin\jimage.dll
0x00007ffa593b0000 - 0x00007ffa595f2000 	C:\WINDOWS\SYSTEM32\DBGHELP.DLL
0x00007ffa5cbc0000 - 0x00007ffa5cc97000 	C:\WINDOWS\System32\OLEAUT32.dll
0x00007ffa59290000 - 0x00007ffa592cb000 	C:\WINDOWS\SYSTEM32\dbgcore.DLL
0x00007ffa5a060000 - 0x00007ffa5a105000 	C:\WINDOWS\System32\bcryptPrimitives.dll
0x00007ffa296d0000 - 0x00007ffa296df000 	c:\Users\sohai\.vscode\extensions\redhat.java-1.55.2026042408-win32-x64\jre\21.0.10-win32-x86_64\bin\instrument.dll
0x00007ffa23100000 - 0x00007ffa23120000 	c:\Users\sohai\.vscode\extensions\redhat.java-1.55.2026042408-win32-x64\jre\21.0.10-win32-x86_64\bin\java.dll
0x00007ffa5c180000 - 0x00007ffa5c277000 	C:\WINDOWS\System32\SHCORE.dll
0x00007ffa59b80000 - 0x00007ffa59ba9000 	C:\WINDOWS\SYSTEM32\profapi.dll
0x00007ffa168e0000 - 0x00007ffa168f8000 	c:\Users\sohai\.vscode\extensions\redhat.java-1.55.2026042408-win32-x64\jre\21.0.10-win32-x86_64\bin\zip.dll
0x00007ffa42d50000 - 0x00007ffa42d60000 	C:\Users\sohai\.vscode\extensions\redhat.java-1.55.2026042408-win32-x64\jre\21.0.10-win32-x86_64\bin\net.dll
0x00007ffa52930000 - 0x00007ffa52a57000 	C:\WINDOWS\SYSTEM32\WINHTTP.dll
0x00007ffa58580000 - 0x00007ffa585eb000 	C:\WINDOWS\system32\mswsock.dll
0x00007ffa129a0000 - 0x00007ffa129b6000 	C:\Users\sohai\.vscode\extensions\redhat.java-1.55.2026042408-win32-x64\jre\21.0.10-win32-x86_64\bin\nio.dll
0x00007ffa29030000 - 0x00007ffa29040000 	c:\Users\sohai\.vscode\extensions\redhat.java-1.55.2026042408-win32-x64\jre\21.0.10-win32-x86_64\bin\verify.dll
0x00007ff99f0a0000 - 0x00007ff99f0e5000 	C:\Users\sohai\AppData\Roaming\Code\User\globalStorage\redhat.java\1.55.2026042408\config_win\org.eclipse.equinox.launcher\org.eclipse.equinox.launcher.win32.win32.x86_64_1.3.0.v20260203-2149\eclipse_11919.dll
0x00007ffa5b800000 - 0x00007ffa5b995000 	C:\WINDOWS\System32\ole32.dll
0x00007ffa28b80000 - 0x00007ffa28b8a000 	C:\Users\sohai\.vscode\extensions\redhat.java-1.55.2026042408-win32-x64\jre\21.0.10-win32-x86_64\bin\management.dll
0x00007ffa28b10000 - 0x00007ffa28b1c000 	C:\Users\sohai\.vscode\extensions\redhat.java-1.55.2026042408-win32-x64\jre\21.0.10-win32-x86_64\bin\management_ext.dll
0x00007ffa5c290000 - 0x00007ffa5c298000 	C:\WINDOWS\System32\PSAPI.DLL
0x00007ffa59730000 - 0x00007ffa5974b000 	C:\WINDOWS\SYSTEM32\CRYPTSP.dll
0x00007ffa58900000 - 0x00007ffa58939000 	C:\WINDOWS\system32\rsaenh.dll
0x00007ffa58630000 - 0x00007ffa58662000 	C:\WINDOWS\SYSTEM32\USERENV.dll
0x00007ffa59b50000 - 0x00007ffa59b7a000 	C:\WINDOWS\SYSTEM32\bcrypt.dll
0x00007ffa588f0000 - 0x00007ffa588fc000 	C:\WINDOWS\SYSTEM32\CRYPTBASE.dll
0x00007ffa57ba0000 - 0x00007ffa57bd3000 	C:\WINDOWS\SYSTEM32\IPHLPAPI.DLL
0x00007ffa5b7f0000 - 0x00007ffa5b7fa000 	C:\WINDOWS\System32\NSI.dll
0x00007ff996030000 - 0x00007ff996079000 	C:\Users\sohai\AppData\Local\Temp\jna-109614772\jna11014495979020820751.dll
0x00007ffa53a90000 - 0x00007ffa53aad000 	C:\WINDOWS\SYSTEM32\dhcpcsvc6.DLL
0x00007ffa53a60000 - 0x00007ffa53a83000 	C:\WINDOWS\SYSTEM32\dhcpcsvc.DLL
0x00007ffa38ff0000 - 0x00007ffa38ffe000 	C:\Users\sohai\.vscode\extensions\redhat.java-1.55.2026042408-win32-x64\jre\21.0.10-win32-x86_64\bin\sunmscapi.dll
0x00007ffa5a3f0000 - 0x00007ffa5a567000 	C:\WINDOWS\System32\CRYPT32.dll
0x00007ffa58cb0000 - 0x00007ffa58ce0000 	C:\WINDOWS\SYSTEM32\ncrypt.dll
0x00007ffa58c20000 - 0x00007ffa58c5f000 	C:\WINDOWS\SYSTEM32\NTASN1.dll
0x00007ffa57be0000 - 0x00007ffa57d0a000 	C:\WINDOWS\SYSTEM32\DNSAPI.dll
0x00007ffa526d0000 - 0x00007ffa526db000 	C:\Windows\System32\rasadhlp.dll
0x00007ffa53d40000 - 0x00007ffa53dc6000 	C:\WINDOWS\System32\fwpuclnt.dll
0x00007ffa29860000 - 0x00007ffa29869000 	C:\Users\sohai\.vscode\extensions\redhat.java-1.55.2026042408-win32-x64\jre\21.0.10-win32-x86_64\bin\extnet.dll
0x00007ff99e730000 - 0x00007ff99e757000 	C:\Users\sohai\.gradle\native\1def1411415f61bf3af743bc5b6707747c0891f09f0c88961ee8f79bc544acac\windows-amd64\native-platform.dll
0x00007ffa29ef0000 - 0x00007ffa29ef8000 	C:\WINDOWS\system32\wshunix.dll
0x00007ff9c68f0000 - 0x00007ff9c6917000 	C:\Users\sohai\.gradle\native\c067742578af261105cb4f569cf0c3c89f3d7b1fecec35dd04571415982c5e48\windows-amd64\native-platform.dll
0x00007ff99d960000 - 0x00007ff99d987000 	C:\Users\sohai\.gradle\native\c067742578af261105cb4f569cf0c3c89f3d7b1fecec35dd04571415982c5e48\windows-amd64-min\native-platform.dll
0x00007ffa329d0000 - 0x00007ffa329f7000 	C:\Users\sohai\.gradle\native\e1d6ef7f7dcc3fd88c89a11ec53ec762bb8ba0a96d01ffa2cd45eb1d1d8dd5c5\windows-amd64\native-platform.dll
0x00007ffa128f0000 - 0x00007ffa12917000 	C:\Users\sohai\.gradle\native\e1d6ef7f7dcc3fd88c89a11ec53ec762bb8ba0a96d01ffa2cd45eb1d1d8dd5c5\windows-amd64-min\native-platform.dll

JVMTI agents:
c:\Users\sohai\.vscode\extensions\redhat.java-1.55.2026042408-win32-x64\lombok\lombok-1.18.39-4050.jar path:c:\Users\sohai\.vscode\extensions\redhat.java-1.55.2026042408-win32-x64\jre\21.0.10-win32-x86_64\bin\instrument.dll, loaded, initialized, instrumentlib options:none

dbghelp: loaded successfully - version: 4.0.5 - missing functions: none
symbol engine: initialized successfully - sym options: 0x614 - pdb path: .;c:\Users\sohai\.vscode\extensions\redhat.java-1.55.2026042408-win32-x64\jre\21.0.10-win32-x86_64\bin;C:\WINDOWS\SYSTEM32;C:\WINDOWS\WinSxS\amd64_microsoft.windows.common-controls_6595b64144ccf1df_6.0.26100.7922_none_3e089e1ee3342171;C:\Program Files (x86)\360\Total Security\safemon;c:\Users\sohai\.vscode\extensions\redhat.java-1.55.2026042408-win32-x64\jre\21.0.10-win32-x86_64\bin\server;C:\Users\sohai\AppData\Roaming\Code\User\globalStorage\redhat.java\1.55.2026042408\config_win\org.eclipse.equinox.launcher\org.eclipse.equinox.launcher.win32.win32.x86_64_1.3.0.v20260203-2149;C:\Users\sohai\AppData\Local\Temp\jna-109614772;C:\Users\sohai\.gradle\native\1def1411415f61bf3af743bc5b6707747c0891f09f0c88961ee8f79bc544acac\windows-amd64;C:\Users\sohai\.gradle\native\c067742578af261105cb4f569cf0c3c89f3d7b1fecec35dd04571415982c5e48\windows-amd64;C:\Users\sohai\.gradle\native\c067742578af261105cb4f569cf0c3c89f3d7b1fecec35dd04571415982c5e48\windows-amd64-min;C:\Users\sohai\.gradle\native\e1d6ef7f7dcc3fd88c89a11ec53ec762bb8ba0a96d01ffa2cd45eb1d1d8dd5c5\windows-amd64;C:\Users\sohai\.gradle\native\e1d6ef7f7dcc3fd88c89a11ec53ec762bb8ba0a96d01ffa2cd45eb1d1d8dd5c5\windows-amd64-min

VM Arguments:
jvm_args: --add-modules=ALL-SYSTEM --add-opens=java.base/java.util=ALL-UNNAMED --add-opens=java.base/java.lang=ALL-UNNAMED --add-opens=java.base/sun.nio.fs=ALL-UNNAMED -Declipse.application=org.eclipse.jdt.ls.core.id1 -Dosgi.bundles.defaultStartLevel=4 -Declipse.product=org.eclipse.jdt.ls.core.product -Djava.import.generatesMetadataFilesAtProjectRoot=false -DDetectVMInstallationsJob.disabled=true -Dfile.encoding=utf8 -XX:+UseParallelGC -XX:GCTimeRatio=4 -XX:AdaptiveSizePolicyWeight=90 -Dsun.zip.disableMemoryMapping=true -Xmx2G -Xms100m -Xlog:disable -javaagent:c:\Users\sohai\.vscode\extensions\redhat.java-1.55.2026042408-win32-x64\lombok\lombok-1.18.39-4050.jar -XX:+HeapDumpOnOutOfMemoryError -XX:HeapDumpPath=c:\Users\sohai\AppData\Roaming\Code\User\workspaceStorage\0fd8daeb7775cd322c77dbca291a79a6\redhat.java -Daether.dependencyCollector.impl=bf -XX:+UnlockDiagnosticVMOptions -XX:+AllowArchivingWithJavaAgent -XX:+AutoCreateSharedArchive -XX:SharedArchiveFile=c:\Users\sohai\AppData\Roaming\Code\User\globalStorage\redhat.java\1.55.2026042408\jdtls.jsa 
java_command: c:\Users\sohai\.vscode\extensions\redhat.java-1.55.2026042408-win32-x64\server\plugins\org.eclipse.equinox.launcher_1.7.100.v20251111-0406.jar -configuration c:\Users\sohai\AppData\Roaming\Code\User\globalStorage\redhat.java\1.55.2026042408\config_win -data c:\Users\sohai\AppData\Roaming\Code\User\workspaceStorage\0fd8daeb7775cd322c77dbca291a79a6\redhat.java\jdt_ws --pipe=\\.\pipe\lsp-18cfd9c7620314ec83aac3ed91fd002b-sock
java_class_path (initial): c:\Users\sohai\.vscode\extensions\redhat.java-1.55.2026042408-win32-x64\server\plugins\org.eclipse.equinox.launcher_1.7.100.v20251111-0406.jar
Launcher Type: SUN_STANDARD

[Global flags]
    uintx AdaptiveSizePolicyWeight                 = 90                                        {product} {command line}
     bool AllowArchivingWithJavaAgent              = true                             {JVMCI diagnostic} {command line}
     bool AutoCreateSharedArchive                  = false                               {JVMCI product} {command line}
     intx CICompilerCount                          = 4                                         {product} {ergonomic}
    uintx GCTimeRatio                              = 4                                         {product} {command line}
     bool HeapDumpOnOutOfMemoryError               = true                                   {manageable} {command line}
    ccstr HeapDumpPath                             = c:\Users\sohai\AppData\Roaming\Code\User\workspaceStorage\0fd8daeb7775cd322c77dbca291a79a6\redhat.java         {manageable} {command line}
   size_t InitialHeapSize                          = 104857600                                 {product} {command line}
   size_t MaxHeapSize                              = 2147483648                                {product} {command line}
   size_t MaxNewSize                               = 715653120                                 {product} {ergonomic}
   size_t MinHeapDeltaBytes                        = 524288                                    {product} {ergonomic}
   size_t MinHeapSize                              = 104857600                                 {product} {command line}
   size_t NewSize                                  = 34603008                                  {product} {ergonomic}
    uintx NonNMethodCodeHeapSize                   = 5839372                                {pd product} {ergonomic}
    uintx NonProfiledCodeHeapSize                  = 122909434                              {pd product} {ergonomic}
   size_t OldSize                                  = 70254592                                  {product} {ergonomic}
    uintx ProfiledCodeHeapSize                     = 122909434                              {pd product} {ergonomic}
    uintx ReservedCodeCacheSize                    = 251658240                              {pd product} {ergonomic}
     bool SegmentedCodeCache                       = true                                      {product} {ergonomic}
    ccstr SharedArchiveFile                        = c:\Users\sohai\AppData\Roaming\Code\User\globalStorage\redhat.java\1.55.2026042408\jdtls.jsa      {JVMCI product} {command line}
   size_t SoftMaxHeapSize                          = 2147483648                             {manageable} {ergonomic}
     bool UnlockDiagnosticVMOptions                = true                                   {diagnostic} {command line}
     bool UseCompressedOops                        = true                           {product lp64_product} {ergonomic}
     bool UseLargePagesIndividualAllocation        = false                                  {pd product} {ergonomic}
     bool UseParallelGC                            = true                                      {product} {command line}

Logging:
Log output configuration:
 #0: stdout all=off uptime,level,tags foldmultilines=false
 #1: stderr all=off uptime,level,tags foldmultilines=false

Release file:
JAVA_VERSION="21.0.10" 
MODULES="java.base java.compiler java.datatransfer java.xml java.prefs java.desktop java.instrument java.logging java.management java.security.sasl java.naming java.rmi java.management.rmi java.net.http java.scripting java.security.jgss java.transaction.xa java.sql java.sql.rowset java.xml.crypto java.se java.smartcardio jdk.accessibility jdk.internal.jvmstat jdk.attach jdk.charsets jdk.internal.opt jdk.zipfs jdk.compiler jdk.crypto.ec jdk.crypto.cryptoki jdk.crypto.mscapi jdk.dynalink jdk.internal.ed jdk.editpad jdk.hotspot.agent jdk.httpserver jdk.internal.le jdk.internal.vm.ci jdk.internal.vm.compiler jdk.internal.vm.compiler.management jdk.jartool jdk.javadoc jdk.jcmd jdk.management jdk.management.agent jdk.jconsole jdk.jdeps jdk.jdwp.agent jdk.jdi jdk.jfr jdk.jshell jdk.jsobject jdk.jstatd jdk.localedata jdk.management.jfr jdk.naming.dns jdk.naming.rmi jdk.net jdk.nio.mapmode jdk.random jdk.sctp jdk.security.auth jdk.security.jgss jdk.unsupported jdk.unsupported.desktop jdk.xml.dom" 

Environment Variables:
JAVA_HOME=C:\Program Files\Java\jdk-23
PATH=C:\Users\sohai\AppData\Local\Programs\Microsoft VS Code;C:\Program Files\Common Files\Oracle\Java\javapath;C:\Windows\system32;C:\Windows;C:\Windows\System32\Wbem;C:\Windows\System32\WindowsPowerShell\v1.0\;C:\Windows\System32\OpenSSH\;C:\Program Files (x86)\NVIDIA Corporation\PhysX\Common;C:\Program Files\NVIDIA Corporation\NVIDIA NvDLISR;C:\Program Files\dotnet\;C:\Program Files (x86)\Windows Kits\10\Windows Performance Toolkit\;C:\WINDOWS\system32;C:\WINDOWS;C:\WINDOWS\System32\Wbem;C:\WINDOWS\System32\WindowsPowerShell\v1.0\;C:\WINDOWS\System32\OpenSSH\;C:\Program Files\Git\cmd;C:\Program Files\nodejs\;C:\flutter\bin;C:\Users\sohai\AppData\Local\Programs\Python\Python313\Scripts\;C:\Users\sohai\AppData\Local\Programs\Python\Python313\;C:\Users\sohai\AppData\Local\Programs\Python\Launcher\;C:\Users\sohai\AppData\Local\Microsoft\WindowsApps;C:\Users\sohai\AppData\Local\Programs\Microsoft VS Code\bin;C:\Users\sohai\.dotnet\tools;C:\Program Files\JetBrains\PyCharm 2024.3.1.1\bin;;C:\Users\sohai\AppData\Local\GitHubDesktop\bin;C:\Program Files\JetBrains\PyCharm Community Edition 2024.3.1.1\bin;;C:\Users\sohai\AppData\Roaming\npm;
USERNAME=sohai
OS=Windows_NT
PROCESSOR_IDENTIFIER=AMD64 Family 25 Model 68 Stepping 1, AuthenticAMD
TMP=C:\Users\sohai\AppData\Local\Temp
TEMP=C:\Users\sohai\AppData\Local\Temp




Periodic native trim disabled

---------------  S Y S T E M  ---------------

OS:
 Windows 11 , 64 bit Build 26100 (10.0.26100.7920)
OS uptime: 0 days 11:32 hours
Hyper-V role detected

CPU: total 12 (initial active 12) (12 cores per cpu, 2 threads per core) family 25 model 68 stepping 1 microcode 0xa404102, cx8, cmov, fxsr, ht, mmx, 3dnowpref, sse, sse2, sse3, ssse3, sse4a, sse4.1, sse4.2, popcnt, lzcnt, tsc, tscinvbit, avx, avx2, aes, erms, clmul, bmi1, bmi2, adx, sha, fma, vzeroupper, clflush, clflushopt, hv, rdtscp, rdpid, fsrm, f16c, cet_ss
Processor Information for processor 0
  Max Mhz: 3301, Current Mhz: 2496, Mhz Limit: 3301
Processor Information for processor 1
  Max Mhz: 3301, Current Mhz: 2496, Mhz Limit: 3301
Processor Information for processor 2
  Max Mhz: 3301, Current Mhz: 2496, Mhz Limit: 3301
Processor Information for processor 3
  Max Mhz: 3301, Current Mhz: 2496, Mhz Limit: 3301
Processor Information for processor 4
  Max Mhz: 3301, Current Mhz: 2496, Mhz Limit: 3301
Processor Information for processor 5
  Max Mhz: 3301, Current Mhz: 2496, Mhz Limit: 3301
Processor Information for processor 6
  Max Mhz: 3301, Current Mhz: 2496, Mhz Limit: 3301
Processor Information for processor 7
  Max Mhz: 3301, Current Mhz: 2496, Mhz Limit: 3301
Processor Information for processor 8
  Max Mhz: 3301, Current Mhz: 2496, Mhz Limit: 3301
Processor Information for processor 9
  Max Mhz: 3301, Current Mhz: 2024, Mhz Limit: 3301
Processor Information for processor 10
  Max Mhz: 3301, Current Mhz: 2024, Mhz Limit: 3301
Processor Information for processor 11
  Max Mhz: 3301, Current Mhz: 2496, Mhz Limit: 3301

Memory: 4k page, system-wide physical 7419M (643M free)
TotalPageFile size 29947M (AvailPageFile size 20M)
current process WorkingSet (physical memory assigned to process): 164M, peak: 1156M
current process commit charge ("private bytes"): 1763M, peak: 1794M

vm_info: OpenJDK 64-Bit Server VM (21.0.10+7-LTS) for windows-amd64 JRE (21.0.10+7-LTS), built on 2026-01-20T00:00:00Z by "admin" with MS VC++ 17.12 (VS2022)

END.
